TN:
SF:src/app/app.html
FNF:0
FNH:0
DA:1,1
LF:1
LH:1
BRF:0
BRH:0
end_of_record
TN:
SF:src/app/app.routes.ts
FN:8,(anonymous_0)
FN:9,(anonymous_1)
FN:13,(anonymous_2)
FN:14,(anonymous_3)
FN:18,(anonymous_4)
FN:19,(anonymous_5)
FN:23,(anonymous_6)
FN:23,(anonymous_7)
FN:28,(anonymous_8)
FN:29,(anonymous_9)
FN:33,(anonymous_10)
FN:34,(anonymous_11)
FN:40,(anonymous_12)
FN:41,(anonymous_13)
FN:49,(anonymous_14)
FN:50,(anonymous_15)
FN:56,(anonymous_16)
FN:57,(anonymous_17)
FN:63,(anonymous_18)
FN:64,(anonymous_19)
FN:72,(anonymous_20)
FN:73,(anonymous_21)
FN:79,(anonymous_22)
FN:80,(anonymous_23)
FN:86,(anonymous_24)
FN:87,(anonymous_25)
FN:93,(anonymous_26)
FN:94,(anonymous_27)
FN:100,(anonymous_28)
FN:101,(anonymous_29)
FN:107,(anonymous_30)
FN:108,(anonymous_31)
FN:120,(anonymous_32)
FN:121,(anonymous_33)
FN:131,(anonymous_34)
FN:132,(anonymous_35)
FNF:36
FNH:36
FNDA:3,(anonymous_0)
FNDA:3,(anonymous_1)
FNDA:2,(anonymous_2)
FNDA:2,(anonymous_3)
FNDA:2,(anonymous_4)
FNDA:2,(anonymous_5)
FNDA:14,(anonymous_6)
FNDA:14,(anonymous_7)
FNDA:3,(anonymous_8)
FNDA:3,(anonymous_9)
FNDA:2,(anonymous_10)
FNDA:2,(anonymous_11)
FNDA:2,(anonymous_12)
FNDA:2,(anonymous_13)
FNDA:2,(anonymous_14)
FNDA:2,(anonymous_15)
FNDA:2,(anonymous_16)
FNDA:2,(anonymous_17)
FNDA:2,(anonymous_18)
FNDA:2,(anonymous_19)
FNDA:2,(anonymous_20)
FNDA:2,(anonymous_21)
FNDA:2,(anonymous_22)
FNDA:2,(anonymous_23)
FNDA:2,(anonymous_24)
FNDA:2,(anonymous_25)
FNDA:2,(anonymous_26)
FNDA:2,(anonymous_27)
FNDA:2,(anonymous_28)
FNDA:2,(anonymous_29)
FNDA:3,(anonymous_30)
FNDA:3,(anonymous_31)
FNDA:13,(anonymous_32)
FNDA:13,(anonymous_33)
FNDA:6,(anonymous_34)
FNDA:6,(anonymous_35)
DA:5,3
DA:9,3
DA:14,2
DA:19,2
DA:23,14
DA:29,3
DA:34,2
DA:35,2
DA:41,2
DA:42,2
DA:50,2
DA:51,2
DA:57,2
DA:58,2
DA:64,2
DA:65,2
DA:73,2
DA:74,2
DA:80,2
DA:81,2
DA:87,2
DA:88,2
DA:94,2
DA:95,2
DA:101,2
DA:102,2
DA:108,3
DA:121,13
DA:132,6
LF:29
LH:29
BRF:0
BRH:0
end_of_record
TN:
SF:src/app/app.ts
FN:10,template
FNF:1
FNH:1
FNDA:1,template
DA:10,2
LF:1
LH:1
BRDA:10,0,0,1
BRDA:10,0,1,1
BRDA:10,1,0,1
BRDA:10,1,1,1
BRDA:10,2,0,1
BRDA:10,2,1,1
BRDA:10,2,2,1
BRDA:10,3,0,1
BRDA:10,3,1,1
BRDA:10,3,2,1
BRF:10
BRH:10
end_of_record
TN:
SF:src/app/core/auth/auth.service.ts
FN:30,(anonymous_0)
FN:32,(anonymous_1)
FN:37,(anonymous_2)
FN:51,(anonymous_3)
FN:59,(anonymous_4)
FN:64,constructor
FN:69,login
FN:74,demoLogin
FN:78,logout
FN:89,authenticate
FN:91,(anonymous_10)
FN:99,storeToken
FN:109,readStoredToken
FN:117,clearStoredToken
FN:125,decodePayload
FNF:15
FNH:15
FNDA:54,(anonymous_0)
FNDA:50,(anonymous_1)
FNDA:42,(anonymous_2)
FNDA:4,(anonymous_3)
FNDA:4,(anonymous_4)
FNDA:74,constructor
FNDA:5,login
FNDA:2,demoLogin
FNDA:5,logout
FNDA:7,authenticate
FNDA:3,(anonymous_10)
FNDA:3,storeToken
FNDA:74,readStoredToken
FNDA:5,clearStoredToken
FNDA:54,decodePayload
DA:10,3
DA:22,74
DA:23,74
DA:25,74
DA:28,74
DA:30,74
DA:32,74
DA:33,50
DA:34,50
DA:37,74
DA:38,42
DA:39,24
DA:41,18
DA:42,42
DA:51,74
DA:59,74
DA:60,4
DA:61,4
DA:66,74
DA:70,5
DA:75,2
DA:79,5
DA:80,5
DA:90,7
DA:92,3
DA:93,3
DA:100,3
DA:101,3
DA:106,3
DA:110,74
DA:111,74
DA:113,0
DA:118,5
DA:119,5
DA:126,54
DA:127,26
DA:129,28
DA:130,28
DA:131,28
DA:132,1
DA:134,27
DA:135,27
DA:136,27
DA:137,27
DA:139,0
LF:45
LH:43
BRDA:34,0,0,50
BRDA:34,0,1,24
BRDA:38,1,0,24
BRDA:38,1,1,18
BRDA:42,2,0,18
BRDA:42,2,1,0
BRDA:42,3,0,42
BRDA:42,3,1,5
BRDA:51,4,0,4
BRDA:51,4,1,2
BRDA:61,5,0,1
BRDA:61,5,1,3
BRDA:92,6,0,3
BRDA:92,6,1,0
BRDA:92,7,0,3
BRDA:92,7,1,3
BRDA:126,8,0,26
BRDA:126,8,1,28
BRDA:131,9,0,1
BRDA:131,9,1,27
BRDA:137,10,0,27
BRDA:137,10,1,0
BRDA:137,11,0,27
BRDA:137,11,1,27
BRDA:22,12,0,74
BRDA:22,12,1,74
BRDA:22,13,0,3
BRDA:22,13,1,3
BRDA:22,13,2,3
BRF:29
BRH:26
end_of_record
TN:
SF:src/app/core/auth/idle-logout.service.ts
FN:66,start
FN:77,(anonymous_1)
FN:78,(anonymous_2)
FN:83,stop
FN:102,notifyActivity
FN:112,(anonymous_5)
FN:114,rearm
FN:128,arm
FN:131,(anonymous_8)
FN:132,(anonymous_9)
FN:135,clearTimers
FN:146,expire
FNF:12
FNH:12
FNDA:27,start
FNDA:100,(anonymous_1)
FNDA:15,(anonymous_2)
FNDA:40,stop
FNDA:1,notifyActivity
FNDA:8,(anonymous_5)
FNDA:23,rearm
FNDA:46,arm
FNDA:12,(anonymous_8)
FNDA:5,(anonymous_9)
FNDA:86,clearTimers
FNDA:5,expire
DA:15,2
DA:23,2
DA:26,2
DA:35,2
DA:49,26
DA:50,26
DA:51,26
DA:52,26
DA:54,26
DA:55,26
DA:56,26
DA:57,26
DA:58,26
DA:60,26
DA:63,26
DA:67,27
DA:68,1
DA:70,26
DA:71,26
DA:72,104
DA:76,26
DA:77,100
DA:78,15
DA:79,26
DA:84,40
DA:85,40
DA:86,40
DA:87,40
DA:88,160
DA:90,40
DA:91,40
DA:92,40
DA:103,1
DA:104,0
DA:106,1
DA:107,1
DA:112,8
DA:115,23
DA:116,0
DA:118,23
DA:121,23
DA:122,4
DA:124,19
DA:125,19
DA:129,46
DA:130,46
DA:131,46
DA:132,46
DA:136,86
DA:137,46
DA:138,46
DA:140,86
DA:141,46
DA:142,46
DA:147,5
DA:148,5
DA:149,5
LF:57
LH:55
BRDA:67,0,0,1
BRDA:67,0,1,26
BRDA:103,1,0,0
BRDA:103,1,1,1
BRDA:115,2,0,0
BRDA:115,2,1,23
BRDA:121,3,0,4
BRDA:121,3,1,19
BRDA:121,4,0,23
BRDA:121,4,1,19
BRDA:136,5,0,46
BRDA:136,5,1,40
BRDA:140,6,0,46
BRDA:140,6,1,40
BRDA:49,7,0,26
BRDA:49,7,1,26
BRDA:49,8,0,2
BRDA:49,8,1,2
BRDA:49,8,2,2
BRF:19
BRH:17
end_of_record
TN:
SF:src/app/core/config/demo-mode.ts
FN:14,(anonymous_0)
FNF:1
FNH:1
FNDA:12,(anonymous_0)
DA:12,2
DA:14,12
LF:2
LH:2
BRF:0
BRH:0
end_of_record
TN:
SF:src/app/core/config/external-links.ts
FNF:0
FNH:0
DA:6,3
DA:7,3
LF:2
LH:2
BRF:0
BRH:0
end_of_record
TN:
SF:src/app/core/format/format.service.ts
FN:60,(anonymous_0)
FN:68,setDateFormat
FN:76,setNumberFormat
FN:85,formatDate
FN:98,formatDateTime
FN:106,formatCurrency
FN:122,formatNumber
FN:140,formatMonth
FN:158,formatPercent
FN:171,previewDate
FN:175,previewCurrency
FN:185,assemble
FN:187,(anonymous_12)
FN:187,(anonymous_13)
FN:206,formatter
FN:218,currencyFormatter
FN:229,numberFormatter
FN:241,percentFormatter
FN:250,toDate
FN:258,toSupported
FN:262,readStored
FN:271,persist
FNF:22
FNH:22
FNDA:351,(anonymous_0)
FNDA:8,setDateFormat
FNDA:23,setNumberFormat
FNDA:729,formatDate
FNDA:515,formatDateTime
FNDA:1660,formatCurrency
FNDA:16,formatNumber
FNDA:9,formatMonth
FNDA:8,formatPercent
FNDA:48,previewDate
FNDA:32,previewCurrency
FNDA:52,assemble
FNDA:156,(anonymous_12)
FNDA:468,(anonymous_13)
FNDA:1284,formatter
FNDA:1688,currencyFormatter
FNDA:13,numberFormatter
FNDA:6,percentFormatter
FNDA:1244,toDate
FNDA:729,toSupported
FNDA:698,readStored
FNDA:30,persist
DA:5,3
DA:9,3
DA:13,3
DA:14,3
DA:17,3
DA:20,3
DA:26,3
DA:43,349
DA:44,349
DA:46,349
DA:47,349
DA:51,349
DA:52,349
DA:60,349
DA:61,351
DA:62,351
DA:69,8
DA:70,8
DA:71,7
DA:72,7
DA:77,23
DA:78,23
DA:79,23
DA:80,23
DA:86,729
DA:87,729
DA:88,6
DA:90,723
DA:91,723
DA:92,719
DA:94,4
DA:99,515
DA:100,515
DA:101,6
DA:103,509
DA:107,1660
DA:108,1660
DA:109,4
DA:111,1656
DA:123,16
DA:124,16
DA:125,3
DA:127,13
DA:141,9
DA:142,9
DA:143,5
DA:147,4
DA:148,4
DA:159,8
DA:160,2
DA:162,6
DA:172,48
DA:176,32
DA:186,52
DA:187,468
DA:188,52
DA:198,3
DA:200,3
DA:207,1284
DA:208,1284
DA:209,1284
DA:210,15
DA:211,15
DA:213,1284
DA:216,3
DA:219,1688
DA:220,1688
DA:221,6
DA:222,6
DA:224,1688
DA:227,3
DA:230,13
DA:231,13
DA:232,4
DA:233,4
DA:235,13
DA:238,3
DA:242,6
DA:243,6
DA:244,4
DA:245,4
DA:247,6
DA:251,1244
DA:252,11
DA:254,1233
DA:255,1244
DA:259,729
DA:263,698
DA:264,698
DA:267,0
DA:272,30
DA:273,30
LF:92
LH:91
BRDA:62,0,0,342
BRDA:62,0,1,9
BRDA:70,1,0,7
BRDA:70,1,1,1
BRDA:78,2,0,23
BRDA:78,2,1,0
BRDA:87,3,0,6
BRDA:87,3,1,723
BRDA:91,4,0,719
BRDA:91,4,1,4
BRDA:100,5,0,6
BRDA:100,5,1,509
BRDA:107,6,0,0
BRDA:107,6,1,1660
BRDA:108,7,0,4
BRDA:108,7,1,1656
BRDA:108,8,0,1660
BRDA:108,8,1,1658
BRDA:108,8,2,1656
BRDA:123,9,0,1
BRDA:123,9,1,15
BRDA:124,10,0,3
BRDA:124,10,1,13
BRDA:124,11,0,16
BRDA:124,11,1,15
BRDA:124,11,2,14
BRDA:141,12,0,9
BRDA:141,12,1,2
BRDA:142,13,0,5
BRDA:142,13,1,4
BRDA:143,14,0,5
BRDA:143,14,1,2
BRDA:159,15,0,2
BRDA:159,15,1,6
BRDA:159,16,0,8
BRDA:159,16,1,7
BRDA:159,16,2,6
BRDA:187,17,0,156
BRDA:187,17,1,0
BRDA:43,18,0,349
BRDA:43,18,1,349
BRDA:43,19,0,3
BRDA:43,19,1,3
BRDA:43,19,2,3
BRDA:209,20,0,15
BRDA:209,20,1,1269
BRDA:220,21,0,6
BRDA:220,21,1,1682
BRDA:231,22,0,4
BRDA:231,22,1,9
BRDA:243,23,0,4
BRDA:243,23,1,2
BRDA:251,24,0,11
BRDA:251,24,1,1233
BRDA:251,25,0,1244
BRDA:251,25,1,1237
BRDA:251,25,2,1234
BRDA:254,26,0,562
BRDA:254,26,1,671
BRDA:255,27,0,1
BRDA:255,27,1,1232
BRDA:259,28,0,32
BRDA:259,28,1,697
BRDA:264,29,0,698
BRDA:264,29,1,696
BRDA:264,30,0,698
BRDA:264,30,1,696
BRF:67
BRH:64
end_of_record
TN:
SF:src/app/core/guards/auth.guard.ts
FN:6,(anonymous_0)
FN:17,(anonymous_1)
FNF:2
FNH:2
FNDA:14,(anonymous_0)
FNDA:2,(anonymous_1)
DA:6,3
DA:7,14
DA:8,14
DA:10,14
DA:17,3
DA:18,2
DA:19,2
DA:21,2
LF:8
LH:8
BRDA:10,0,0,13
BRDA:10,0,1,1
BRDA:21,1,0,1
BRDA:21,1,1,1
BRDA:21,2,0,2
BRDA:21,2,1,2
BRF:6
BRH:6
end_of_record
TN:
SF:src/app/core/health/health.service.ts
FN:36,check
FN:40,(anonymous_1)
FN:41,(anonymous_2)
FN:46,elapsed
FNF:4
FNH:4
FNDA:10,check
FNDA:2,(anonymous_1)
FNDA:1,(anonymous_2)
FNDA:3,elapsed
DA:20,34
DA:21,34
DA:25,34
DA:37,10
DA:39,10
DA:40,2
DA:41,1
DA:47,3
LF:8
LH:8
BRDA:20,0,0,34
BRDA:20,0,1,34
BRDA:20,1,0,3
BRDA:20,1,1,3
BRDA:20,1,2,3
BRF:5
BRH:5
end_of_record
TN:
SF:src/app/core/i18n/language.service.ts
FN:25,initialize
FN:33,setLanguage
FN:43,resolveInitialLanguage
FN:51,toSupported
FN:57,readStored
FN:65,persist
FNF:6
FNH:6
FNDA:416,initialize
FNDA:107,setLanguage
FNDA:416,resolveInitialLanguage
FNDA:523,toSupported
FNDA:416,readStored
FNDA:501,persist
DA:5,3
DA:9,3
DA:11,3
DA:14,570
DA:15,570
DA:17,570
DA:19,570
DA:26,416
DA:27,416
DA:28,416
DA:29,416
DA:34,107
DA:35,107
DA:36,22
DA:38,85
DA:39,85
DA:40,85
DA:44,416
DA:45,416
DA:46,55
DA:48,361
DA:52,523
DA:58,416
DA:59,416
DA:61,0
DA:66,501
DA:67,501
LF:27
LH:26
BRDA:35,0,0,22
BRDA:35,0,1,85
BRDA:45,1,0,55
BRDA:45,1,1,361
BRDA:48,2,0,2
BRDA:48,2,1,359
BRDA:52,3,0,140
BRDA:52,3,1,383
BRDA:14,4,0,570
BRDA:14,4,1,570
BRDA:14,5,0,3
BRDA:14,5,1,3
BRDA:14,5,2,3
BRF:13
BRH:13
end_of_record
TN:
SF:src/app/core/interceptors/auth.interceptor.ts
FN:8,(anonymous_0)
FNF:1
FNH:1
FNDA:3,(anonymous_0)
DA:8,1
DA:9,3
DA:11,3
DA:12,3
DA:13,1
DA:16,3
LF:6
LH:6
BRDA:12,0,0,1
BRDA:12,0,1,2
BRDA:12,1,0,3
BRDA:12,1,1,2
BRF:4
BRH:4
end_of_record
TN:
SF:src/app/core/interceptors/error.interceptor.ts
FN:24,constructor
FN:40,(anonymous_1)
FN:45,(anonymous_2)
FN:63,(anonymous_3)
FN:73,extractCode
FN:87,extractMessage
FNF:6
FNH:6
FNDA:18,constructor
FNDA:12,(anonymous_1)
FNDA:11,(anonymous_2)
FNDA:11,(anonymous_3)
FNDA:11,extractCode
FNDA:11,extractMessage
DA:9,2
DA:11,2
DA:23,2
DA:26,18
DA:27,18
DA:29,18
DA:30,18
DA:40,2
DA:41,12
DA:42,12
DA:44,12
DA:46,11
DA:48,11
DA:49,2
DA:53,2
DA:54,1
DA:62,11
DA:63,11
DA:74,11
DA:75,0
DA:77,11
DA:78,11
DA:79,2
DA:80,2
DA:81,1
DA:84,10
DA:88,11
DA:89,0
DA:91,11
DA:92,11
DA:93,7
DA:94,7
DA:95,7
DA:98,4
LF:34
LH:32
BRDA:46,0,0,11
BRDA:46,0,1,11
BRDA:48,1,0,2
BRDA:48,1,1,9
BRDA:48,2,0,11
BRDA:48,2,1,4
BRDA:53,3,0,1
BRDA:53,3,1,1
BRDA:62,4,0,11
BRDA:62,4,1,0
BRDA:74,5,0,0
BRDA:74,5,1,11
BRDA:78,6,0,2
BRDA:78,6,1,9
BRDA:78,7,0,11
BRDA:78,7,1,7
BRDA:78,7,2,7
BRDA:80,8,0,1
BRDA:80,8,1,1
BRDA:80,9,0,2
BRDA:80,9,1,1
BRDA:88,10,0,0
BRDA:88,10,1,11
BRDA:92,11,0,7
BRDA:92,11,1,4
BRDA:92,12,0,11
BRDA:92,12,1,7
BRDA:92,12,2,7
BRDA:94,13,0,7
BRDA:94,13,1,0
BRDA:94,14,0,7
BRDA:94,14,1,7
BRF:32
BRH:28
end_of_record
TN:
SF:src/app/core/layout/layout.ts
FNF:0
FNH:0
DA:7,2
DA:16,2
LF:2
LH:2
BRF:0
BRH:0
end_of_record
TN:
SF:src/app/core/notifications/notification.service.ts
FN:14,success
FN:18,error
FN:22,show
FN:30,resolve
FNF:4
FNH:4
FNDA:5,success
FNDA:2,error
FNDA:7,show
FNDA:7,resolve
DA:5,3
DA:7,3
DA:10,7
DA:11,7
DA:12,7
DA:15,5
DA:19,2
DA:23,7
DA:31,7
DA:32,7
LF:10
LH:10
BRDA:32,0,0,4
BRDA:32,0,1,3
BRDA:32,1,0,7
BRDA:32,1,1,6
BRDA:10,2,0,7
BRDA:10,2,1,7
BRDA:10,3,0,3
BRDA:10,3,1,3
BRDA:10,3,2,3
BRF:9
BRH:9
end_of_record
TN:
SF:src/app/core/theme/theme.service.ts
FN:23,initialize
FN:28,setTheme
FN:40,toggle
FN:44,resolveInitialTheme
FN:52,prefersDark
FN:61,toSupported
FN:65,readStored
FN:73,persist
FNF:8
FNH:8
FNDA:20,initialize
FNDA:83,setTheme
FNDA:3,toggle
FNDA:20,resolveInitialTheme
FNDA:19,prefersDark
FNDA:103,toSupported
FNDA:20,readStored
FNDA:60,persist
DA:4,3
DA:8,3
DA:10,3
DA:12,3
DA:15,244
DA:16,244
DA:18,244
DA:20,244
DA:24,20
DA:29,83
DA:30,83
DA:31,23
DA:35,60
DA:36,60
DA:37,60
DA:41,3
DA:45,20
DA:46,20
DA:47,1
DA:49,19
DA:53,19
DA:54,19
DA:57,15
DA:62,103
DA:66,20
DA:67,20
DA:69,0
DA:74,60
DA:75,60
LF:29
LH:28
BRDA:30,0,0,23
BRDA:30,0,1,60
BRDA:41,1,0,1
BRDA:41,1,1,2
BRDA:46,2,0,1
BRDA:46,2,1,19
BRDA:49,3,0,2
BRDA:49,3,1,17
BRDA:54,4,0,19
BRDA:54,4,1,0
BRDA:62,5,0,61
BRDA:62,5,1,42
BRDA:15,6,0,244
BRDA:15,6,1,244
BRDA:15,7,0,3
BRDA:15,7,1,3
BRDA:15,7,2,3
BRF:17
BRH:16
end_of_record
TN:
SF:src/app/features/audit/audit.service.ts
FN:20,productChanges
FN:25,userChanges
FN:39,changes
FNF:3
FNH:3
FNDA:1,productChanges
FNDA:1,userChanges
FNDA:2,changes
DA:14,4
DA:15,4
DA:17,4
DA:21,1
DA:26,1
DA:40,2
DA:41,2
DA:42,1
DA:44,2
DA:45,1
DA:47,2
LF:11
LH:11
BRDA:41,0,0,1
BRDA:41,0,1,1
BRDA:44,1,0,1
BRDA:44,1,1,1
BRDA:14,2,0,4
BRDA:14,2,1,4
BRDA:14,3,0,3
BRDA:14,3,1,3
BRDA:14,3,2,3
BRF:9
BRH:9
end_of_record
TN:
SF:src/app/features/audit/change-history/change-history.component.html
FN:9,ChangeHistoryComponent_Template_button_click_4_listener
FNF:1
FNH:1
FNDA:2,ChangeHistoryComponent_Template_button_click_4_listener
DA:1,15
DA:3,18
DA:4,14
DA:6,4
DA:8,15
DA:9,15
DA:10,18
DA:11,15
DA:14,18
DA:15,1
DA:19,18
DA:20,1
DA:23,18
DA:24,1
DA:27,15
DA:28,18
DA:29,28
DA:31,28
DA:33,10
DA:35,13
DA:38,13
DA:39,10
DA:41,15
DA:42,12
DA:43,15
DA:44,12
DA:45,15
DA:48,22
DA:50,22
DA:51,28
DA:52,6
DA:53,6
DA:54,6
DA:57,28
DA:58,5
DA:60,23
DA:61,23
DA:62,17
DA:65,28
DA:69,15
LF:40
LH:40
BRDA:31,0,0,13
BRDA:31,0,1,15
BRDA:51,1,0,6
BRDA:51,1,1,22
BRDA:57,2,0,5
BRDA:57,2,1,23
BRDA:3,3,0,14
BRDA:3,3,1,4
BRDA:14,4,0,1
BRDA:14,4,1,17
BRDA:19,5,0,1
BRDA:19,5,1,17
BRDA:23,6,0,1
BRDA:23,6,1,17
BRDA:23,7,0,18
BRDA:23,7,1,17
BRDA:23,7,2,16
BRF:17
BRH:17
end_of_record
TN:
SF:src/app/features/audit/change-history/change-history.component.ts
FN:44,constructor
FN:47,(anonymous_1)
FN:51,isLifecycle
FN:59,isSelfActor
FN:64,goBack
FN:74,load
FN:92,(anonymous_6)
FN:97,(anonymous_7)
FN:33,template
FNF:9
FNH:9
FNDA:15,constructor
FNDA:16,(anonymous_1)
FNDA:56,isLifecycle
FNDA:28,isSelfActor
FNDA:2,goBack
FNDA:16,load
FNDA:14,(anonymous_6)
FNDA:1,(anonymous_7)
FNDA:2,template
DA:15,2
DA:33,33
DA:34,15
DA:35,15
DA:36,15
DA:38,15
DA:39,15
DA:40,15
DA:41,15
DA:42,15
DA:47,16
DA:52,56
DA:60,28
DA:67,2
DA:68,1
DA:69,1
DA:71,1
DA:75,16
DA:78,16
DA:79,16
DA:81,16
DA:82,16
DA:83,16
DA:84,16
DA:85,16
DA:88,16
DA:90,16
DA:93,14
DA:94,14
DA:98,1
DA:99,1
LF:31
LH:31
BRDA:60,0,0,28
BRDA:60,0,1,6
BRDA:67,1,0,1
BRDA:67,1,1,1
BRDA:78,2,0,4
BRDA:78,2,1,12
BRDA:79,3,0,16
BRDA:79,3,1,4
BRDA:88,4,0,12
BRDA:88,4,1,4
BRDA:33,5,0,15
BRDA:33,5,1,15
BRDA:33,6,0,15
BRDA:33,6,1,18
BRDA:33,7,0,2
BRDA:33,7,1,2
BRDA:33,7,2,2
BRDA:33,8,0,2
BRDA:33,8,1,2
BRDA:33,8,2,2
BRF:20
BRH:20
end_of_record
TN:
SF:src/app/features/auth/login/login.component.html
FN:17,LoginComponent_Template_form_ngSubmit_11_listener
FN:46,LoginComponent_Template_button_click_22_listener
FNF:2
FNH:2
FNDA:3,LoginComponent_Template_form_ngSubmit_11_listener
FNDA:2,LoginComponent_Template_button_click_22_listener
DA:1,11
DA:2,11
DA:4,11
DA:8,20
DA:9,11
DA:12,11
DA:13,20
DA:14,1
DA:17,20
DA:18,11
DA:19,20
DA:20,20
DA:21,11
DA:23,11
DA:24,20
DA:25,11
DA:27,20
DA:28,20
DA:34,11
DA:43,20
DA:46,11
DA:48,20
DA:52,20
DA:53,1
DA:56,1
DA:59,20
DA:60,20
DA:61,11
DA:66,11
DA:68,11
DA:69,20
DA:70,11
DA:76,11
DA:77,11
LF:34
LH:34
BRDA:13,0,0,1
BRDA:13,0,1,19
BRDA:27,1,0,2
BRDA:27,1,1,18
BRDA:43,2,0,2
BRDA:43,2,1,18
BRDA:48,3,0,2
BRDA:48,3,1,18
BRDA:52,4,0,2
BRDA:52,4,1,37
BRDA:60,5,0,0
BRDA:60,5,1,20
BRF:12
BRH:11
end_of_record
TN:
SF:src/app/features/auth/login/login.component.ts
FN:57,submit
FN:67,(anonymous_1)
FN:71,(anonymous_2)
FN:83,togglePasswordVisibility
FN:84,(anonymous_4)
FN:33,template
FNF:6
FNH:6
FNDA:3,submit
FNDA:1,(anonymous_1)
FNDA:2,(anonymous_2)
FNDA:2,togglePasswordVisibility
FNDA:2,(anonymous_4)
FNDA:2,template
DA:33,31
DA:34,11
DA:35,11
DA:37,11
DA:41,11
DA:42,11
DA:44,11
DA:49,11
DA:52,11
DA:58,3
DA:59,0
DA:61,3
DA:62,3
DA:63,3
DA:65,3
DA:66,3
DA:68,1
DA:69,1
DA:72,2
DA:75,2
DA:76,2
DA:77,2
DA:84,2
LF:23
LH:22
BRDA:58,0,0,0
BRDA:58,0,1,3
BRDA:58,1,0,3
BRDA:58,1,1,3
BRDA:75,2,0,2
BRDA:75,2,1,2
BRDA:76,3,0,1
BRDA:76,3,1,1
BRDA:77,4,0,1
BRDA:77,4,1,1
BRDA:33,5,0,11
BRDA:33,5,1,11
BRDA:33,6,0,11
BRDA:33,6,1,20
BRDA:33,7,0,2
BRDA:33,7,1,2
BRDA:33,7,2,2
BRDA:33,8,0,2
BRDA:33,8,1,2
BRDA:33,8,2,2
BRF:20
BRH:19
end_of_record
TN:
SF:src/app/features/auth/logout/logout.component.html
FNF:0
FNH:0
DA:1,5
DA:2,5
DA:4,5
DA:9,5
DA:10,5
DA:13,5
DA:15,5
DA:16,5
DA:20,5
DA:21,5
DA:22,5
DA:23,5
DA:24,5
DA:30,5
DA:31,5
LF:15
LH:15
BRF:0
BRH:0
end_of_record
TN:
SF:src/app/features/auth/logout/logout.component.ts
FN:25,template
FNF:1
FNH:1
FNDA:2,template
DA:25,10
LF:1
LH:1
BRDA:25,0,0,5
BRDA:25,0,1,5
BRDA:25,1,0,5
BRDA:25,1,1,5
BRDA:25,2,0,2
BRDA:25,2,1,2
BRDA:25,2,2,2
BRDA:25,3,0,2
BRDA:25,3,1,2
BRDA:25,3,2,2
BRF:10
BRH:10
end_of_record
TN:
SF:src/app/features/customers/customer.service.ts
FN:29,getAll
FN:34,create
FN:39,remove
FN:42,(anonymous_3)
FN:50,compact
FN:52,(anonymous_5)
FNF:6
FNH:6
FNDA:1,getAll
FNDA:3,create
FNDA:1,remove
FNDA:1,(anonymous_3)
FNDA:3,compact
FNDA:10,(anonymous_5)
DA:18,5
DA:19,5
DA:21,5
DA:30,1
DA:35,3
DA:40,1
DA:42,1
DA:51,3
DA:52,10
DA:54,3
LF:10
LH:10
BRDA:18,0,0,5
BRDA:18,0,1,5
BRDA:18,1,0,2
BRDA:18,1,1,2
BRDA:18,1,2,2
BRDA:52,2,0,10
BRDA:52,2,1,10
BRF:7
BRH:7
end_of_record
TN:
SF:src/app/features/customers/customer-create-dialog/customer-create-dialog.component.html
FN:3,CustomerCreateDialogComponent_Template_form_ngSubmit_3_listener
FN:43,CustomerCreateDialogComponent_Template_button_click_34_listener
FNF:2
FNH:2
FNDA:4,CustomerCreateDialogComponent_Template_form_ngSubmit_3_listener
FNDA:1,CustomerCreateDialogComponent_Template_button_click_34_listener
DA:1,18
DA:3,18
DA:4,6
DA:6,18
DA:7,18
DA:8,18
DA:9,1
DA:11,6
DA:13,6
DA:14,18
DA:15,18
DA:16,18
DA:17,2
DA:19,6
DA:21,6
DA:22,18
DA:23,18
DA:24,6
DA:26,6
DA:27,18
DA:28,18
DA:29,6
DA:31,6
DA:32,18
DA:33,18
DA:34,6
DA:37,18
DA:38,1
DA:40,6
DA:42,6
DA:43,6
DA:44,18
DA:45,6
DA:46,6
DA:50,18
DA:52,18
DA:53,6
LF:37
LH:37
BRDA:8,0,0,19
BRDA:8,0,1,18
BRDA:16,1,0,2
BRDA:16,1,1,16
BRDA:37,2,0,1
BRDA:37,2,1,17
BRDA:50,3,0,18
BRDA:50,3,1,8
BRF:8
BRH:8
end_of_record
TN:
SF:src/app/features/customers/customer-create-dialog/customer-create-dialog.component.ts
FN:42,submit
FN:50,(anonymous_1)
FN:54,(anonymous_2)
FN:62,cancel
FN:26,template
FNF:5
FNH:5
FNDA:4,submit
FNDA:1,(anonymous_1)
FNDA:1,(anonymous_2)
FNDA:1,cancel
FNDA:1,template
DA:26,24
DA:27,6
DA:28,6
DA:31,6
DA:32,6
DA:34,6
DA:43,4
DA:44,2
DA:46,2
DA:47,2
DA:49,2
DA:51,1
DA:52,1
DA:56,1
DA:57,1
DA:63,1
LF:16
LH:16
BRDA:43,0,0,2
BRDA:43,0,1,2
BRDA:43,1,0,4
BRDA:43,1,1,2
BRDA:26,2,0,6
BRDA:26,2,1,6
BRDA:26,3,0,6
BRDA:26,3,1,18
BRDA:26,4,0,1
BRDA:26,4,1,1
BRDA:26,4,2,1
BRDA:26,5,0,1
BRDA:26,5,1,1
BRDA:26,5,2,1
BRF:14
BRH:14
end_of_record
TN:
SF:src/app/features/customers/customer-list/customer-list.component.html
FN:64,CustomerListComponent_td_28_Conditional_5_Template_button_click_0_listener
FN:54,CustomerListComponent_td_28_Template_button_click_1_listener
FN:3,CustomerListComponent_Template_button_click_4_listener
FN:86,CustomerListComponent_Template_mat_paginator_page_32_listener
FNF:4
FNH:4
FNDA:4,CustomerListComponent_td_28_Conditional_5_Template_button_click_0_listener
FNDA:1,CustomerListComponent_td_28_Template_button_click_1_listener
FNDA:2,CustomerListComponent_Template_button_click_4_listener
FNDA:1,CustomerListComponent_Template_mat_paginator_page_32_listener
DA:1,18
DA:2,28
DA:3,18
DA:4,28
DA:5,18
DA:8,28
DA:9,1
DA:13,28
DA:14,1
DA:17,18
DA:18,28
DA:19,18
DA:20,28
DA:21,82
DA:24,18
DA:25,28
DA:26,82
DA:29,18
DA:30,28
DA:31,82
DA:34,18
DA:35,28
DA:36,82
DA:39,18
DA:40,28
DA:41,82
DA:46,18
DA:47,28
DA:48,70
DA:53,82
DA:54,1
DA:56,70
DA:58,82
DA:59,60
DA:64,4
DA:66,60
DA:69,70
DA:72,28
DA:73,70
DA:74,18
DA:77,28
DA:78,1
DA:81,18
DA:82,28
DA:86,18
LF:45
LH:45
BRDA:26,0,0,82
BRDA:26,0,1,64
BRDA:31,1,0,82
BRDA:31,1,1,64
BRDA:36,2,0,82
BRDA:36,2,1,64
BRDA:58,3,0,70
BRDA:58,3,1,12
BRDA:8,4,0,1
BRDA:8,4,1,27
BRDA:13,5,0,1
BRDA:13,5,1,27
BRDA:77,6,0,1
BRDA:77,6,1,27
BRDA:77,7,0,28
BRDA:77,7,1,27
BRDA:77,7,2,26
BRF:17
BRH:17
end_of_record
TN:
SF:src/app/features/customers/customer-list/customer-list.component.ts
FN:47,(anonymous_0)
FN:60,(anonymous_1)
FN:67,ngOnInit
FN:71,openCreate
FN:75,(anonymous_4)
FN:84,openSummary
FN:89,confirmDelete
FN:100,(anonymous_7)
FN:107,remove
FN:110,(anonymous_9)
FN:114,(anonymous_10)
FN:118,onPage
FN:129,clampPageIndex
FN:136,load
FN:141,(anonymous_14)
FN:146,(anonymous_15)
FN:40,template
FNF:17
FNH:17
FNDA:15,(anonymous_0)
FNDA:22,(anonymous_1)
FNDA:18,ngOnInit
FNDA:2,openCreate
FNDA:2,(anonymous_4)
FNDA:1,openSummary
FNDA:4,confirmDelete
FNDA:4,(anonymous_7)
FNDA:3,remove
FNDA:2,(anonymous_9)
FNDA:1,(anonymous_10)
FNDA:3,onPage
FNDA:19,clampPageIndex
FNDA:21,load
FNDA:19,(anonymous_14)
FNDA:1,(anonymous_15)
FNDA:1,template
DA:25,1
DA:40,46
DA:41,18
DA:42,18
DA:43,18
DA:44,18
DA:47,18
DA:50,18
DA:52,18
DA:57,18
DA:58,18
DA:60,18
DA:61,22
DA:62,22
DA:64,18
DA:65,18
DA:68,18
DA:72,2
DA:76,2
DA:77,1
DA:78,1
DA:85,1
DA:86,1
DA:90,4
DA:97,4
DA:101,4
DA:102,3
DA:108,3
DA:111,2
DA:112,2
DA:114,1
DA:119,3
DA:120,3
DA:130,19
DA:131,19
DA:132,1
DA:137,21
DA:138,21
DA:140,21
DA:142,19
DA:143,19
DA:144,19
DA:147,1
DA:148,1
DA:149,1
LF:45
LH:45
BRDA:76,0,0,1
BRDA:76,0,1,1
BRDA:101,1,0,3
BRDA:101,1,1,1
BRDA:131,2,0,1
BRDA:131,2,1,18
BRDA:40,3,0,18
BRDA:40,3,1,18
BRDA:40,4,0,18
BRDA:40,4,1,28
BRDA:40,5,0,1
BRDA:40,5,1,1
BRDA:40,5,2,1
BRDA:40,6,0,1
BRDA:40,6,1,1
BRDA:40,6,2,1
BRF:16
BRH:16
end_of_record
TN:
SF:src/app/features/customers/customer-summary-dialog/customer-summary-dialog.component.html
FNF:0
FNH:0
DA:1,6
DA:2,5
DA:3,5
DA:4,5
DA:5,1
DA:7,5
DA:9,1
DA:12,6
DA:13,6
DA:14,0
DA:19,6
DA:20,5
DA:21,5
DA:22,5
DA:24,5
DA:25,5
DA:27,5
DA:28,5
DA:30,5
DA:31,5
DA:33,5
DA:34,5
DA:37,6
DA:39,6
DA:41,6
DA:42,6
LF:26
LH:25
BRDA:4,0,0,1
BRDA:4,0,1,4
BRDA:1,1,0,5
BRDA:1,1,1,1
BRDA:13,2,0,0
BRDA:13,2,1,6
BRDA:19,3,0,5
BRDA:19,3,1,1
BRF:8
BRH:7
end_of_record
TN:
SF:src/app/features/customers/customer-summary-dialog/customer-summary-dialog.component.ts
FN:39,ngOnInit
FN:44,load
FN:48,(anonymous_2)
FN:52,(anonymous_3)
FN:26,template
FNF:5
FNH:5
FNDA:6,ngOnInit
FNDA:6,load
FNDA:5,(anonymous_2)
FNDA:1,(anonymous_3)
FNDA:1,template
DA:26,12
DA:30,6
DA:31,6
DA:32,6
DA:34,6
DA:36,6
DA:37,6
DA:40,6
DA:45,6
DA:47,6
DA:49,5
DA:50,5
DA:53,1
DA:54,1
DA:55,1
LF:15
LH:15
BRDA:26,0,0,6
BRDA:26,0,1,6
BRDA:26,1,0,6
BRDA:26,1,1,6
BRDA:26,2,0,1
BRDA:26,2,1,1
BRDA:26,2,2,1
BRDA:26,3,0,1
BRDA:26,3,1,1
BRDA:26,3,2,1
BRF:10
BRH:10
end_of_record
TN:
SF:src/app/features/dashboard/dashboard.component.html
FN:37,DashboardComponent_Conditional_19_Template_button_click_0_listener
FN:3,DashboardComponent_Template_button_click_4_listener
FN:76,DashboardComponent_Template_mat_button_toggle_group_valueChange_42_listener
FN:122,DashboardComponent_Template_mat_button_toggle_group_valueChange_57_listener
FNF:4
FNH:4
FNDA:1,DashboardComponent_Conditional_19_Template_button_click_0_listener
FNDA:4,DashboardComponent_Template_button_click_4_listener
FNDA:70,DashboardComponent_Template_mat_button_toggle_group_valueChange_42_listener
FNDA:76,DashboardComponent_Template_mat_button_toggle_group_valueChange_57_listener
DA:1,29
DA:2,49
DA:3,29
DA:4,49
DA:5,29
DA:9,49
DA:10,2
DA:16,29
DA:19,49
DA:20,49
DA:27,49
DA:29,49
DA:30,2
DA:31,2
DA:33,27
DA:37,1
DA:39,47
DA:40,47
DA:43,29
DA:46,29
DA:48,49
DA:49,49
DA:53,29
DA:55,49
DA:56,29
DA:58,49
DA:60,49
DA:61,29
DA:67,29
DA:71,49
DA:72,29
DA:75,49
DA:76,70
DA:78,49
DA:79,49
DA:83,49
DA:84,43
DA:85,43
DA:90,4
DA:93,6
DA:94,4
DA:95,6
DA:96,4
DA:99,4
DA:100,6
DA:101,28
DA:102,38
DA:103,38
DA:104,38
DA:105,28
DA:108,4
DA:111,29
DA:114,29
DA:117,49
DA:118,29
DA:121,49
DA:122,76
DA:124,49
DA:125,49
DA:129,49
DA:130,43
DA:131,43
DA:137,6
DA:138,5
DA:139,6
DA:140,40
DA:143,48
DA:144,48
DA:145,48
DA:146,48
DA:149,5
DA:151,0
DA:153,5
DA:154,6
DA:155,5
DA:157,29
LF:76
LH:75
BRDA:84,0,0,43
BRDA:84,0,1,0
BRDA:130,1,0,43
BRDA:130,1,1,0
BRDA:137,2,0,6
BRDA:137,2,1,0
BRDA:9,3,0,2
BRDA:9,3,1,47
BRDA:20,4,0,2
BRDA:20,4,1,47
BRDA:29,5,0,2
BRDA:29,5,1,47
BRDA:49,6,0,2
BRDA:49,6,1,47
BRDA:58,7,0,49
BRDA:58,7,1,47
BRDA:60,8,0,2
BRDA:60,8,1,47
BRDA:83,9,0,43
BRDA:83,9,1,6
BRDA:129,10,0,43
BRDA:129,10,1,6
BRF:22
BRH:19
end_of_record
TN:
SF:src/app/features/dashboard/dashboard.component.ts
FN:71,(anonymous_0)
FN:78,(anonymous_1)
FN:98,(anonymous_2)
FN:112,(anonymous_3)
FN:117,(anonymous_4)
FN:122,(anonymous_5)
FN:126,(anonymous_6)
FN:143,ngOnInit
FN:148,setProfitView
FN:159,setDueView
FN:170,refresh
FN:180,openLowStock
FN:184,load
FN:190,(anonymous_13)
FN:191,(anonymous_14)
FN:195,(anonymous_15)
FN:196,(anonymous_16)
FN:200,(anonymous_17)
FN:201,(anonymous_18)
FN:205,(anonymous_19)
FN:206,(anonymous_20)
FN:210,(anonymous_21)
FN:212,(anonymous_22)
FN:216,(anonymous_23)
FN:217,(anonymous_24)
FN:236,loadDueSoon
FN:239,(anonymous_26)
FN:240,(anonymous_27)
FN:249,fail
FN:61,template
FN:256,toProfitOption
FN:265,(anonymous_31)
FN:268,(anonymous_32)
FN:269,(anonymous_33)
FN:270,(anonymous_34)
FN:274,toDueDateOption
FN:275,(anonymous_36)
FN:276,(anonymous_37)
FN:282,(anonymous_38)
FN:294,(anonymous_39)
FN:296,(anonymous_40)
FN:299,(anonymous_41)
FN:303,(anonymous_42)
FN:308,valueOf
FN:309,(anonymous_44)
FNF:45
FNH:40
FNDA:29,(anonymous_0)
FNDA:29,(anonymous_1)
FNDA:35,(anonymous_2)
FNDA:39,(anonymous_3)
FNDA:37,(anonymous_4)
FNDA:6,(anonymous_5)
FNDA:35,(anonymous_6)
FNDA:29,ngOnInit
FNDA:74,setProfitView
FNDA:82,setDueView
FNDA:4,refresh
FNDA:1,openLowStock
FNDA:33,load
FNDA:31,(anonymous_13)
FNDA:2,(anonymous_14)
FNDA:33,(anonymous_15)
FNDA:0,(anonymous_16)
FNDA:33,(anonymous_17)
FNDA:0,(anonymous_18)
FNDA:33,(anonymous_19)
FNDA:82,(anonymous_20)
FNDA:82,(anonymous_21)
FNDA:0,(anonymous_22)
FNDA:33,(anonymous_23)
FNDA:0,(anonymous_24)
FNDA:5,loadDueSoon
FNDA:5,(anonymous_26)
FNDA:0,(anonymous_27)
FNDA:2,fail
FNDA:1,template
FNDA:37,toProfitOption
FNDA:1,(anonymous_31)
FNDA:1,(anonymous_32)
FNDA:91,(anonymous_33)
FNDA:91,(anonymous_34)
FNDA:35,toDueDateOption
FNDA:35,(anonymous_36)
FNDA:35,(anonymous_37)
FNDA:5,(anonymous_38)
FNDA:2,(anonymous_39)
FNDA:1,(anonymous_40)
FNDA:35,(anonymous_41)
FNDA:35,(anonymous_42)
FNDA:35,valueOf
FNDA:35,(anonymous_44)
DA:31,1
DA:35,1
DA:61,78
DA:62,29
DA:63,29
DA:64,29
DA:65,29
DA:66,29
DA:67,29
DA:68,29
DA:70,29
DA:71,29
DA:78,29
DA:80,29
DA:81,29
DA:82,29
DA:83,29
DA:98,35
DA:110,29
DA:112,29
DA:113,39
DA:114,39
DA:117,29
DA:118,37
DA:119,37
DA:122,29
DA:124,29
DA:126,29
DA:127,35
DA:128,35
DA:131,29
DA:133,29
DA:135,29
DA:139,29
DA:141,29
DA:144,29
DA:151,74
DA:152,41
DA:161,82
DA:162,35
DA:164,47
DA:165,47
DA:166,4
DA:171,4
DA:181,1
DA:185,33
DA:189,33
DA:190,31
DA:191,2
DA:194,33
DA:195,33
DA:196,0
DA:199,33
DA:200,33
DA:201,0
DA:204,33
DA:206,82
DA:210,82
DA:212,0
DA:215,33
DA:216,33
DA:217,0
DA:222,33
DA:223,1
DA:237,5
DA:238,5
DA:239,5
DA:242,0
DA:243,0
DA:250,2
DA:259,37
DA:261,37
DA:265,1
DA:268,1
DA:269,91
DA:270,91
DA:275,35
DA:276,35
DA:278,35
DA:282,5
DA:294,2
DA:296,1
DA:299,35
DA:303,35
DA:309,35
DA:310,35
LF:86
LH:80
BRDA:78,0,0,28
BRDA:78,0,1,1
BRDA:114,1,0,39
BRDA:114,1,1,0
BRDA:119,2,0,37
BRDA:119,2,1,0
BRDA:122,3,0,6
BRDA:122,3,1,0
BRDA:128,4,0,35
BRDA:128,4,1,0
BRDA:151,5,0,41
BRDA:151,5,1,33
BRDA:161,6,0,35
BRDA:161,6,1,47
BRDA:165,7,0,4
BRDA:165,7,1,43
BRDA:165,8,0,47
BRDA:165,8,1,15
BRDA:222,9,0,1
BRDA:222,9,1,32
BRDA:61,10,0,29
BRDA:61,10,1,29
BRDA:61,11,0,29
BRDA:61,11,1,49
BRDA:61,12,0,1
BRDA:61,12,1,1
BRDA:61,12,2,1
BRDA:61,13,0,1
BRDA:61,13,1,1
BRDA:61,13,2,1
BRDA:309,14,0,35
BRDA:309,14,1,35
BRDA:310,15,0,35
BRDA:310,15,1,0
BRF:34
BRH:29
end_of_record
TN:
SF:src/app/features/dashboard/low-stock-dialog/low-stock-dialog.component.html
FN:8,LowStockDialogComponent_Conditional_4_For_2_Template_a_click_1_listener
FNF:1
FNH:1
FNDA:1,LowStockDialogComponent_Conditional_4_For_2_Template_a_click_1_listener
DA:1,5
DA:3,4
DA:4,5
DA:5,3
DA:6,4
DA:7,4
DA:8,5
DA:9,5
DA:10,5
DA:13,3
DA:15,1
DA:17,4
DA:19,4
DA:21,5
DA:22,4
LF:15
LH:15
BRDA:4,0,0,4
BRDA:4,0,1,1
BRF:2
BRH:2
end_of_record
TN:
SF:src/app/features/dashboard/low-stock-dialog/low-stock-dialog.component.ts
FN:32,close
FN:26,template
FNF:2
FNH:2
FNDA:1,close
FNDA:1,template
DA:26,9
DA:27,4
DA:29,4
DA:33,1
LF:4
LH:4
BRDA:26,0,0,4
BRDA:26,0,1,4
BRDA:26,1,0,4
BRDA:26,1,1,5
BRDA:26,2,0,1
BRDA:26,2,1,1
BRDA:26,2,2,1
BRDA:26,3,0,1
BRDA:26,3,1,1
BRDA:26,3,2,1
BRF:10
BRH:10
end_of_record
TN:
SF:src/app/features/help/help-content.de.ts
FNF:0
FNH:0
DA:10,3
LF:1
LH:1
BRF:0
BRH:0
end_of_record
TN:
SF:src/app/features/help/help-content.en.ts
FNF:0
FNH:0
DA:12,3
LF:1
LH:1
BRF:0
BRH:0
end_of_record
TN:
SF:src/app/features/help/help-content.types.ts
FN:37,helpTopicTitleKey
FNF:1
FNH:1
FNDA:109,helpTopicTitleKey
DA:34,2
DA:38,109
LF:2
LH:2
BRDA:38,0,0,12
BRDA:38,0,1,97
BRF:2
BRH:2
end_of_record
TN:
SF:src/app/features/help/help.component.html
FN:22,HelpComponent_Conditional_2_Template_mat_select_valueChange_4_listener
FNF:1
FNH:1
FNDA:1,HelpComponent_Conditional_2_Template_mat_select_valueChange_4_listener
DA:1,11
DA:2,28
DA:5,8
DA:6,19
DA:7,64
DA:10,152
DA:13,152
DA:14,64
DA:16,8
DA:20,3
DA:21,9
DA:22,9
DA:23,9
DA:24,72
DA:26,3
DA:30,11
DA:31,28
DA:33,28
DA:34,27
DA:35,27
DA:36,56
DA:38,56
DA:39,106
DA:42,56
DA:43,1
DA:44,2
DA:45,14
DA:47,1
DA:49,27
DA:52,11
LF:30
LH:30
BRDA:42,0,0,2
BRDA:42,0,1,54
BRDA:2,1,0,19
BRDA:2,1,1,9
BRDA:33,2,0,27
BRDA:33,2,1,1
BRF:6
BRH:6
end_of_record
TN:
SF:src/app/features/help/help.component.ts
FN:54,(anonymous_0)
FN:65,(anonymous_1)
FN:70,(anonymous_2)
FN:71,(anonymous_3)
FN:75,(anonymous_4)
FN:77,(anonymous_5)
FN:83,(anonymous_6)
FN:83,(anonymous_7)
FN:86,(anonymous_8)
FN:91,constructor
FN:95,(anonymous_10)
FN:100,(anonymous_11)
FN:108,selectTopic
FN:42,template
FNF:14
FNH:14
FNDA:14,(anonymous_0)
FNDA:12,(anonymous_1)
FNDA:12,(anonymous_2)
FNDA:96,(anonymous_3)
FNDA:15,(anonymous_4)
FNDA:31,(anonymous_5)
FNDA:15,(anonymous_6)
FNDA:31,(anonymous_7)
FNDA:14,(anonymous_8)
FNDA:11,constructor
FNDA:11,(anonymous_10)
FNDA:14,(anonymous_11)
FNDA:2,selectTopic
FNDA:2,template
DA:42,39
DA:43,11
DA:44,11
DA:45,11
DA:46,11
DA:50,11
DA:53,11
DA:54,14
DA:65,11
DA:66,12
DA:70,11
DA:71,96
DA:75,11
DA:76,15
DA:77,31
DA:82,11
DA:83,31
DA:86,11
DA:87,14
DA:88,14
DA:92,11
DA:95,11
DA:100,11
DA:101,14
DA:102,1
DA:109,2
LF:26
LH:26
BRDA:66,0,0,1
BRDA:66,0,1,11
BRDA:77,1,0,14
BRDA:77,1,1,1
BRDA:83,2,0,15
BRDA:83,2,1,1
BRDA:88,3,0,1
BRDA:88,3,1,13
BRDA:101,4,0,1
BRDA:101,4,1,13
BRDA:101,5,0,14
BRDA:101,5,1,14
BRDA:42,6,0,11
BRDA:42,6,1,11
BRDA:42,7,0,11
BRDA:42,7,1,28
BRDA:42,8,0,2
BRDA:42,8,1,2
BRDA:42,8,2,2
BRDA:42,9,0,2
BRDA:42,9,1,2
BRDA:42,9,2,2
BRF:22
BRH:22
end_of_record
TN:
SF:src/app/features/invoices/invoice-payload.ts
FN:18,buildCreateInvoiceRequest
FNF:1
FNH:1
FNDA:11,buildCreateInvoiceRequest
DA:19,11
DA:28,11
DA:29,4
DA:31,11
DA:32,1
DA:37,11
LF:6
LH:6
BRDA:28,0,0,4
BRDA:28,0,1,7
BRDA:28,1,0,11
BRDA:28,1,1,4
BRDA:31,2,0,1
BRDA:31,2,1,10
BRDA:31,3,0,11
BRDA:31,3,1,7
BRF:8
BRH:8
end_of_record
TN:
SF:src/app/features/invoices/invoice.service.ts
FN:36,getPagedInvoices
FN:41,(anonymous_1)
FN:45,getById
FN:48,(anonymous_3)
FN:52,create
FN:57,close
FN:60,(anonymous_6)
FN:64,markPaid
FN:67,(anonymous_8)
FN:71,remove
FN:74,(anonymous_10)
FNF:11
FNH:11
FNDA:1,getPagedInvoices
FNDA:1,(anonymous_1)
FNDA:1,getById
FNDA:1,(anonymous_3)
FNDA:4,create
FNDA:1,close
FNDA:1,(anonymous_6)
FNDA:1,markPaid
FNDA:1,(anonymous_8)
FNDA:1,remove
FNDA:1,(anonymous_10)
DA:19,9
DA:20,9
DA:22,9
DA:37,1
DA:39,1
DA:41,1
DA:46,1
DA:48,1
DA:53,4
DA:58,1
DA:60,1
DA:65,1
DA:67,1
DA:72,1
DA:74,1
LF:15
LH:15
BRDA:19,0,0,9
BRDA:19,0,1,9
BRDA:19,1,0,2
BRDA:19,1,1,2
BRDA:19,1,2,2
BRF:5
BRH:5
end_of_record
TN:
SF:src/app/features/invoices/invoice-create/invoice-create.component.html
FN:69,InvoiceCreateComponent_For_46_Template_app_typeahead_selected_1_listener
FN:88,InvoiceCreateComponent_For_46_Template_button_click_12_listener
FN:3,InvoiceCreateComponent_Template_form_ngSubmit_3_listener
FN:96,InvoiceCreateComponent_Template_button_click_47_listener
FN:108,InvoiceCreateComponent_Template_button_click_57_listener
FNF:5
FNH:5
FNDA:4,InvoiceCreateComponent_For_46_Template_app_typeahead_selected_1_listener
FNDA:1,InvoiceCreateComponent_For_46_Template_button_click_12_listener
FNDA:8,InvoiceCreateComponent_Template_form_ngSubmit_3_listener
FNDA:2,InvoiceCreateComponent_Template_button_click_47_listener
FNDA:1,InvoiceCreateComponent_Template_button_click_57_listener
DA:1,101
DA:3,101
DA:4,33
DA:7,101
DA:8,101
DA:10,101
DA:11,33
DA:12,101
DA:14,33
DA:16,33
DA:17,101
DA:18,101
DA:19,101
DA:20,1
DA:22,33
DA:24,33
DA:26,101
DA:32,33
DA:33,101
DA:34,101
DA:35,21
DA:37,101
DA:38,101
DA:40,33
DA:41,33
DA:43,33
DA:44,101
DA:45,101
DA:46,101
DA:48,33
DA:52,33
DA:54,101
DA:56,33
DA:62,101
DA:63,128
DA:64,41
DA:66,128
DA:69,4
DA:72,41
DA:73,128
DA:74,128
DA:75,41
DA:77,41
DA:78,128
DA:79,128
DA:80,41
DA:82,41
DA:86,128
DA:88,1
DA:90,41
DA:94,33
DA:96,33
DA:97,101
DA:98,33
DA:100,33
DA:101,101
DA:102,101
DA:107,33
DA:108,33
DA:109,101
DA:110,33
DA:111,33
DA:115,101
DA:117,101
DA:118,33
LF:65
LH:65
BRDA:19,0,0,102
BRDA:19,0,1,101
BRDA:26,1,0,80
BRDA:26,1,1,21
BRDA:34,2,0,21
BRDA:34,2,1,80
BRDA:115,3,0,101
BRDA:115,3,1,17
BRF:8
BRH:8
end_of_record
TN:
SF:src/app/features/invoices/invoice-create/invoice-create.component.ts
FN:69,(anonymous_0)
FN:93,(anonymous_1)
FN:95,(anonymous_2)
FN:100,(anonymous_3)
FN:102,(anonymous_4)
FN:107,ngOnInit
FN:108,(anonymous_6)
FN:109,(anonymous_7)
FN:111,(anonymous_8)
FN:120,onProductSelected
FN:126,items
FN:130,addItem
FN:135,removeItem
FN:141,submit
FN:155,(anonymous_14)
FN:163,(anonymous_15)
FN:168,(anonymous_16)
FN:176,cancel
FN:184,onTypeChange
FN:197,itemGroup
FN:36,template
FN:207,toIsoDate
FN:216,integerOnly
FNF:23
FNH:23
FNDA:7,(anonymous_0)
FNDA:46,(anonymous_1)
FNDA:46,(anonymous_2)
FNDA:65,(anonymous_3)
FNDA:82,(anonymous_4)
FNDA:33,ngOnInit
FNDA:33,(anonymous_6)
FNDA:33,(anonymous_7)
FNDA:14,(anonymous_8)
FNDA:4,onProductSelected
FNDA:255,items
FNDA:8,addItem
FNDA:4,removeItem
FNDA:8,submit
FNDA:7,(anonymous_14)
FNDA:6,(anonymous_15)
FNDA:1,(anonymous_16)
FNDA:1,cancel
FNDA:14,onTypeChange
FNDA:41,itemGroup
FNDA:2,template
FNDA:7,toIsoDate
FNDA:137,integerOnly
DA:36,134
DA:53,2
DA:54,33
DA:55,33
DA:56,33
DA:57,33
DA:58,33
DA:59,33
DA:60,33
DA:64,33
DA:65,33
DA:66,33
DA:69,7
DA:70,7
DA:72,33
DA:74,33
DA:85,33
DA:89,33
DA:93,46
DA:95,33
DA:96,46
DA:100,33
DA:101,65
DA:102,82
DA:108,33
DA:109,33
DA:111,33
DA:121,4
DA:122,4
DA:123,4
DA:127,255
DA:131,8
DA:136,4
DA:137,3
DA:142,8
DA:143,1
DA:145,7
DA:147,7
DA:148,7
DA:149,7
DA:155,7
DA:162,8
DA:164,6
DA:165,6
DA:166,6
DA:170,1
DA:171,1
DA:177,1
DA:185,14
DA:186,14
DA:189,14
DA:190,12
DA:192,2
DA:194,14
DA:198,41
DA:208,7
DA:209,0
DA:211,7
DA:212,7
DA:213,7
DA:217,137
DA:218,137
DA:219,2
DA:221,135
LF:64
LH:63
BRDA:96,0,0,34
BRDA:96,0,1,12
BRDA:102,1,0,82
BRDA:102,1,1,1
BRDA:102,2,0,82
BRDA:102,2,1,1
BRDA:122,3,0,4
BRDA:122,3,1,0
BRDA:136,4,0,3
BRDA:136,4,1,1
BRDA:142,5,0,1
BRDA:142,5,1,7
BRDA:142,6,0,8
BRDA:142,6,1,7
BRDA:152,7,0,1
BRDA:152,7,1,6
BRDA:153,8,0,6
BRDA:153,8,1,1
BRDA:189,9,0,12
BRDA:189,9,1,2
BRDA:53,10,0,33
BRDA:53,10,1,33
BRDA:36,11,0,33
BRDA:36,11,1,101
BRDA:53,12,0,2
BRDA:53,12,1,2
BRDA:53,12,2,2
BRDA:53,13,0,2
BRDA:53,13,1,2
BRDA:53,13,2,2
BRDA:208,14,0,0
BRDA:208,14,1,7
BRDA:218,15,0,2
BRDA:218,15,1,135
BRDA:218,16,0,137
BRDA:218,16,1,136
BRDA:218,16,2,136
BRDA:221,17,0,134
BRDA:221,17,1,1
BRF:39
BRH:37
end_of_record
TN:
SF:src/app/features/invoices/invoice-detail/invoice-detail.component.html
FN:42,InvoiceDetailComponent_Conditional_9_Conditional_10_Conditional_1_Template_button_click_0_listener
FN:53,InvoiceDetailComponent_Conditional_9_Conditional_10_Conditional_2_Template_button_click_0_listener
FN:64,InvoiceDetailComponent_Conditional_9_Conditional_10_Conditional_3_Template_button_click_0_listener
FN:145,InvoiceDetailComponent_Conditional_9_td_57_Conditional_1_Template_button_click_0_listener
FNF:4
FNH:4
FNDA:4,InvoiceDetailComponent_Conditional_9_Conditional_10_Conditional_1_Template_button_click_0_listener
FNDA:2,InvoiceDetailComponent_Conditional_9_Conditional_10_Conditional_2_Template_button_click_0_listener
FNDA:3,InvoiceDetailComponent_Conditional_9_Conditional_10_Conditional_3_Template_button_click_0_listener
FNDA:10,InvoiceDetailComponent_Conditional_9_td_57_Conditional_1_Template_button_click_0_listener
DA:1,37
DA:3,56
DA:4,56
DA:6,55
DA:7,55
DA:9,37
DA:10,37
DA:11,56
DA:12,37
DA:15,56
DA:16,0
DA:19,56
DA:20,36
DA:23,55
DA:24,55
DA:25,36
DA:26,55
DA:27,55
DA:28,36
DA:29,55
DA:30,2
DA:32,36
DA:34,55
DA:35,33
DA:36,52
DA:37,18
DA:41,25
DA:42,4
DA:44,25
DA:45,18
DA:47,52
DA:48,32
DA:52,51
DA:53,2
DA:55,51
DA:56,32
DA:58,52
DA:59,18
DA:63,25
DA:64,3
DA:66,25
DA:67,18
DA:69,33
DA:72,36
DA:74,55
DA:75,55
DA:78,36
DA:79,55
DA:80,55
DA:83,36
DA:84,55
DA:85,55
DA:88,55
DA:89,1
DA:90,1
DA:91,1
DA:95,55
DA:96,2
DA:97,2
DA:98,2
DA:101,36
DA:105,55
DA:107,36
DA:108,55
DA:109,36
DA:110,55
DA:111,110
DA:114,36
DA:115,55
DA:116,110
DA:119,36
DA:120,55
DA:121,110
DA:124,36
DA:125,55
DA:126,110
DA:129,36
DA:130,55
DA:131,72
DA:132,110
DA:133,72
DA:136,36
DA:137,36
DA:138,72
DA:139,110
DA:140,33
DA:144,57
DA:145,10
DA:147,57
DA:148,33
DA:150,72
DA:153,55
DA:154,72
DA:155,36
DA:158,36
DA:159,55
DA:160,55
LF:97
LH:96
BRDA:36,0,0,25
BRDA:36,0,1,27
BRDA:47,1,0,51
BRDA:47,1,1,1
BRDA:58,2,0,25
BRDA:58,2,1,27
BRDA:139,3,0,57
BRDA:139,3,1,53
BRDA:29,4,0,2
BRDA:29,4,1,53
BRDA:34,5,0,52
BRDA:34,5,1,3
BRDA:34,6,0,55
BRDA:34,6,1,30
BRDA:34,6,2,3
BRDA:75,7,0,55
BRDA:75,7,1,2
BRDA:88,8,0,1
BRDA:88,8,1,54
BRDA:95,9,0,2
BRDA:95,9,1,53
BRDA:4,10,0,55
BRDA:4,10,1,1
BRDA:15,11,0,0
BRDA:15,11,1,56
BRDA:19,12,0,55
BRDA:19,12,1,1
BRF:27
BRH:26
end_of_record
TN:
SF:src/app/features/invoices/invoice-detail/invoice-detail.component.ts
FN:59,(anonymous_0)
FN:67,(anonymous_1)
FN:72,(anonymous_2)
FN:77,(anonymous_3)
FN:92,(anonymous_4)
FN:96,(anonymous_5)
FN:97,(anonymous_6)
FN:100,ngOnInit
FN:105,remaining
FN:113,canReturn
FN:117,openReturn
FN:131,(anonymous_11)
FN:138,registerReturn
FN:157,(anonymous_13)
FN:164,(anonymous_14)
FN:184,returnFailureMessage
FN:199,lineTotal
FN:207,counterparty
FN:213,statusClass
FN:221,typeClass
FN:225,confirmClose
FN:233,(anonymous_21)
FN:237,confirmMarkPaid
FN:244,(anonymous_23)
FN:248,confirmDelete
FN:255,(anonymous_25)
FN:260,numberParam
FN:264,confirm
FN:268,(anonymous_28)
FN:275,runClose
FN:280,runMarkPaid
FN:285,runDelete
FN:289,(anonymous_32)
FN:294,(anonymous_33)
FN:306,dispatch
FN:315,(anonymous_35)
FN:322,(anonymous_36)
FN:334,currentId
FN:338,load
FN:342,(anonymous_39)
FN:346,(anonymous_40)
FN:49,template
FNF:42
FNH:42
FNDA:36,(anonymous_0)
FNDA:36,(anonymous_1)
FNDA:36,(anonymous_2)
FNDA:36,(anonymous_3)
FNDA:36,(anonymous_4)
FNDA:36,(anonymous_5)
FNDA:72,(anonymous_6)
FNDA:37,ngOnInit
FNDA:58,remaining
FNDA:110,canReturn
FNDA:10,openReturn
FNDA:10,(anonymous_11)
FNDA:9,registerReturn
FNDA:4,(anonymous_13)
FNDA:5,(anonymous_14)
FNDA:5,returnFailureMessage
FNDA:182,lineTotal
FNDA:55,counterparty
FNDA:55,statusClass
FNDA:55,typeClass
FNDA:4,confirmClose
FNDA:3,(anonymous_21)
FNDA:2,confirmMarkPaid
FNDA:2,(anonymous_23)
FNDA:3,confirmDelete
FNDA:3,(anonymous_25)
FNDA:9,numberParam
FNDA:9,confirm
FNDA:9,(anonymous_28)
FNDA:3,runClose
FNDA:2,runMarkPaid
FNDA:3,runDelete
FNDA:2,(anonymous_32)
FNDA:1,(anonymous_33)
FNDA:5,dispatch
FNDA:4,(anonymous_35)
FNDA:1,(anonymous_36)
FNDA:12,currentId
FNDA:46,load
FNDA:45,(anonymous_39)
FNDA:1,(anonymous_40)
FNDA:2,template
DA:49,93
DA:50,37
DA:51,37
DA:52,37
DA:53,37
DA:54,37
DA:55,37
DA:56,37
DA:59,37
DA:63,37
DA:66,37
DA:67,36
DA:71,37
DA:72,36
DA:76,37
DA:77,36
DA:80,37
DA:89,37
DA:90,37
DA:92,37
DA:96,37
DA:97,72
DA:101,37
DA:106,58
DA:114,110
DA:118,10
DA:119,10
DA:120,0
DA:123,10
DA:128,10
DA:132,10
DA:133,9
DA:139,9
DA:140,9
DA:141,0
DA:143,9
DA:145,9
DA:158,4
DA:159,4
DA:162,4
DA:165,5
DA:166,5
DA:185,5
DA:186,1
DA:188,4
DA:190,1
DA:192,1
DA:194,2
DA:200,182
DA:208,55
DA:209,55
DA:214,55
DA:215,28
DA:217,27
DA:222,55
DA:226,4
DA:233,3
DA:238,2
DA:244,2
DA:249,3
DA:255,3
DA:261,9
DA:265,9
DA:269,9
DA:270,8
DA:276,3
DA:277,3
DA:281,2
DA:282,2
DA:286,3
DA:288,3
DA:290,2
DA:291,2
DA:292,2
DA:295,1
DA:296,1
DA:312,5
DA:314,5
DA:316,4
DA:317,4
DA:320,4
DA:323,1
DA:324,1
DA:325,1
DA:328,1
DA:335,12
DA:339,46
DA:341,46
DA:343,45
DA:344,45
DA:348,1
DA:349,1
DA:350,1
LF:93
LH:91
BRDA:67,0,0,36
BRDA:67,0,1,34
BRDA:72,1,0,36
BRDA:72,1,1,34
BRDA:72,1,2,34
BRDA:77,2,0,36
BRDA:77,2,1,34
BRDA:92,3,0,36
BRDA:92,3,1,0
BRDA:106,4,0,58
BRDA:106,4,1,0
BRDA:106,5,0,58
BRDA:106,5,1,0
BRDA:114,6,0,110
BRDA:114,6,1,58
BRDA:119,7,0,0
BRDA:119,7,1,10
BRDA:125,8,0,1
BRDA:125,8,1,9
BRDA:132,9,0,9
BRDA:132,9,1,1
BRDA:140,10,0,0
BRDA:140,10,1,9
BRDA:153,11,0,1
BRDA:153,11,1,8
BRDA:185,12,0,1
BRDA:185,12,1,4
BRDA:188,13,0,1
BRDA:188,13,1,1
BRDA:188,13,2,2
BRDA:209,14,0,55
BRDA:209,14,1,2
BRDA:209,14,2,2
BRDA:214,15,0,28
BRDA:214,15,1,27
BRDA:217,16,0,1
BRDA:217,16,1,26
BRDA:222,17,0,4
BRDA:222,17,1,51
BRDA:269,18,0,8
BRDA:269,18,1,1
BRDA:325,19,0,1
BRDA:325,19,1,0
BRDA:49,20,0,37
BRDA:49,20,1,37
BRDA:49,21,0,37
BRDA:49,21,1,56
BRDA:49,22,0,2
BRDA:49,22,1,2
BRDA:49,22,2,2
BRDA:49,23,0,2
BRDA:49,23,1,2
BRDA:49,23,2,2
BRF:53
BRH:47
end_of_record
TN:
SF:src/app/features/invoices/invoice-list/invoice-list.component.html
FN:74,InvoiceListComponent_tr_33_Template_tr_click_0_listener
FN:88,InvoiceListComponent_Template_mat_paginator_page_35_listener
FNF:2
FNH:2
FNDA:1,InvoiceListComponent_tr_33_Template_tr_click_0_listener
FNDA:1,InvoiceListComponent_Template_mat_paginator_page_35_listener
DA:1,29
DA:2,33
DA:4,29
DA:5,33
DA:6,29
DA:9,33
DA:10,1
DA:14,33
DA:15,1
DA:18,29
DA:19,33
DA:20,29
DA:21,33
DA:22,82
DA:25,29
DA:26,33
DA:27,82
DA:30,29
DA:31,33
DA:32,78
DA:33,82
DA:34,82
DA:35,78
DA:39,29
DA:40,33
DA:41,78
DA:42,82
DA:43,82
DA:44,78
DA:45,82
DA:46,2
DA:48,82
DA:49,2
DA:51,78
DA:54,29
DA:55,33
DA:56,82
DA:59,29
DA:60,33
DA:61,82
DA:64,29
DA:65,33
DA:66,82
DA:69,33
DA:70,78
DA:72,33
DA:74,1
DA:75,78
DA:76,29
DA:79,33
DA:80,1
DA:83,29
DA:84,33
DA:88,29
LF:54
LH:54
BRDA:45,0,0,2
BRDA:45,0,1,80
BRDA:48,1,0,2
BRDA:48,1,1,80
BRDA:9,2,0,1
BRDA:9,2,1,32
BRDA:14,3,0,1
BRDA:14,3,1,32
BRDA:79,4,0,1
BRDA:79,4,1,32
BRDA:79,5,0,33
BRDA:79,5,1,32
BRDA:79,5,2,31
BRF:13
BRH:13
end_of_record
TN:
SF:src/app/features/invoices/invoice-list/invoice-list.component.ts
FN:22,today
FN:69,ngOnInit
FN:74,onPage
FN:87,counterparty
FN:97,statusClass
FN:110,typeClass
FN:115,isOverdue
FN:121,openDetail
FN:125,load
FN:132,(anonymous_9)
FN:137,(anonymous_10)
FN:47,template
FNF:12
FNH:12
FNDA:2,today
FNDA:29,ngOnInit
FNDA:2,onPage
FNDA:82,counterparty
FNDA:82,statusClass
FNDA:82,typeClass
FNDA:82,isOverdue
FNDA:1,openDetail
FNDA:31,load
FNDA:29,(anonymous_9)
FNDA:1,(anonymous_10)
FNDA:2,template
DA:15,2
DA:23,2
DA:24,2
DA:25,2
DA:26,2
DA:47,62
DA:48,29
DA:49,29
DA:50,29
DA:52,29
DA:62,29
DA:63,29
DA:64,29
DA:65,29
DA:66,29
DA:67,29
DA:70,29
DA:75,2
DA:76,2
DA:77,2
DA:88,82
DA:89,82
DA:90,5
DA:93,77
DA:98,82
DA:99,3
DA:101,79
DA:111,82
DA:118,82
DA:122,1
DA:126,31
DA:127,31
DA:131,31
DA:133,29
DA:134,29
DA:135,29
DA:138,1
DA:139,1
DA:140,1
DA:141,1
LF:40
LH:40
BRDA:88,0,0,82
BRDA:88,0,1,79
BRDA:89,1,0,5
BRDA:89,1,1,77
BRDA:98,2,0,3
BRDA:98,2,1,79
BRDA:101,3,0,1
BRDA:101,3,1,78
BRDA:111,4,0,8
BRDA:111,4,1,74
BRDA:118,5,0,82
BRDA:118,5,1,3
BRDA:118,5,2,2
BRDA:47,6,0,29
BRDA:47,6,1,29
BRDA:47,7,0,29
BRDA:47,7,1,33
BRDA:47,8,0,2
BRDA:47,8,1,2
BRDA:47,8,2,2
BRDA:47,9,0,2
BRDA:47,9,1,2
BRDA:47,9,2,2
BRF:23
BRH:23
end_of_record
TN:
SF:src/app/features/invoices/invoice-return-dialog/invoice-return-dialog.component.html
FN:3,InvoiceReturnDialogComponent_Template_form_ngSubmit_3_listener
FN:33,InvoiceReturnDialogComponent_Template_button_click_27_listener
FNF:2
FNH:2
FNDA:2,InvoiceReturnDialogComponent_Template_form_ngSubmit_3_listener
FNDA:1,InvoiceReturnDialogComponent_Template_button_click_27_listener
DA:1,14
DA:3,14
DA:4,12
DA:6,14
DA:7,14
DA:10,12
DA:11,14
DA:12,14
DA:15,12
DA:16,14
DA:22,12
DA:24,12
DA:26,14
DA:27,12
DA:28,14
DA:29,12
DA:32,12
DA:33,12
DA:34,14
DA:35,12
DA:36,14
DA:37,14
DA:38,12
LF:23
LH:23
BRDA:16,0,0,13
BRDA:16,0,1,1
BRF:2
BRH:2
end_of_record
TN:
SF:src/app/features/invoices/invoice-return-dialog/invoice-return-dialog.component.ts
FN:56,confirm
FN:63,cancel
FN:37,template
FN:68,integerOnly
FNF:4
FNH:4
FNDA:2,confirm
FNDA:1,cancel
FNDA:3,template
FNDA:43,integerOnly
DA:37,26
DA:38,12
DA:41,12
DA:43,12
DA:47,12
DA:49,12
DA:57,2
DA:58,1
DA:60,1
DA:64,1
DA:69,43
DA:70,43
DA:71,1
DA:73,42
LF:14
LH:14
BRDA:44,0,0,12
BRDA:44,0,1,1
BRDA:44,1,0,12
BRDA:44,1,1,1
BRDA:57,2,0,1
BRDA:57,2,1,1
BRDA:37,3,0,12
BRDA:37,3,1,12
BRDA:37,4,0,12
BRDA:37,4,1,14
BRDA:37,5,0,3
BRDA:37,5,1,3
BRDA:37,5,2,3
BRDA:37,6,0,3
BRDA:37,6,1,3
BRDA:37,6,2,3
BRDA:70,7,0,1
BRDA:70,7,1,42
BRDA:70,8,0,43
BRDA:70,8,1,43
BRDA:70,8,2,43
BRDA:73,9,0,41
BRDA:73,9,1,1
BRF:23
BRH:23
end_of_record
TN:
SF:src/app/features/landing/landing.component.html
FN:23,LandingComponent_Template_button_click_16_listener
FN:32,LandingComponent_Template_button_click_19_listener
FN:164,LandingComponent_Template_button_click_73_listener
FNF:3
FNH:3
FNDA:5,LandingComponent_Template_button_click_16_listener
FNDA:1,LandingComponent_Template_button_click_19_listener
FNDA:1,LandingComponent_Template_button_click_73_listener
DA:1,18
DA:2,18
DA:4,18
DA:9,25
DA:10,25
DA:11,18
DA:12,25
DA:13,18
DA:17,18
DA:22,25
DA:23,18
DA:25,25
DA:26,18
DA:27,18
DA:31,25
DA:32,18
DA:34,25
DA:35,18
DA:38,25
DA:44,25
DA:45,17
DA:48,17
DA:51,17
DA:54,25
DA:55,17
DA:56,25
DA:62,17
DA:66,18
DA:69,18
DA:70,25
DA:71,25
DA:73,18
DA:74,25
DA:75,102
DA:76,150
DA:77,102
DA:78,150
DA:79,102
DA:80,102
DA:81,150
DA:82,102
DA:85,18
DA:89,18
DA:90,25
DA:92,18
DA:93,25
DA:94,51
DA:97,75
DA:98,75
DA:99,75
DA:102,18
DA:106,18
DA:107,25
DA:109,18
DA:110,25
DA:111,51
DA:114,51
DA:117,51
DA:118,75
DA:119,51
DA:120,75
DA:126,51
DA:128,75
DA:131,18
DA:136,18
DA:138,25
DA:139,25
DA:141,18
DA:142,25
DA:143,25
DA:144,18
DA:145,25
DA:146,25
DA:147,18
DA:154,18
DA:155,25
DA:156,25
DA:158,18
DA:163,25
DA:164,18
DA:166,25
DA:167,18
DA:168,25
DA:173,18
DA:174,18
LF:85
LH:85
BRDA:44,0,0,25
BRDA:44,0,1,0
BRF:2
BRH:1
end_of_record
TN:
SF:src/app/features/landing/landing.component.ts
FN:82,(anonymous_0)
FN:85,(anonymous_1)
FN:95,(anonymous_2)
FN:98,(anonymous_3)
FN:105,enterDemo
FN:112,(anonymous_5)
FN:116,(anonymous_6)
FN:56,template
FNF:8
FNH:8
FNDA:20,(anonymous_0)
FNDA:80,(anonymous_1)
FNDA:20,(anonymous_2)
FNDA:20,(anonymous_3)
FNDA:7,enterDemo
FNDA:3,(anonymous_5)
FNDA:1,(anonymous_6)
FNDA:2,template
DA:16,2
DA:19,2
DA:20,2
DA:27,2
DA:37,2
DA:56,43
DA:57,18
DA:58,18
DA:59,18
DA:60,18
DA:61,18
DA:63,18
DA:64,18
DA:66,18
DA:67,18
DA:69,18
DA:70,18
DA:82,18
DA:83,20
DA:84,20
DA:85,80
DA:95,20
DA:98,20
DA:102,18
DA:106,7
DA:107,1
DA:109,6
DA:111,6
DA:113,3
DA:114,3
DA:117,1
DA:119,1
LF:32
LH:32
BRDA:106,0,0,1
BRDA:106,0,1,6
BRDA:56,1,0,18
BRDA:56,1,1,18
BRDA:56,2,0,18
BRDA:56,2,1,25
BRDA:56,3,0,2
BRDA:56,3,1,2
BRDA:56,3,2,2
BRDA:56,4,0,2
BRDA:56,4,1,2
BRDA:56,4,2,2
BRF:12
BRH:12
end_of_record
TN:
SF:src/app/features/movements/movement-payload.ts
FN:34,buildRecordMovementRequest
FNF:1
FNH:1
FNDA:8,buildRecordMovementRequest
DA:7,2
DA:12,2
DA:35,8
LF:3
LH:3
BRF:0
BRH:0
end_of_record
TN:
SF:src/app/features/movements/movement.service.ts
FN:23,record
FN:31,registerReturn
FNF:2
FNH:2
FNDA:3,record
FNDA:2,registerReturn
DA:17,5
DA:18,5
DA:20,5
DA:24,3
DA:32,2
LF:5
LH:5
BRDA:17,0,0,5
BRDA:17,0,1,5
BRDA:17,1,0,2
BRDA:17,1,1,2
BRDA:17,1,2,2
BRF:5
BRH:5
end_of_record
TN:
SF:src/app/features/movements/movement-record/movement-record.component.html
FN:3,MovementRecordComponent_Template_form_ngSubmit_3_listener
FN:14,MovementRecordComponent_Template_app_typeahead_selected_6_listener
FNF:2
FNH:2
FNDA:6,MovementRecordComponent_Template_form_ngSubmit_3_listener
FNDA:5,MovementRecordComponent_Template_app_typeahead_selected_6_listener
DA:1,46
DA:3,46
DA:4,17
DA:9,17
DA:11,46
DA:14,17
DA:17,17
DA:18,46
DA:19,46
DA:20,46
DA:21,92
DA:22,92
DA:23,34
DA:25,17
DA:26,17
DA:28,17
DA:29,46
DA:30,17
DA:32,17
DA:33,46
DA:34,46
DA:35,17
DA:37,17
DA:38,46
DA:39,46
DA:40,46
DA:41,184
DA:42,184
DA:43,68
DA:45,17
DA:46,46
DA:47,0
DA:49,17
DA:51,46
DA:55,17
DA:60,46
DA:62,46
DA:63,17
LF:38
LH:37
BRDA:46,0,0,46
BRDA:46,0,1,46
BRDA:60,1,0,46
BRDA:60,1,1,6
BRF:4
BRH:4
end_of_record
TN:
SF:src/app/features/movements/movement-record/movement-record.component.ts
FN:61,(anonymous_0)
FN:82,onProductSelected
FN:87,submit
FN:103,(anonymous_3)
FN:110,(anonymous_4)
FN:118,resetForm
FN:44,viewQuery
FN:50,(anonymous_7)
FN:134,remarkControl
FN:138,integerOnly
FNF:10
FNH:9
FNDA:4,(anonymous_0)
FNDA:5,onProductSelected
FNDA:6,submit
FNDA:4,(anonymous_3)
FNDA:1,(anonymous_4)
FNDA:4,resetForm
FNDA:2,viewQuery
FNDA:0,(anonymous_7)
FNDA:17,remarkControl
FNDA:61,integerOnly
DA:44,63
DA:45,17
DA:46,17
DA:47,17
DA:50,17
DA:55,17
DA:56,17
DA:58,17
DA:61,4
DA:62,4
DA:64,17
DA:68,17
DA:83,5
DA:84,5
DA:88,6
DA:89,1
DA:91,5
DA:93,5
DA:94,5
DA:102,5
DA:104,4
DA:105,4
DA:108,4
DA:112,1
DA:113,1
DA:119,4
DA:122,4
DA:135,17
DA:139,61
DA:140,61
DA:141,0
DA:143,61
LF:32
LH:31
BRDA:83,0,0,5
BRDA:83,0,1,4
BRDA:88,1,0,1
BRDA:88,1,1,5
BRDA:88,2,0,6
BRDA:88,2,1,5
BRDA:44,3,0,17
BRDA:44,3,1,17
BRDA:44,4,0,17
BRDA:44,4,1,46
BRDA:44,5,0,2
BRDA:44,5,1,2
BRDA:44,5,2,2
BRDA:44,6,0,2
BRDA:44,6,1,2
BRDA:44,6,2,2
BRDA:140,7,0,0
BRDA:140,7,1,61
BRDA:140,8,0,61
BRDA:140,8,1,61
BRDA:140,8,2,61
BRDA:143,9,0,61
BRDA:143,9,1,0
BRF:23
BRH:21
end_of_record
TN:
SF:src/app/features/not-found/not-found.component.html
FNF:0
FNH:0
DA:1,4
DA:2,4
DA:4,4
DA:7,4
DA:8,5
DA:9,5
DA:10,5
DA:15,4
DA:16,5
DA:17,5
DA:23,4
DA:24,4
LF:12
LH:12
BRF:0
BRH:0
end_of_record
TN:
SF:src/app/features/not-found/not-found.component.ts
FN:27,template
FNF:1
FNH:1
FNDA:2,template
DA:27,9
LF:1
LH:1
BRDA:27,0,0,4
BRDA:27,0,1,4
BRDA:27,1,0,4
BRDA:27,1,1,5
BRDA:27,2,0,2
BRDA:27,2,1,2
BRDA:27,2,2,2
BRDA:27,3,0,2
BRDA:27,3,1,2
BRDA:27,3,2,2
BRF:10
BRH:10
end_of_record
TN:
SF:src/app/features/products/positive-price.validator.ts
FN:7,positivePrice
FNF:1
FNH:1
FNDA:187,positivePrice
DA:8,187
DA:9,187
DA:10,4
DA:12,183
LF:4
LH:4
BRDA:9,0,0,4
BRDA:9,0,1,183
BRDA:9,1,0,187
BRDA:9,1,1,185
BRDA:9,1,2,184
BRDA:12,2,0,37
BRDA:12,2,1,146
BRF:7
BRH:7
end_of_record
TN:
SF:src/app/features/products/product-label.ts
FN:15,productLabel
FNF:1
FNH:1
FNDA:34,productLabel
DA:16,34
LF:1
LH:1
BRF:0
BRH:0
end_of_record
TN:
SF:src/app/features/products/product.service.ts
FN:23,getPagedProducts
FN:30,(anonymous_1)
FN:40,search
FN:52,lowStock
FN:55,(anonymous_4)
FN:62,create
FN:66,rename
FN:69,(anonymous_7)
FN:72,changePrice
FN:75,(anonymous_9)
FN:82,getDeleted
FN:85,(anonymous_11)
FN:92,restore
FN:95,(anonymous_13)
FN:99,remove
FN:102,(anonymous_15)
FNF:16
FNH:16
FNDA:2,getPagedProducts
FNDA:2,(anonymous_1)
FNDA:2,search
FNDA:2,lowStock
FNDA:2,(anonymous_4)
FNDA:1,create
FNDA:1,rename
FNDA:1,(anonymous_7)
FNDA:1,changePrice
FNDA:1,(anonymous_9)
FNDA:2,getDeleted
FNDA:2,(anonymous_11)
FNDA:1,restore
FNDA:1,(anonymous_13)
FNDA:1,remove
FNDA:1,(anonymous_15)
DA:10,13
DA:11,13
DA:13,13
DA:24,2
DA:26,2
DA:30,2
DA:41,2
DA:53,2
DA:55,2
DA:63,1
DA:67,1
DA:69,1
DA:73,1
DA:75,1
DA:83,2
DA:85,2
DA:93,1
DA:95,1
DA:100,1
DA:102,1
LF:20
LH:20
BRDA:55,0,0,1
BRDA:55,0,1,1
BRDA:10,1,0,13
BRDA:10,1,1,13
BRDA:10,2,0,2
BRDA:10,2,1,2
BRDA:10,2,2,2
BRF:7
BRH:7
end_of_record
TN:
SF:src/app/features/products/product-create-dialog/product-create-dialog.component.html
FN:3,ProductCreateDialogComponent_Template_form_ngSubmit_3_listener
FN:36,ProductCreateDialogComponent_Template_button_click_25_listener
FNF:2
FNH:2
FNDA:5,ProductCreateDialogComponent_Template_form_ngSubmit_3_listener
FNDA:1,ProductCreateDialogComponent_Template_button_click_25_listener
DA:1,35
DA:3,35
DA:4,9
DA:6,35
DA:7,35
DA:8,35
DA:9,1
DA:11,9
DA:13,9
DA:14,35
DA:15,35
DA:16,35
DA:17,1
DA:19,9
DA:21,9
DA:22,35
DA:23,35
DA:24,35
DA:25,23
DA:27,9
DA:30,35
DA:31,1
DA:33,9
DA:35,9
DA:36,9
DA:37,35
DA:38,9
DA:39,9
DA:43,35
DA:45,35
DA:46,9
LF:31
LH:31
BRDA:8,0,0,36
BRDA:8,0,1,35
BRDA:16,1,0,36
BRDA:16,1,1,35
BRDA:24,2,0,23
BRDA:24,2,1,12
BRDA:30,3,0,1
BRDA:30,3,1,34
BRDA:43,4,0,35
BRDA:43,4,1,8
BRF:10
BRH:10
end_of_record
TN:
SF:src/app/features/products/product-create-dialog/product-create-dialog.component.ts
FN:42,submit
FN:51,(anonymous_1)
FN:55,(anonymous_2)
FN:63,cancel
FN:26,template
FNF:5
FNH:5
FNDA:5,submit
FNDA:1,(anonymous_1)
FNDA:1,(anonymous_2)
FNDA:1,cancel
FNDA:1,template
DA:26,44
DA:27,9
DA:28,9
DA:31,9
DA:32,9
DA:36,9
DA:43,5
DA:44,3
DA:46,2
DA:47,2
DA:49,2
DA:50,2
DA:52,1
DA:53,1
DA:57,1
DA:58,1
DA:64,1
LF:17
LH:17
BRDA:43,0,0,3
BRDA:43,0,1,2
BRDA:43,1,0,5
BRDA:43,1,1,2
BRDA:26,2,0,9
BRDA:26,2,1,9
BRDA:26,3,0,9
BRDA:26,3,1,35
BRDA:26,4,0,1
BRDA:26,4,1,1
BRDA:26,4,2,1
BRDA:26,5,0,1
BRDA:26,5,1,1
BRDA:26,5,2,1
BRF:14
BRH:14
end_of_record
TN:
SF:src/app/features/products/product-edit-dialog/product-edit-dialog.component.html
FN:3,ProductEditDialogComponent_Template_form_ngSubmit_3_listener
FN:20,ProductEditDialogComponent_Template_button_click_13_listener
FNF:2
FNH:2
FNDA:4,ProductEditDialogComponent_Template_form_ngSubmit_3_listener
FNDA:1,ProductEditDialogComponent_Template_button_click_13_listener
DA:1,17
DA:3,17
DA:4,7
DA:6,17
DA:7,17
DA:8,17
DA:9,2
DA:11,7
DA:14,17
DA:15,1
DA:17,7
DA:19,7
DA:20,7
DA:21,17
DA:22,7
DA:23,7
DA:27,17
DA:29,17
DA:30,7
LF:19
LH:19
BRDA:7,0,0,7
BRDA:7,0,1,10
BRDA:8,1,0,2
BRDA:8,1,1,15
BRDA:14,2,0,1
BRDA:14,2,1,16
BRDA:27,3,0,17
BRDA:27,3,1,15
BRF:8
BRH:8
end_of_record
TN:
SF:src/app/features/products/product-edit-dialog/product-edit-dialog.component.ts
FN:64,submit
FN:72,(anonymous_1)
FN:76,(anonymous_2)
FN:84,cancel
FN:88,request
FN:38,template
FNF:6
FNH:6
FNDA:4,submit
FNDA:2,(anonymous_1)
FNDA:1,(anonymous_2)
FNDA:1,cancel
FNDA:3,request
FNDA:2,template
DA:38,24
DA:39,7
DA:40,7
DA:43,7
DA:45,7
DA:46,7
DA:48,7
DA:49,7
DA:50,7
DA:54,7
DA:55,7
DA:57,7
DA:65,4
DA:66,1
DA:68,3
DA:69,3
DA:71,3
DA:73,2
DA:74,2
DA:78,1
DA:79,1
DA:85,1
DA:89,3
DA:90,3
LF:24
LH:24
BRDA:48,0,0,3
BRDA:48,0,1,4
BRDA:49,1,0,3
BRDA:49,1,1,4
BRDA:50,2,0,3
BRDA:50,2,1,4
BRDA:59,3,0,3
BRDA:59,3,1,4
BRDA:60,4,0,3
BRDA:60,4,1,4
BRDA:65,5,0,1
BRDA:65,5,1,3
BRDA:65,6,0,4
BRDA:65,6,1,3
BRDA:90,7,0,1
BRDA:90,7,1,2
BRDA:38,8,0,7
BRDA:38,8,1,7
BRDA:38,9,0,7
BRDA:38,9,1,17
BRDA:38,10,0,2
BRDA:38,10,1,2
BRDA:38,10,2,2
BRDA:38,11,0,2
BRDA:38,11,1,2
BRDA:38,11,2,2
BRF:26
BRH:26
end_of_record
TN:
SF:src/app/features/products/product-list/product-list.component.html
FN:10,ProductListComponent_Conditional_4_Template_mat_slide_toggle_change_1_listener
FN:14,ProductListComponent_Conditional_4_Template_button_click_4_listener
FN:102,ProductListComponent_td_29_Conditional_16_Template_button_click_0_listener
FN:76,ProductListComponent_td_29_Template_button_click_7_listener
FN:83,ProductListComponent_td_29_Template_button_click_10_listener
FN:93,ProductListComponent_td_29_Template_button_click_13_listener
FN:128,ProductListComponent_td_35_Template_button_click_1_listener
FN:157,ProductListComponent_Conditional_39_Template_mat_paginator_page_0_listener
FNF:8
FNH:8
FNDA:9,ProductListComponent_Conditional_4_Template_mat_slide_toggle_change_1_listener
FNDA:2,ProductListComponent_Conditional_4_Template_button_click_4_listener
FNDA:3,ProductListComponent_td_29_Conditional_16_Template_button_click_0_listener
FNDA:2,ProductListComponent_td_29_Template_button_click_7_listener
FNDA:1,ProductListComponent_td_29_Template_button_click_10_listener
FNDA:1,ProductListComponent_td_29_Template_button_click_13_listener
FNDA:3,ProductListComponent_td_35_Template_button_click_1_listener
FNDA:1,ProductListComponent_Conditional_39_Template_mat_paginator_page_0_listener
DA:1,32
DA:2,79
DA:3,79
DA:4,23
DA:9,52
DA:10,9
DA:12,52
DA:13,23
DA:14,23
DA:15,52
DA:16,23
DA:19,32
DA:21,79
DA:22,1
DA:26,79
DA:27,2
DA:30,32
DA:31,79
DA:32,32
DA:33,79
DA:34,76
DA:37,32
DA:38,79
DA:39,76
DA:42,32
DA:43,79
DA:44,76
DA:47,32
DA:48,79
DA:49,76
DA:52,32
DA:53,79
DA:54,76
DA:57,32
DA:58,79
DA:59,76
DA:63,32
DA:64,68
DA:65,32
DA:71,67
DA:73,32
DA:75,32
DA:76,2
DA:77,67
DA:78,32
DA:79,32
DA:83,1
DA:85,67
DA:86,32
DA:89,32
DA:93,1
DA:95,67
DA:96,32
DA:97,67
DA:98,23
DA:102,3
DA:104,40
DA:105,23
DA:107,32
DA:112,32
DA:113,32
DA:114,6
DA:119,9
DA:120,6
DA:125,32
DA:126,32
DA:127,6
DA:128,3
DA:129,9
DA:130,6
DA:134,79
DA:135,38
DA:137,79
DA:138,76
DA:140,32
DA:143,79
DA:144,2
DA:145,2
DA:146,2
DA:151,79
DA:152,33
DA:153,68
DA:157,1
LF:83
LH:83
BRDA:97,0,0,40
BRDA:97,0,1,27
BRDA:145,1,0,1
BRDA:145,1,1,1
BRDA:3,2,0,52
BRDA:3,2,1,27
BRDA:21,3,0,1
BRDA:21,3,1,78
BRDA:26,4,0,2
BRDA:26,4,1,77
BRDA:143,5,0,2
BRDA:143,5,1,77
BRDA:143,6,0,79
BRDA:143,6,1,78
BRDA:143,6,2,76
BRDA:151,7,0,68
BRDA:151,7,1,11
BRF:17
BRH:17
end_of_record
TN:
SF:src/app/features/products/product-list/product-list.component.ts
FN:59,(anonymous_0)
FN:97,(anonymous_1)
FN:100,(anonymous_2)
FN:104,ngOnInit
FN:109,onToggleDeleted
FN:122,restore
FN:124,(anonymous_6)
FN:130,(anonymous_7)
FN:137,loadDeleted
FN:142,(anonymous_9)
FN:146,(anonymous_10)
FN:156,onPage
FN:162,openCreate
FN:166,(anonymous_13)
FN:174,openEdit
FN:180,(anonymous_15)
FN:191,openHistory
FN:195,confirmDelete
FN:205,(anonymous_18)
FN:212,remove
FN:214,(anonymous_20)
FN:218,(anonymous_21)
FN:222,load
FN:227,(anonymous_23)
FN:232,(anonymous_24)
FN:50,template
FNF:26
FNH:26
FNDA:32,(anonymous_0)
FNDA:41,(anonymous_1)
FNDA:41,(anonymous_2)
FNDA:32,ngOnInit
FNDA:9,onToggleDeleted
FNDA:3,restore
FNDA:1,(anonymous_6)
FNDA:2,(anonymous_7)
FNDA:9,loadDeleted
FNDA:8,(anonymous_9)
FNDA:1,(anonymous_10)
FNDA:1,onPage
FNDA:2,openCreate
FNDA:2,(anonymous_13)
FNDA:3,openEdit
FNDA:3,(anonymous_15)
FNDA:1,openHistory
FNDA:3,confirmDelete
FNDA:3,(anonymous_18)
FNDA:2,remove
FNDA:1,(anonymous_20)
FNDA:1,(anonymous_21)
FNDA:38,load
FNDA:36,(anonymous_23)
FNDA:1,(anonymous_24)
FNDA:1,template
DA:32,1
DA:50,111
DA:51,32
DA:52,32
DA:53,32
DA:54,32
DA:55,32
DA:59,32
DA:62,32
DA:74,32
DA:85,32
DA:86,32
DA:87,32
DA:88,32
DA:89,32
DA:90,32
DA:94,32
DA:95,32
DA:97,32
DA:98,41
DA:100,32
DA:101,41
DA:105,32
DA:110,9
DA:111,9
DA:112,9
DA:113,8
DA:123,3
DA:125,1
DA:127,1
DA:128,1
DA:131,2
DA:132,2
DA:138,9
DA:139,9
DA:141,9
DA:143,8
DA:144,8
DA:148,1
DA:149,1
DA:150,1
DA:157,1
DA:158,1
DA:159,1
DA:163,2
DA:167,2
DA:168,1
DA:169,1
DA:175,3
DA:177,3
DA:181,3
DA:182,2
DA:185,2
DA:192,1
DA:196,3
DA:202,3
DA:206,3
DA:207,2
DA:213,2
DA:215,1
DA:216,1
DA:218,1
DA:223,38
DA:224,38
DA:226,38
DA:228,36
DA:229,36
DA:230,36
DA:233,1
DA:234,1
DA:235,1
LF:71
LH:71
BRDA:98,0,0,8
BRDA:98,0,1,33
BRDA:101,1,0,8
BRDA:101,1,1,33
BRDA:112,2,0,8
BRDA:112,2,1,1
BRDA:131,3,0,2
BRDA:131,3,1,2
BRDA:132,4,0,1
BRDA:132,4,1,1
BRDA:167,5,0,1
BRDA:167,5,1,1
BRDA:181,6,0,2
BRDA:181,6,1,1
BRDA:183,7,0,1
BRDA:183,7,1,1
BRDA:206,8,0,2
BRDA:206,8,1,1
BRDA:50,9,0,32
BRDA:50,9,1,32
BRDA:50,10,0,32
BRDA:50,10,1,79
BRDA:50,11,0,1
BRDA:50,11,1,1
BRDA:50,11,2,1
BRDA:50,12,0,1
BRDA:50,12,1,1
BRDA:50,12,2,1
BRF:28
BRH:28
end_of_record
TN:
SF:src/app/features/reports/report.service.ts
FN:39,periodParams
FN:54,profitProducts
FN:66,profitProductDetail
FN:71,(anonymous_3)
FN:75,profitSuppliers
FN:86,customerSummary
FN:89,(anonymous_6)
FN:93,dueSoon
FN:98,dueDates
FN:106,losses
FN:116,lossesByRemark
FN:123,overdue
FN:128,stockStatus
FN:142,stockHistory
FN:155,cashFlow
FN:169,cashFlowTimeline
FN:189,supplierProducts
FNF:17
FNH:16
FNDA:17,periodParams
FNDA:3,profitProducts
FNDA:3,profitProductDetail
FNDA:3,(anonymous_3)
FNDA:3,profitSuppliers
FNDA:1,customerSummary
FNDA:1,(anonymous_6)
FNDA:1,dueSoon
FNDA:1,dueDates
FNDA:1,losses
FNDA:1,lossesByRemark
FNDA:1,overdue
FNDA:1,stockStatus
FNDA:0,stockHistory
FNDA:2,cashFlow
FNDA:4,cashFlowTimeline
FNDA:1,supplierProducts
DA:29,23
DA:30,23
DA:32,23
DA:40,17
DA:41,17
DA:42,7
DA:44,17
DA:45,6
DA:47,17
DA:55,3
DA:67,3
DA:71,3
DA:76,3
DA:87,1
DA:89,1
DA:94,1
DA:99,1
DA:107,1
DA:117,1
DA:124,1
DA:129,1
DA:143,0
DA:156,2
DA:170,4
DA:173,4
DA:174,1
DA:176,4
DA:190,1
LF:28
LH:27
BRDA:41,0,0,7
BRDA:41,0,1,10
BRDA:44,1,0,6
BRDA:44,1,1,11
BRDA:173,2,0,1
BRDA:173,2,1,3
BRDA:29,3,0,23
BRDA:29,3,1,23
BRDA:29,4,0,2
BRDA:29,4,1,2
BRDA:29,4,2,2
BRF:11
BRH:11
end_of_record
TN:
SF:src/app/features/reports/profit-detail-dialog/profit-detail-dialog.component.html
FNF:0
FNH:0
DA:1,8
DA:3,7
DA:5,8
DA:6,8
DA:8,8
DA:9,8
DA:11,8
DA:12,8
DA:14,8
DA:15,8
DA:18,8
DA:19,1
DA:21,7
DA:23,7
DA:25,8
DA:26,7
LF:16
LH:16
BRDA:18,0,0,1
BRDA:18,0,1,7
BRF:2
BRH:2
end_of_record
TN:
SF:src/app/features/reports/profit-detail-dialog/profit-detail-dialog.component.ts
FN:19,template
FNF:1
FNH:1
FNDA:2,template
DA:19,15
DA:20,7
LF:2
LH:2
BRDA:19,0,0,7
BRDA:19,0,1,7
BRDA:19,1,0,7
BRDA:19,1,1,8
BRDA:19,2,0,2
BRDA:19,2,1,2
BRDA:19,2,2,2
BRDA:19,3,0,2
BRDA:19,3,1,2
BRDA:19,3,2,2
BRF:10
BRH:10
end_of_record
TN:
SF:src/app/features/reports/reports-page/reports-page.component.html
FN:79,ReportsPageComponent_Conditional_37_Conditional_6_Template_button_click_0_listener
FN:141,ReportsPageComponent_Conditional_37_Conditional_8_tr_18_Template_tr_click_0_listener
FN:141,ReportsPageComponent_Conditional_37_Conditional_8_tr_18_Template_tr_keydown_enter_0_listener
FN:94,ReportsPageComponent_Conditional_37_Conditional_8_Template_table_matSortChange_1_listener
FN:159,ReportsPageComponent_Conditional_37_Conditional_15_Template_button_click_0_listener
FN:174,ReportsPageComponent_Conditional_37_Conditional_17_Template_table_matSortChange_1_listener
FN:321,ReportsPageComponent_Conditional_74_Conditional_2_Template_input_input_5_listener
FN:328,ReportsPageComponent_Conditional_74_Conditional_2_Template_button_click_6_listener
FN:449,ReportsPageComponent_Conditional_88_Conditional_2_Template_input_input_5_listener
FN:456,ReportsPageComponent_Conditional_88_Conditional_2_Template_button_click_6_listener
FN:471,ReportsPageComponent_Conditional_88_Conditional_4_Template_table_matSortChange_1_listener
FN:596,ReportsPageComponent_Conditional_118_Conditional_2_Template_input_input_5_listener
FN:603,ReportsPageComponent_Conditional_118_Conditional_2_Template_button_click_6_listener
FN:618,ReportsPageComponent_Conditional_118_Conditional_4_Template_table_matSortChange_1_listener
FN:834,ReportsPageComponent_Conditional_159_Template_mat_select_valueChange_5_listener
FN:849,ReportsPageComponent_Conditional_159_Template_input_input_15_listener
FN:857,ReportsPageComponent_Conditional_159_Template_button_click_16_listener
FN:3,ReportsPageComponent_Template_button_click_4_listener
FN:17,ReportsPageComponent_Template_mat_tab_group_selectedIndexChange_9_listener
FN:26,ReportsPageComponent_Template_mat_button_toggle_group_valueChange_13_listener
FN:39,ReportsPageComponent_Template_mat_button_toggle_group_valueChange_29_listener
FN:224,ReportsPageComponent_Template_mat_button_toggle_group_valueChange_41_listener
FN:243,ReportsPageComponent_Template_app_typeahead_selected_58_listener
FN:252,ReportsPageComponent_Template_app_typeahead_selected_59_listener
FN:292,ReportsPageComponent_Template_mat_button_toggle_group_valueChange_66_listener
FN:420,ReportsPageComponent_Template_mat_button_toggle_group_valueChange_80_listener
FN:533,ReportsPageComponent_Template_mat_button_toggle_group_valueChange_92_listener
FN:567,ReportsPageComponent_Template_mat_button_toggle_group_valueChange_110_listener
FN:730,ReportsPageComponent_Template_mat_button_toggle_group_valueChange_129_listener
FN:816,ReportsPageComponent_Template_mat_button_toggle_group_valueChange_141_listener
FN:942,ReportsPageComponent_Template_app_typeahead_selected_166_listener
FN:951,ReportsPageComponent_Template_app_typeahead_selected_167_listener
FN:958,ReportsPageComponent_Template_button_click_169_listener
FN:968,ReportsPageComponent_Template_mat_button_toggle_group_valueChange_172_listener
FNF:34
FNH:34
FNDA:1,ReportsPageComponent_Conditional_37_Conditional_6_Template_button_click_0_listener
FNDA:3,ReportsPageComponent_Conditional_37_Conditional_8_tr_18_Template_tr_click_0_listener
FNDA:1,ReportsPageComponent_Conditional_37_Conditional_8_tr_18_Template_tr_keydown_enter_0_listener
FNDA:6,ReportsPageComponent_Conditional_37_Conditional_8_Template_table_matSortChange_1_listener
FNDA:1,ReportsPageComponent_Conditional_37_Conditional_15_Template_button_click_0_listener
FNDA:1,ReportsPageComponent_Conditional_37_Conditional_17_Template_table_matSortChange_1_listener
FNDA:1,ReportsPageComponent_Conditional_74_Conditional_2_Template_input_input_5_listener
FNDA:2,ReportsPageComponent_Conditional_74_Conditional_2_Template_button_click_6_listener
FNDA:1,ReportsPageComponent_Conditional_88_Conditional_2_Template_input_input_5_listener
FNDA:1,ReportsPageComponent_Conditional_88_Conditional_2_Template_button_click_6_listener
FNDA:1,ReportsPageComponent_Conditional_88_Conditional_4_Template_table_matSortChange_1_listener
FNDA:1,ReportsPageComponent_Conditional_118_Conditional_2_Template_input_input_5_listener
FNDA:1,ReportsPageComponent_Conditional_118_Conditional_2_Template_button_click_6_listener
FNDA:1,ReportsPageComponent_Conditional_118_Conditional_4_Template_table_matSortChange_1_listener
FNDA:2,ReportsPageComponent_Conditional_159_Template_mat_select_valueChange_5_listener
FNDA:1,ReportsPageComponent_Conditional_159_Template_input_input_15_listener
FNDA:1,ReportsPageComponent_Conditional_159_Template_button_click_16_listener
FNDA:2,ReportsPageComponent_Template_button_click_4_listener
FNDA:100,ReportsPageComponent_Template_mat_tab_group_selectedIndexChange_9_listener
FNDA:231,ReportsPageComponent_Template_mat_button_toggle_group_valueChange_13_listener
FNDA:267,ReportsPageComponent_Template_mat_button_toggle_group_valueChange_29_listener
FNDA:228,ReportsPageComponent_Template_mat_button_toggle_group_valueChange_41_listener
FNDA:1,ReportsPageComponent_Template_app_typeahead_selected_58_listener
FNDA:7,ReportsPageComponent_Template_app_typeahead_selected_59_listener
FNDA:243,ReportsPageComponent_Template_mat_button_toggle_group_valueChange_66_listener
FNDA:234,ReportsPageComponent_Template_mat_button_toggle_group_valueChange_80_listener
FNDA:228,ReportsPageComponent_Template_mat_button_toggle_group_valueChange_92_listener
FNDA:240,ReportsPageComponent_Template_mat_button_toggle_group_valueChange_110_listener
FNDA:234,ReportsPageComponent_Template_mat_button_toggle_group_valueChange_129_listener
FNDA:228,ReportsPageComponent_Template_mat_button_toggle_group_valueChange_141_listener
FNDA:1,ReportsPageComponent_Template_app_typeahead_selected_166_listener
FNDA:20,ReportsPageComponent_Template_app_typeahead_selected_167_listener
FNDA:1,ReportsPageComponent_Template_button_click_169_listener
FNDA:228,ReportsPageComponent_Template_mat_button_toggle_group_valueChange_172_listener
DA:1,111
DA:2,778
DA:3,111
DA:4,778
DA:5,111
DA:8,778
DA:9,1
DA:13,778
DA:14,21
DA:17,778
DA:18,778
DA:19,111
DA:25,778
DA:26,231
DA:28,778
DA:29,778
DA:30,778
DA:31,778
DA:32,778
DA:35,111
DA:38,778
DA:39,267
DA:41,778
DA:42,778
DA:45,778
DA:46,111
DA:49,721
DA:50,721
DA:51,707
DA:53,14
DA:55,111
DA:58,111
DA:60,721
DA:61,721
DA:62,710
DA:64,11
DA:66,111
DA:70,15
DA:73,57
DA:74,57
DA:75,14
DA:79,1
DA:81,14
DA:82,54
DA:83,14
DA:85,15
DA:86,57
DA:87,3
DA:89,14
DA:92,54
DA:94,6
DA:97,14
DA:98,14
DA:99,54
DA:100,14
DA:101,28
DA:102,108
DA:103,108
DA:104,45
DA:106,28
DA:109,14
DA:110,54
DA:111,108
DA:114,14
DA:115,14
DA:116,54
DA:117,14
DA:118,108
DA:121,14
DA:122,14
DA:123,54
DA:124,14
DA:125,108
DA:128,14
DA:129,14
DA:130,54
DA:131,14
DA:132,108
DA:135,54
DA:136,28
DA:138,54
DA:141,28
DA:143,28
DA:144,14
DA:147,15
DA:150,15
DA:153,57
DA:154,57
DA:155,14
DA:159,1
DA:161,14
DA:162,54
DA:163,14
DA:165,15
DA:166,57
DA:167,3
DA:169,14
DA:172,54
DA:174,1
DA:177,14
DA:178,14
DA:179,54
DA:180,14
DA:181,54
DA:184,14
DA:185,14
DA:186,54
DA:187,14
DA:188,54
DA:191,14
DA:192,14
DA:193,54
DA:194,14
DA:195,54
DA:198,14
DA:199,14
DA:200,54
DA:201,14
DA:202,54
DA:205,54
DA:206,54
DA:207,14
DA:210,15
DA:213,111
DA:216,778
DA:217,111
DA:223,778
DA:224,228
DA:226,778
DA:227,778
DA:228,778
DA:229,778
DA:230,778
DA:237,111
DA:238,111
DA:240,778
DA:243,111
DA:245,111
DA:248,778
DA:252,111
DA:254,111
DA:255,778
DA:256,4
DA:258,774
DA:260,111
DA:266,111
DA:267,778
DA:268,20
DA:270,88
DA:271,88
DA:273,20
DA:274,88
DA:275,88
DA:277,20
DA:278,88
DA:279,20
DA:281,88
DA:282,88
DA:288,111
DA:291,778
DA:292,243
DA:294,778
DA:295,778
DA:299,778
DA:300,111
DA:302,762
DA:303,762
DA:304,72
DA:306,690
DA:308,111
DA:311,7
DA:313,16
DA:314,5
DA:316,12
DA:317,5
DA:320,12
DA:321,1
DA:324,5
DA:328,2
DA:330,5
DA:331,12
DA:332,5
DA:335,16
DA:336,5
DA:337,12
DA:338,5
DA:339,5
DA:340,12
DA:341,5
DA:342,9
DA:343,20
DA:344,20
DA:345,2
DA:347,9
DA:350,5
DA:351,5
DA:352,12
DA:353,5
DA:354,20
DA:357,5
DA:358,5
DA:359,12
DA:360,5
DA:361,20
DA:364,5
DA:365,5
DA:366,12
DA:367,5
DA:368,20
DA:371,5
DA:372,5
DA:373,12
DA:374,5
DA:375,20
DA:376,20
DA:377,9
DA:380,12
DA:381,12
DA:382,5
DA:385,4
DA:387,7
DA:390,111
DA:393,778
DA:394,111
DA:399,778
DA:400,8
DA:402,38
DA:403,38
DA:405,8
DA:406,38
DA:407,38
DA:409,8
DA:410,38
DA:411,38
DA:416,111
DA:419,778
DA:420,234
DA:422,778
DA:423,778
DA:427,778
DA:428,111
DA:430,767
DA:431,767
DA:432,29
DA:434,738
DA:436,111
DA:439,4
DA:441,11
DA:442,3
DA:444,9
DA:445,3
DA:448,9
DA:449,1
DA:452,3
DA:456,1
DA:458,3
DA:459,9
DA:460,3
DA:463,11
DA:464,2
DA:466,3
DA:469,9
DA:471,1
DA:474,3
DA:475,3
DA:476,9
DA:477,3
DA:478,16
DA:481,3
DA:482,9
DA:483,16
DA:486,3
DA:487,3
DA:488,9
DA:489,3
DA:490,16
DA:493,3
DA:494,3
DA:495,9
DA:496,3
DA:497,16
DA:500,3
DA:501,3
DA:502,9
DA:503,3
DA:504,16
DA:507,3
DA:508,3
DA:509,9
DA:510,3
DA:511,16
DA:514,9
DA:515,9
DA:516,3
DA:519,4
DA:522,111
DA:525,778
DA:526,111
DA:532,778
DA:533,228
DA:535,778
DA:536,778
DA:537,778
DA:538,778
DA:539,778
DA:545,111
DA:546,778
DA:547,15
DA:549,57
DA:550,57
DA:552,15
DA:553,57
DA:554,57
DA:556,15
DA:557,57
DA:558,57
DA:563,111
DA:566,778
DA:567,240
DA:569,778
DA:570,778
DA:574,778
DA:575,111
DA:577,763
DA:578,763
DA:579,42
DA:581,721
DA:583,111
DA:586,6
DA:588,15
DA:589,5
DA:591,13
DA:592,5
DA:595,13
DA:596,1
DA:599,5
DA:603,1
DA:605,5
DA:606,13
DA:607,5
DA:610,15
DA:611,2
DA:613,5
DA:616,13
DA:618,1
DA:621,5
DA:622,5
DA:623,13
DA:624,5
DA:625,9
DA:626,22
DA:627,22
DA:628,2
DA:630,9
DA:633,5
DA:634,13
DA:635,22
DA:638,5
DA:639,5
DA:640,13
DA:641,5
DA:642,22
DA:645,5
DA:646,5
DA:647,13
DA:648,5
DA:649,22
DA:652,5
DA:653,5
DA:654,13
DA:655,5
DA:656,22
DA:659,13
DA:660,13
DA:661,5
DA:664,6
DA:672,111
DA:674,778
DA:675,778
DA:676,718
DA:678,15
DA:679,60
DA:680,15
DA:681,15
DA:682,60
DA:683,15
DA:686,30
DA:687,120
DA:688,30
DA:691,15
DA:692,15
DA:693,60
DA:694,15
DA:695,120
DA:698,15
DA:699,15
DA:700,60
DA:701,15
DA:702,120
DA:705,15
DA:706,15
DA:707,60
DA:708,15
DA:709,120
DA:712,60
DA:713,60
DA:714,15
DA:717,111
DA:722,778
DA:723,111
DA:729,778
DA:730,234
DA:732,778
DA:733,778
DA:736,778
DA:737,111
DA:739,770
DA:740,770
DA:741,58
DA:743,712
DA:745,111
DA:748,4
DA:751,8
DA:752,8
DA:753,2
DA:755,3
DA:756,6
DA:757,3
DA:761,6
DA:762,6
DA:764,3
DA:765,6
DA:766,6
DA:769,3
DA:771,4
DA:774,4
DA:776,8
DA:777,8
DA:778,2
DA:780,3
DA:781,6
DA:782,3
DA:784,6
DA:785,6
DA:787,3
DA:788,6
DA:789,6
DA:791,6
DA:792,2
DA:793,4
DA:794,2
DA:796,3
DA:798,3
DA:800,4
DA:804,111
DA:807,778
DA:808,111
DA:815,778
DA:816,228
DA:818,778
DA:819,778
DA:820,778
DA:821,778
DA:822,778
DA:825,111
DA:827,778
DA:828,7
DA:830,33
DA:831,7
DA:833,33
DA:834,2
DA:836,33
DA:837,33
DA:838,66
DA:840,7
DA:843,7
DA:844,33
DA:845,7
DA:848,33
DA:849,1
DA:853,7
DA:857,1
DA:859,7
DA:860,33
DA:861,7
DA:864,778
DA:865,745
DA:867,7
DA:868,33
DA:869,7
DA:870,7
DA:871,33
DA:872,7
DA:875,60
DA:878,7
DA:879,7
DA:880,33
DA:881,7
DA:882,60
DA:885,7
DA:886,7
DA:887,33
DA:888,7
DA:889,14
DA:890,60
DA:891,60
DA:892,30
DA:894,14
DA:897,7
DA:898,7
DA:899,33
DA:900,7
DA:901,60
DA:904,7
DA:905,7
DA:906,33
DA:907,7
DA:908,60
DA:911,7
DA:912,7
DA:913,33
DA:914,7
DA:915,60
DA:918,33
DA:919,33
DA:920,7
DA:923,111
DA:928,778
DA:929,111
DA:937,111
DA:939,778
DA:942,111
DA:944,111
DA:947,778
DA:951,111
DA:953,111
DA:957,778
DA:958,111
DA:960,778
DA:961,111
DA:964,111
DA:967,778
DA:968,228
DA:970,778
DA:971,778
DA:972,778
DA:973,778
DA:974,778
DA:979,778
DA:980,111
DA:981,753
DA:982,111
DA:984,12
DA:986,25
DA:987,25
DA:988,23
DA:990,2
DA:991,2
DA:992,2
DA:994,12
DA:997,12
DA:999,25
DA:1000,25
DA:1001,23
DA:1003,2
DA:1005,12
DA:1008,111
LF:567
LH:567
BRDA:50,0,0,707
BRDA:50,0,1,14
BRDA:61,1,0,710
BRDA:61,1,1,11
BRDA:103,2,0,45
BRDA:103,2,1,63
BRDA:74,3,0,54
BRDA:74,3,1,3
BRDA:86,4,0,3
BRDA:86,4,1,54
BRDA:154,5,0,54
BRDA:154,5,1,3
BRDA:166,6,0,3
BRDA:166,6,1,54
BRDA:303,7,0,72
BRDA:303,7,1,690
BRDA:344,8,0,2
BRDA:344,8,1,18
BRDA:313,9,0,12
BRDA:313,9,1,4
BRDA:335,10,0,12
BRDA:335,10,1,4
BRDA:431,11,0,29
BRDA:431,11,1,738
BRDA:441,12,0,9
BRDA:441,12,1,2
BRDA:463,13,0,2
BRDA:463,13,1,9
BRDA:578,14,0,42
BRDA:578,14,1,721
BRDA:627,15,0,2
BRDA:627,15,1,20
BRDA:588,16,0,13
BRDA:588,16,1,2
BRDA:610,17,0,2
BRDA:610,17,1,13
BRDA:740,18,0,58
BRDA:740,18,1,712
BRDA:791,19,0,4
BRDA:791,19,1,2
BRDA:752,20,0,2
BRDA:752,20,1,6
BRDA:777,21,0,2
BRDA:777,21,1,6
BRDA:891,22,0,30
BRDA:891,22,1,30
BRDA:987,23,0,23
BRDA:987,23,1,2
BRDA:1000,24,0,23
BRDA:1000,24,1,2
BRDA:8,25,0,4
BRDA:8,25,1,774
BRDA:13,26,0,21
BRDA:13,26,1,757
BRDA:45,27,0,721
BRDA:45,27,1,57
BRDA:255,28,0,4
BRDA:255,28,1,774
BRDA:267,29,0,88
BRDA:267,29,1,690
BRDA:299,30,0,762
BRDA:299,30,1,16
BRDA:399,31,0,38
BRDA:399,31,1,740
BRDA:427,32,0,767
BRDA:427,32,1,11
BRDA:546,33,0,57
BRDA:546,33,1,721
BRDA:574,34,0,763
BRDA:574,34,1,15
BRDA:675,35,0,718
BRDA:675,35,1,60
BRDA:736,36,0,770
BRDA:736,36,1,8
BRDA:827,37,0,33
BRDA:827,37,1,745
BRDA:864,38,0,745
BRDA:864,38,1,33
BRDA:979,39,0,753
BRDA:979,39,1,25
BRF:80
BRH:80
end_of_record
TN:
SF:src/app/features/reports/reports-page/reports-page.component.ts
FN:165,(anonymous_0)
FN:174,(anonymous_1)
FN:178,(anonymous_2)
FN:190,(anonymous_3)
FN:196,(anonymous_4)
FN:197,(anonymous_5)
FN:203,(anonymous_6)
FN:209,(anonymous_7)
FN:210,(anonymous_8)
FN:211,(anonymous_9)
FN:223,(anonymous_10)
FN:228,(anonymous_11)
FN:229,(anonymous_12)
FN:267,(anonymous_13)
FN:278,(anonymous_14)
FN:279,(anonymous_15)
FN:282,(anonymous_16)
FN:285,(anonymous_17)
FN:288,(anonymous_18)
FN:292,searchProductsOf
FN:302,(anonymous_20)
FN:310,(anonymous_21)
FN:327,(anonymous_22)
FN:328,(anonymous_23)
FN:331,(anonymous_24)
FN:335,(anonymous_25)
FN:343,(anonymous_26)
FN:370,(anonymous_27)
FN:388,(anonymous_28)
FN:392,(anonymous_29)
FN:396,(anonymous_30)
FN:400,(anonymous_31)
FN:404,(anonymous_32)
FN:408,(anonymous_33)
FN:421,ngOnInit
FN:426,activate
FN:436,refresh
FN:440,viewOf
FN:444,setView
FN:445,(anonymous_39)
FN:445,(anonymous_40)
FN:452,exportProfit
FN:456,(anonymous_42)
FN:460,exportSuppliers
FN:464,(anonymous_44)
FN:468,exportStock
FN:473,(anonymous_46)
FN:484,exportLosses
FN:488,(anonymous_48)
FN:498,setStockFilter
FN:502,setLossFilter
FN:506,setChangeFilter
FN:510,setChangeUser
FN:522,setAnalyticsSupplier
FN:527,setAnalyticsProduct
FN:534,showAnalytics
FN:544,setAnalyticsPeriod
FN:559,setChangePeriod
FN:568,exportChanges
FN:574,(anonymous_59)
FN:589,setLossPeriod
FN:600,setProfitPeriod
FN:611,setCashFlowPeriod
FN:623,setCashFlowFilter
FN:627,exportCashFlow
FN:633,(anonymous_65)
FN:638,sortProfit
FN:639,(anonymous_67)
FN:642,sortSuppliers
FN:643,(anonymous_69)
FN:646,sortStock
FN:647,(anonymous_71)
FN:650,sortLosses
FN:651,(anonymous_73)
FN:655,openDetail
FN:660,(anonymous_75)
FN:661,(anonymous_76)
FN:665,loadTab
FN:687,loadProfit
FN:695,(anonymous_79)
FN:699,(anonymous_80)
FN:703,(anonymous_81)
FN:704,(anonymous_82)
FN:708,loadStock
FN:710,(anonymous_84)
FN:714,(anonymous_85)
FN:725,loadAnalytics
FN:740,(anonymous_87)
FN:744,(anonymous_88)
FN:750,(anonymous_89)
FN:754,(anonymous_90)
FN:758,loadChanges
FN:764,(anonymous_92)
FN:768,(anonymous_93)
FN:773,(anonymous_94)
FN:777,loadLosses
FN:783,(anonymous_96)
FN:787,(anonymous_97)
FN:794,(anonymous_98)
FN:797,(anonymous_99)
FN:804,loadDue
FN:806,(anonymous_101)
FN:810,(anonymous_102)
FN:814,(anonymous_103)
FN:815,(anonymous_104)
FN:819,(anonymous_105)
FN:820,(anonymous_106)
FN:830,setCashFlowSupplier
FN:845,setCashFlowProduct
FN:855,loadCashFlow
FN:863,(anonymous_110)
FN:868,(anonymous_111)
FN:877,loadCashFlowProducts
FN:882,(anonymous_113)
FN:883,(anonymous_114)
FN:889,exportCsv
FN:895,(anonymous_116)
FN:902,fail
FN:112,viewQuery
FN:914,toMarginOption
FN:915,(anonymous_120)
FN:919,(anonymous_121)
FN:932,(anonymous_122)
FN:945,periodRange
FN:975,toPricePoints
FN:977,(anonymous_125)
FN:978,(anonymous_126)
FN:980,(anonymous_127)
FN:981,(anonymous_128)
FN:993,toPriceHistoryOption
FN:999,(anonymous_130)
FN:1003,(anonymous_131)
FN:1004,(anonymous_132)
FN:1006,(anonymous_133)
FN:1007,(anonymous_134)
FN:1018,toStockHistoryOption
FN:1030,(anonymous_136)
FN:1037,(anonymous_137)
FN:1038,(anonymous_138)
FN:1040,(anonymous_139)
FN:1042,(anonymous_140)
FN:1043,(anonymous_141)
FN:1054,matchingNameOrSku
FN:1060,(anonymous_143)
FN:1065,isoDate
FN:1089,toCashFlowOption
FN:1099,(anonymous_146)
FN:1108,(anonymous_147)
FN:1109,(anonymous_148)
FN:1111,(anonymous_149)
FN:1120,(anonymous_150)
FN:1121,(anonymous_151)
FN:1127,(anonymous_152)
FN:1138,toProfitOption
FN:1147,(anonymous_154)
FN:1149,(anonymous_155)
FN:1155,(anonymous_156)
FN:1158,(anonymous_157)
FN:1159,(anonymous_158)
FN:1160,(anonymous_159)
FN:1164,toStockOption
FN:1174,(anonymous_161)
FN:1183,(anonymous_162)
FN:1186,(anonymous_163)
FN:1187,(anonymous_164)
FN:1188,(anonymous_165)
FN:1196,toLossOption
FN:1201,(anonymous_167)
FN:1207,(anonymous_168)
FN:1214,(anonymous_169)
FN:1226,toDueOption
FN:1230,(anonymous_171)
FN:1231,(anonymous_172)
FN:1234,(anonymous_173)
FN:1245,(anonymous_174)
FN:1247,(anonymous_175)
FN:1248,(anonymous_176)
FN:1252,(anonymous_177)
FN:1257,valueOf
FN:1258,(anonymous_179)
FN:1264,sortRows
FN:1270,(anonymous_181)
FNF:182
FNH:182
FNDA:7,(anonymous_0)
FNDA:6,(anonymous_1)
FNDA:8,(anonymous_2)
FNDA:121,(anonymous_3)
FNDA:18,(anonymous_4)
FNDA:18,(anonymous_5)
FNDA:128,(anonymous_6)
FNDA:30,(anonymous_7)
FNDA:30,(anonymous_8)
FNDA:30,(anonymous_9)
FNDA:132,(anonymous_10)
FNDA:39,(anonymous_11)
FNDA:39,(anonymous_12)
FNDA:127,(anonymous_13)
FNDA:1,(anonymous_14)
FNDA:1,(anonymous_15)
FNDA:1,(anonymous_16)
FNDA:2,(anonymous_17)
FNDA:1,(anonymous_18)
FNDA:3,searchProductsOf
FNDA:17,(anonymous_20)
FNDA:18,(anonymous_21)
FNDA:7,(anonymous_22)
FNDA:14,(anonymous_23)
FNDA:12,(anonymous_24)
FNDA:6,(anonymous_25)
FNDA:4,(anonymous_26)
FNDA:125,(anonymous_27)
FNDA:126,(anonymous_28)
FNDA:126,(anonymous_29)
FNDA:134,(anonymous_30)
FNDA:141,(anonymous_31)
FNDA:137,(anonymous_32)
FNDA:146,(anonymous_33)
FNDA:111,ngOnInit
FNDA:320,activate
FNDA:2,refresh
FNDA:7780,viewOf
FNDA:1254,setView
FNDA:1254,(anonymous_39)
FNDA:8778,(anonymous_40)
FNDA:1,exportProfit
FNDA:2,(anonymous_42)
FNDA:1,exportSuppliers
FNDA:1,(anonymous_44)
FNDA:1,exportStock
FNDA:1,(anonymous_46)
FNDA:1,exportLosses
FNDA:1,(anonymous_48)
FNDA:2,setStockFilter
FNDA:2,setLossFilter
FNDA:2,setChangeFilter
FNDA:3,setChangeUser
FNDA:19,setAnalyticsSupplier
FNDA:35,setAnalyticsProduct
FNDA:12,showAnalytics
FNDA:230,setAnalyticsPeriod
FNDA:230,setChangePeriod
FNDA:1,exportChanges
FNDA:1,(anonymous_59)
FNDA:230,setLossPeriod
FNDA:234,setProfitPeriod
FNDA:230,setCashFlowPeriod
FNDA:2,setCashFlowFilter
FNDA:2,exportCashFlow
FNDA:3,(anonymous_65)
FNDA:6,sortProfit
FNDA:6,(anonymous_67)
FNDA:1,sortSuppliers
FNDA:1,(anonymous_69)
FNDA:1,sortStock
FNDA:1,(anonymous_71)
FNDA:1,sortLosses
FNDA:1,(anonymous_73)
FNDA:4,openDetail
FNDA:3,(anonymous_75)
FNDA:1,(anonymous_76)
FNDA:206,loadTab
FNDA:115,loadProfit
FNDA:113,(anonymous_79)
FNDA:1,(anonymous_80)
FNDA:114,(anonymous_81)
FNDA:1,(anonymous_82)
FNDA:11,loadStock
FNDA:10,(anonymous_84)
FNDA:1,(anonymous_85)
FNDA:36,loadAnalytics
FNDA:12,(anonymous_87)
FNDA:1,(anonymous_88)
FNDA:12,(anonymous_89)
FNDA:1,(anonymous_90)
FNDA:11,loadChanges
FNDA:10,(anonymous_92)
FNDA:17,(anonymous_93)
FNDA:1,(anonymous_94)
FNDA:19,loadLosses
FNDA:18,(anonymous_96)
FNDA:1,(anonymous_97)
FNDA:18,(anonymous_98)
[...]
FNDA:45,setLanguage
FNDA:16,(anonymous_3)
FNDA:64,(anonymous_4)
FNDA:16,(anonymous_5)
FNDA:48,(anonymous_6)
FNDA:1,setDateFormat
FNDA:1,setNumberFormat
FNDA:1,template
DA:15,1
DA:38,60
DA:39,16
DA:40,16
DA:41,16
DA:42,16
DA:45,16
DA:46,16
DA:47,16
DA:49,16
DA:50,16
DA:54,16
DA:55,16
DA:64,88
DA:68,48
DA:72,45
DA:83,16
DA:84,64
DA:91,16
DA:92,48
DA:98,16
DA:99,16
DA:102,1
DA:106,1
LF:24
LH:24
BRDA:64,0,0,44
BRDA:64,0,1,44
BRDA:87,1,0,16
BRDA:87,1,1,48
BRDA:94,2,0,16
BRDA:94,2,1,32
BRDA:38,3,0,16
BRDA:38,3,1,16
BRDA:38,4,0,16
BRDA:38,4,1,44
BRDA:38,5,0,1
BRDA:38,5,1,1
BRDA:38,5,2,1
BRDA:38,6,0,1
BRDA:38,6,1,1
BRDA:38,6,2,1
BRF:16
BRH:16
end_of_record
TN:
SF:src/app/features/suppliers/supplier.service.ts
FN:29,getAll
FN:40,search
FN:47,create
FN:56,update
FN:59,(anonymous_4)
FN:63,remove
FN:66,(anonymous_6)
FN:75,compact
FN:77,(anonymous_8)
FNF:9
FNH:9
FNDA:1,getAll
FNDA:2,search
FNDA:3,create
FNDA:2,update
FNDA:2,(anonymous_4)
FNDA:1,remove
FNDA:1,(anonymous_6)
FNDA:5,compact
FNDA:19,(anonymous_8)
DA:19,9
DA:20,9
DA:22,9
DA:30,1
DA:41,2
DA:48,3
DA:57,2
DA:59,2
DA:64,1
DA:66,1
DA:76,5
DA:77,19
DA:79,5
LF:13
LH:13
BRDA:19,0,0,9
BRDA:19,0,1,9
BRDA:19,1,0,3
BRDA:19,1,1,3
BRDA:19,1,2,3
BRDA:77,2,0,19
BRDA:77,2,1,19
BRF:7
BRH:7
end_of_record
TN:
SF:src/app/features/suppliers/supplier-form-dialog/supplier-form-dialog.component.html
FN:5,SupplierFormDialogComponent_Template_form_ngSubmit_3_listener
FN:48,SupplierFormDialogComponent_Template_button_click_35_listener
FNF:2
FNH:2
FNDA:7,SupplierFormDialogComponent_Template_form_ngSubmit_3_listener
FNDA:1,SupplierFormDialogComponent_Template_button_click_35_listener
DA:1,12
DA:2,45
DA:3,12
DA:5,45
DA:6,12
DA:8,45
DA:9,45
DA:10,45
DA:11,1
DA:13,12
DA:15,12
DA:16,45
DA:17,45
DA:18,45
DA:19,5
DA:21,12
DA:23,12
DA:24,45
DA:25,45
DA:26,12
DA:28,12
DA:29,45
DA:30,45
DA:31,45
DA:32,1
DA:34,12
DA:36,12
DA:37,45
DA:38,45
DA:39,12
DA:42,45
DA:43,1
DA:45,12
DA:47,12
DA:48,12
DA:49,45
DA:50,12
DA:51,12
DA:55,45
DA:57,45
DA:58,12
LF:41
LH:41
BRDA:2,0,0,11
BRDA:2,0,1,34
BRDA:10,1,0,46
BRDA:10,1,1,45
BRDA:18,2,0,5
BRDA:18,2,1,40
BRDA:31,3,0,46
BRDA:31,3,1,45
BRDA:42,4,0,1
BRDA:42,4,1,44
BRDA:55,5,0,45
BRDA:55,5,1,24
BRF:12
BRH:12
end_of_record
TN:
SF:src/app/features/suppliers/supplier-form-dialog/supplier-form-dialog.component.ts
FN:53,submit
FN:61,(anonymous_1)
FN:65,(anonymous_2)
FN:73,cancel
FN:77,request
FN:30,template
FNF:6
FNH:6
FNDA:7,submit
FNDA:4,(anonymous_1)
FNDA:1,(anonymous_2)
FNDA:1,cancel
FNDA:5,request
FNDA:2,template
DA:30,57
DA:31,12
DA:32,12
DA:35,12
DA:37,12
DA:38,12
DA:40,12
DA:41,12
DA:45,12
DA:54,7
DA:55,2
DA:57,5
DA:58,5
DA:60,5
DA:62,4
DA:63,4
DA:67,1
DA:68,1
DA:74,1
DA:78,5
LF:20
LH:20
BRDA:46,0,0,12
BRDA:46,0,1,8
BRDA:47,1,0,12
BRDA:47,1,1,9
BRDA:48,2,0,12
BRDA:48,2,1,9
BRDA:49,3,0,12
BRDA:49,3,1,8
BRDA:50,4,0,12
BRDA:50,4,1,9
BRDA:54,5,0,2
BRDA:54,5,1,5
BRDA:54,6,0,7
BRDA:54,6,1,5
BRDA:78,7,0,2
BRDA:78,7,1,3
BRDA:30,8,0,12
BRDA:30,8,1,12
BRDA:30,9,0,12
BRDA:30,9,1,45
BRDA:30,10,0,2
BRDA:30,10,1,2
BRDA:30,10,2,2
BRDA:30,11,0,2
BRDA:30,11,1,2
BRDA:30,11,2,2
BRF:26
BRH:26
end_of_record
TN:
SF:src/app/features/suppliers/supplier-list/supplier-list.component.html
FN:65,SupplierListComponent_td_28_Conditional_4_Template_button_click_0_listener
FN:55,SupplierListComponent_td_28_Template_button_click_1_listener
FN:3,SupplierListComponent_Template_button_click_4_listener
FN:87,SupplierListComponent_Template_mat_paginator_page_32_listener
FNF:4
FNH:4
FNDA:4,SupplierListComponent_td_28_Conditional_4_Template_button_click_0_listener
FNDA:1,SupplierListComponent_td_28_Template_button_click_1_listener
FNDA:2,SupplierListComponent_Template_button_click_4_listener
FNDA:1,SupplierListComponent_Template_mat_paginator_page_32_listener
DA:1,17
DA:2,27
DA:3,17
DA:4,27
DA:5,17
DA:8,27
DA:9,1
DA:13,27
DA:14,1
DA:17,17
DA:18,27
DA:19,17
DA:20,27
DA:21,78
DA:26,17
DA:27,27
DA:28,78
DA:31,17
DA:32,27
DA:33,78
DA:38,17
DA:39,27
DA:40,78
DA:43,17
DA:44,27
DA:45,78
DA:48,17
DA:49,27
DA:50,66
DA:55,1
DA:57,78
DA:58,66
DA:59,78
DA:60,62
DA:65,4
DA:67,62
DA:70,66
DA:73,27
DA:74,66
DA:75,17
DA:78,27
DA:79,1
DA:82,17
DA:83,27
DA:87,17
LF:45
LH:45
BRDA:28,0,0,78
BRDA:28,0,1,77
BRDA:33,1,0,78
BRDA:33,1,1,77
BRDA:40,2,0,78
BRDA:40,2,1,77
BRDA:59,3,0,74
BRDA:59,3,1,4
BRDA:8,4,0,1
BRDA:8,4,1,26
BRDA:13,5,0,1
BRDA:13,5,1,26
BRDA:78,6,0,1
BRDA:78,6,1,26
BRDA:78,7,0,27
BRDA:78,7,1,26
BRDA:78,7,2,25
BRF:17
BRH:17
end_of_record
TN:
SF:src/app/features/suppliers/supplier-list/supplier-list.component.ts
FN:46,(anonymous_0)
FN:56,(anonymous_1)
FN:70,ngOnInit
FN:74,openCreate
FN:78,openEdit
FN:82,confirmDelete
FN:92,(anonymous_6)
FN:99,openForm
FN:103,(anonymous_8)
FN:111,remove
FN:114,(anonymous_10)
FN:118,(anonymous_11)
FN:122,onPage
FN:133,clampPageIndex
FN:140,load
FN:145,(anonymous_15)
FN:150,(anonymous_16)
FN:39,template
FNF:18
FNH:18
FNDA:14,(anonymous_0)
FNDA:21,(anonymous_1)
FNDA:17,ngOnInit
FNDA:2,openCreate
FNDA:1,openEdit
FNDA:4,confirmDelete
FNDA:4,(anonymous_6)
FNDA:3,openForm
FNDA:3,(anonymous_8)
FNDA:3,remove
FNDA:2,(anonymous_10)
FNDA:1,(anonymous_11)
FNDA:3,onPage
FNDA:19,clampPageIndex
FNDA:21,load
FNDA:19,(anonymous_15)
FNDA:1,(anonymous_16)
FNDA:2,template
DA:24,2
DA:39,44
DA:40,17
DA:41,17
DA:42,17
DA:43,17
DA:46,17
DA:48,17
DA:53,17
DA:54,17
DA:56,17
DA:57,21
DA:58,21
DA:60,17
DA:61,17
DA:68,17
DA:71,17
DA:75,2
DA:79,1
DA:83,4
DA:89,4
DA:93,4
DA:94,3
DA:100,3
DA:104,3
DA:105,2
DA:106,2
DA:112,3
DA:115,2
DA:116,2
DA:118,1
DA:123,3
DA:124,3
DA:134,19
DA:135,19
DA:136,1
DA:141,21
DA:142,21
DA:144,21
DA:146,19
DA:147,19
DA:148,19
DA:151,1
DA:152,1
DA:153,1
LF:45
LH:45
BRDA:93,0,0,3
BRDA:93,0,1,1
BRDA:104,1,0,2
BRDA:104,1,1,1
BRDA:105,2,0,1
BRDA:105,2,1,1
BRDA:135,3,0,1
BRDA:135,3,1,18
BRDA:39,4,0,17
BRDA:39,4,1,17
BRDA:39,5,0,17
BRDA:39,5,1,27
BRDA:39,6,0,2
BRDA:39,6,1,2
BRDA:39,6,2,2
BRDA:39,7,0,2
BRDA:39,7,1,2
BRDA:39,7,2,2
BRF:18
BRH:18
end_of_record
TN:
SF:src/app/shared/chart/chart-data.ts
FN:20,topNWithRemainder
FN:25,(anonymous_1)
FN:32,(anonymous_2)
FNF:3
FNH:3
FNDA:192,topNWithRemainder
FNDA:268,(anonymous_1)
FNDA:8,(anonymous_2)
DA:7,2
DA:25,268
DA:27,192
DA:28,185
DA:31,7
DA:32,8
DA:34,7
LF:7
LH:7
BRDA:23,0,0,192
BRDA:27,1,0,185
BRDA:27,1,1,7
BRF:3
BRH:3
end_of_record
TN:
SF:src/app/shared/chart/chart-format.ts
FN:40,chartFormat
FN:46,(anonymous_1)
FN:47,(anonymous_2)
FN:48,(anonymous_3)
FN:49,(anonymous_4)
FN:50,(anonymous_5)
FNF:6
FNH:6
FNDA:160,chartFormat
FNDA:24,(anonymous_1)
FNDA:6,(anonymous_2)
FNDA:8,(anonymous_3)
FNDA:2,(anonymous_4)
FNDA:2,(anonymous_5)
DA:41,160
DA:42,160
DA:43,160
DA:45,160
DA:46,24
DA:47,6
DA:48,8
DA:49,2
DA:50,2
LF:9
LH:9
BRF:0
BRH:0
end_of_record
TN:
SF:src/app/shared/chart/chart.component.ts
FN:86,(anonymous_0)
FN:119,constructor
FN:123,(anonymous_2)
FN:126,(anonymous_3)
FN:130,(anonymous_4)
FN:133,(anonymous_5)
FN:138,ngAfterViewInit
FN:143,ngOnDestroy
FN:149,create
FN:162,applyOption
FN:166,destroyChart
FN:172,observeResize
FN:176,(anonymous_12)
FN:103,viewQuery
FN:111,(anonymous_14)
FNF:15
FNH:14
FNDA:1,(anonymous_0)
FNDA:354,constructor
FNDA:709,(anonymous_2)
FNDA:355,(anonymous_3)
FNDA:776,(anonymous_4)
FNDA:422,(anonymous_5)
FNDA:354,ngAfterViewInit
FNDA:354,ngOnDestroy
FNDA:355,create
FNDA:777,applyOption
FNDA:709,destroyChart
FNDA:354,observeResize
FNDA:1,(anonymous_12)
FNDA:3,viewQuery
FNDA:0,(anonymous_14)
DA:48,3
DA:84,3
DA:86,1
DA:89,3
DA:91,3
DA:100,422
DA:103,776
DA:104,354
DA:105,354
DA:107,354
DA:109,354
DA:111,354
DA:113,354
DA:115,354
DA:117,354
DA:123,354
DA:124,709
DA:125,709
DA:126,355
DA:130,354
DA:131,776
DA:132,776
DA:133,422
DA:139,354
DA:140,354
DA:144,354
DA:145,354
DA:146,354
DA:150,355
DA:153,355
DA:158,355
DA:163,777
DA:167,709
DA:168,709
DA:173,354
DA:174,352
DA:176,2
DA:177,2
LF:38
LH:38
BRDA:125,0,0,355
BRDA:125,0,1,354
BRDA:132,1,0,422
BRDA:132,1,1,354
BRDA:155,2,0,1
BRDA:155,2,1,354
BRDA:173,3,0,352
BRDA:173,3,1,2
BRDA:103,4,0,354
BRDA:103,4,1,354
BRDA:103,5,0,354
BRDA:103,5,1,422
BRDA:103,6,0,3
BRDA:103,6,1,3
BRDA:103,6,2,3
BRDA:103,7,0,3
BRDA:103,7,1,3
BRDA:103,7,2,3
BRF:18
BRH:18
end_of_record
TN:
SF:src/app/shared/confirm-dialog/confirm-dialog.component.html
FN:11,ConfirmDialogComponent_Template_button_click_9_listener
FN:14,ConfirmDialogComponent_Template_button_click_12_listener
FNF:2
FNH:2
FNDA:1,ConfirmDialogComponent_Template_button_click_9_listener
FNDA:1,ConfirmDialogComponent_Template_button_click_12_listener
DA:1,6
DA:3,6
DA:4,6
DA:5,6
DA:6,1
DA:8,6
DA:10,6
DA:11,6
DA:12,6
DA:13,6
DA:14,6
DA:15,6
DA:16,6
LF:13
LH:13
BRDA:5,0,0,1
BRDA:5,0,1,5
BRF:2
BRH:2
end_of_record
TN:
SF:src/app/shared/confirm-dialog/confirm-dialog.component.ts
FN:26,confirm
FN:30,cancel
FN:21,template
FNF:3
FNH:3
FNDA:1,confirm
FNDA:1,cancel
FNDA:2,template
DA:21,12
DA:22,6
DA:24,6
DA:27,1
DA:31,1
LF:5
LH:5
BRDA:21,0,0,6
BRDA:21,0,1,6
BRDA:21,1,0,6
BRDA:21,1,1,6
BRDA:21,2,0,2
BRDA:21,2,1,2
BRDA:21,2,2,2
BRDA:21,3,0,2
BRDA:21,3,1,2
BRDA:21,3,2,2
BRF:10
BRH:10
end_of_record
TN:
SF:src/app/shared/csv/csv-export.ts
FN:32,buildCsv
FN:38,(anonymous_1)
FN:39,(anonymous_2)
FN:46,downloadCsv
FN:62,(anonymous_4)
FN:65,format
FN:78,quote
FNF:7
FNH:7
FNDA:14,buildCsv
FNDA:30,(anonymous_1)
FNDA:110,(anonymous_2)
FNDA:2,downloadCsv
FNDA:1,(anonymous_4)
FNDA:110,format
FNDA:110,quote
DA:15,3
DA:17,3
DA:22,3
DA:24,3
DA:37,14
DA:38,14
DA:39,110
DA:42,14
DA:47,2
DA:48,2
DA:49,2
DA:50,2
DA:51,2
DA:52,2
DA:60,3
DA:62,1
DA:66,110
DA:67,1
DA:69,109
DA:72,31
DA:74,78
DA:79,110
DA:80,107
DA:82,3
LF:24
LH:24
BRDA:37,0,0,14
BRDA:37,0,1,1
BRDA:66,1,0,1
BRDA:66,1,1,109
BRDA:69,2,0,31
BRDA:69,2,1,78
BRDA:79,3,0,107
BRDA:79,3,1,3
BRDA:79,4,0,110
BRDA:79,4,1,108
BRDA:79,4,2,107
BRF:11
BRH:11
end_of_record
TN:
SF:src/app/shared/footer/footer.component.html
FNF:0
FNH:0
DA:1,87
DA:3,105
DA:4,105
DA:7,87
DA:8,105
DA:9,105
DA:10,87
DA:11,105
DA:12,105
DA:13,87
DA:16,105
DA:17,15
DA:18,16
DA:19,16
DA:20,14
DA:21,14
DA:22,14
DA:24,2
DA:26,15
DA:28,87
LF:20
LH:20
BRDA:19,0,0,14
BRDA:19,0,1,2
BRDA:16,1,0,16
BRDA:16,1,1,89
BRF:4
BRH:4
end_of_record
TN:
SF:src/app/shared/footer/footer.component.ts
FN:32,constructor
FN:38,(anonymous_1)
FN:41,(anonymous_2)
FN:22,template
FNF:4
FNH:4
FNDA:87,constructor
FNDA:23,(anonymous_1)
FNDA:16,(anonymous_2)
FNDA:3,template
DA:9,3
DA:22,192
DA:23,87
DA:27,87
DA:28,87
DA:30,87
DA:36,87
DA:38,23
DA:41,16
LF:9
LH:9
BRDA:22,0,0,87
BRDA:22,0,1,87
BRDA:22,1,0,87
BRDA:22,1,1,105
BRDA:22,2,0,3
BRDA:22,2,1,3
BRDA:22,2,2,3
BRDA:22,3,0,3
BRDA:22,3,1,3
BRDA:22,3,2,3
BRF:10
BRH:10
end_of_record
TN:
SF:src/app/shared/format/app-currency.pipe.ts
FN:10,transform
FNF:1
FNH:1
FNDA:1606,transform
DA:7,631
DA:8,642
DA:11,1606
LF:3
LH:3
BRDA:7,0,0,631
BRDA:7,0,1,631
BRDA:7,1,0,3
BRDA:7,1,1,3
BRDA:7,1,2,3
BRF:5
BRH:5
end_of_record
TN:
SF:src/app/shared/format/app-date-time.pipe.ts
FN:10,transform
FNF:1
FNH:1
FNDA:511,transform
DA:7,343
DA:8,354
DA:11,511
LF:3
LH:3
BRDA:7,0,0,343
BRDA:7,0,1,343
BRDA:7,1,0,3
BRDA:7,1,1,3
BRDA:7,1,2,3
BRF:5
BRH:5
end_of_record
TN:
SF:src/app/shared/format/app-date.pipe.ts
FN:17,transform
FNF:1
FNH:1
FNDA:201,transform
DA:14,160
DA:15,171
DA:18,201
LF:3
LH:3
BRDA:14,0,0,160
BRDA:14,0,1,160
BRDA:14,1,0,3
BRDA:14,1,1,3
BRDA:14,1,2,3
BRF:5
BRH:5
end_of_record
TN:
SF:src/app/shared/language-toggle/language-toggle.component.html
FN:9,LanguageToggleComponent_For_3_Template_button_click_0_listener
FNF:1
FNH:1
FNDA:2,LanguageToggleComponent_For_3_Template_button_click_0_listener
DA:1,86
DA:2,91
DA:3,170
DA:7,182
DA:9,2
DA:11,182
DA:12,170
DA:14,86
LF:8
LH:8
BRF:0
BRH:0
end_of_record
TN:
SF:src/app/shared/language-toggle/language-toggle.component.ts
FN:19,switchLanguage
FN:13,template
FNF:2
FNH:2
FNDA:2,switchLanguage
FNDA:3,template
DA:13,177
DA:14,86
DA:16,86
DA:17,86
DA:20,2
LF:5
LH:5
BRDA:13,0,0,86
BRDA:13,0,1,86
BRDA:13,1,0,86
BRDA:13,1,1,91
BRDA:13,2,0,3
BRDA:13,2,1,3
BRDA:13,2,2,3
BRDA:13,3,0,3
BRDA:13,3,1,3
BRDA:13,3,2,3
BRF:10
BRH:10
end_of_record
TN:
SF:src/app/shared/public-header/public-header.component.html
FNF:0
FNH:0
DA:1,40
DA:4,42
DA:6,40
DA:10,40
LF:4
LH:4
BRF:0
BRH:0
end_of_record
TN:
SF:src/app/shared/public-header/public-header.component.ts
FN:31,template
FNF:1
FNH:1
FNDA:3,template
DA:31,82
LF:1
LH:1
BRDA:31,0,0,40
BRDA:31,0,1,40
BRDA:31,1,0,40
BRDA:31,1,1,42
BRDA:31,2,0,3
BRDA:31,2,1,3
BRDA:31,2,2,3
BRDA:31,3,0,3
BRDA:31,3,1,3
BRDA:31,3,2,3
BRF:10
BRH:10
end_of_record
TN:
SF:src/app/shared/shell/shell.component.html
FN:8,ShellComponent_Conditional_1_Template_button_click_0_listener
FN:46,ShellComponent_Conditional_8_Template_button_click_0_listener
FN:51,ShellComponent_Conditional_9_Template_button_click_0_listener
FN:63,ShellComponent_Template_mat_sidenav_openedChange_11_listener
FN:72,ShellComponent_Template_a_click_14_listener
FN:76,ShellComponent_Template_a_click_17_listener
FN:79,ShellComponent_Template_a_click_20_listener
FN:86,ShellComponent_Template_a_click_23_listener
FN:90,ShellComponent_Template_a_click_26_listener
FN:97,ShellComponent_Template_a_click_29_listener
FN:105,ShellComponent_Template_a_click_32_listener
FN:113,ShellComponent_Template_a_click_35_listener
FN:118,ShellComponent_Template_a_click_40_listener
FN:133,ShellComponent_Template_button_click_47_listener
FNF:14
FNH:14
FNDA:11,ShellComponent_Conditional_1_Template_button_click_0_listener
FNDA:1,ShellComponent_Conditional_8_Template_button_click_0_listener
FNDA:2,ShellComponent_Conditional_9_Template_button_click_0_listener
FNDA:25,ShellComponent_Template_mat_sidenav_openedChange_11_listener
FNDA:3,ShellComponent_Template_a_click_14_listener
FNDA:1,ShellComponent_Template_a_click_17_listener
FNDA:1,ShellComponent_Template_a_click_20_listener
FNDA:1,ShellComponent_Template_a_click_23_listener
FNDA:1,ShellComponent_Template_a_click_26_listener
FNDA:1,ShellComponent_Template_a_click_29_listener
FNDA:1,ShellComponent_Template_a_click_32_listener
FNDA:1,ShellComponent_Template_a_click_35_listener
FNDA:1,ShellComponent_Template_a_click_40_listener
FNDA:1,ShellComponent_Template_button_click_47_listener
DA:1,43
DA:2,113
DA:3,13
DA:8,11
DA:10,13
DA:16,113
DA:17,86
DA:19,113
DA:20,2
DA:21,2
DA:22,2
DA:24,43
DA:32,113
DA:33,25
DA:39,113
DA:40,14
DA:45,27
DA:46,1
DA:48,14
DA:51,29
DA:52,86
DA:53,29
DA:55,43
DA:57,43
DA:61,113
DA:63,43
DA:65,43
DA:71,113
DA:72,43
DA:74,113
DA:75,43
DA:76,43
DA:77,113
DA:78,43
DA:79,43
DA:80,113
DA:81,43
DA:82,43
DA:86,43
DA:88,113
DA:89,43
DA:90,43
DA:91,113
DA:92,43
DA:93,43
DA:97,43
DA:99,113
DA:100,43
DA:101,43
DA:105,43
DA:107,113
DA:108,43
DA:109,43
DA:113,43
DA:115,43
DA:116,113
DA:117,43
DA:118,43
DA:119,43
DA:120,113
DA:121,43
DA:126,43
DA:132,43
DA:133,43
DA:134,43
DA:135,113
DA:136,43
DA:141,43
DA:143,43
DA:144,43
DA:150,43
LF:71
LH:71
BRDA:2,0,0,60
BRDA:2,0,1,53
BRDA:16,1,0,86
BRDA:16,1,1,27
BRDA:19,2,0,2
BRDA:19,2,1,111
BRDA:32,3,0,138
BRDA:32,3,1,141
BRDA:39,4,0,27
BRDA:39,4,1,86
BRDA:61,5,0,53
BRDA:61,5,1,60
BRF:12
BRH:12
end_of_record
TN:
SF:src/app/shared/shell/shell.component.ts
FN:71,constructor
FN:75,(anonymous_1)
FN:80,(anonymous_2)
FN:90,(anonymous_3)
FN:95,(anonymous_4)
FN:105,showWarning
FN:112,(anonymous_6)
FN:115,toggleSidenav
FN:116,(anonymous_8)
FN:120,onNavClick
FN:126,logout
FN:40,template
FNF:12
FNH:12
FNDA:43,constructor
FNDA:43,(anonymous_1)
FNDA:43,(anonymous_2)
FNDA:43,(anonymous_3)
FNDA:47,(anonymous_4)
FNDA:3,showWarning
FNDA:1,(anonymous_6)
FNDA:11,toggleSidenav
FNDA:11,(anonymous_8)
FNDA:11,onNavClick
FNDA:4,logout
FNDA:2,template
DA:40,156
DA:41,43
DA:42,43
DA:43,43
DA:46,43
DA:50,43
DA:54,43
DA:59,43
DA:61,43
DA:63,43
DA:64,43
DA:65,43
DA:66,43
DA:69,43
DA:72,43
DA:75,43
DA:77,43
DA:81,43
DA:84,43
DA:89,43
DA:90,43
DA:91,43
DA:92,43
DA:95,47
DA:106,3
DA:112,3
DA:116,11
DA:121,11
DA:122,10
DA:128,4
DA:129,4
LF:31
LH:31
BRDA:95,0,0,3
BRDA:95,0,1,44
BRDA:121,1,0,10
BRDA:121,1,1,1
BRDA:40,2,0,43
BRDA:40,2,1,43
BRDA:40,3,0,43
BRDA:40,3,1,113
BRDA:40,4,0,2
BRDA:40,4,1,2
BRDA:40,4,2,2
BRDA:40,5,0,2
BRDA:40,5,1,2
BRDA:40,5,2,2
BRF:14
BRH:14
end_of_record
TN:
SF:src/app/shared/theme-toggle/theme-toggle.component.html
FN:7,ThemeToggleComponent_Template_button_click_0_listener
FNF:1
FNH:1
FNDA:1,ThemeToggleComponent_Template_button_click_0_listener
DA:1,86
DA:6,87
DA:7,86
DA:9,87
LF:4
LH:4
BRF:0
BRH:0
end_of_record
TN:
SF:src/app/shared/theme-toggle/theme-toggle.component.ts
FN:17,(anonymous_0)
FN:21,(anonymous_1)
FN:22,(anonymous_2)
FN:26,toggle
FN:14,template
FNF:5
FNH:5
FNDA:87,(anonymous_0)
FNDA:87,(anonymous_1)
FNDA:87,(anonymous_2)
FNDA:1,toggle
FNDA:3,template
DA:14,173
DA:15,86
DA:17,87
DA:21,87
DA:22,86
DA:23,87
DA:27,1
LF:7
LH:7
BRDA:21,0,0,3
BRDA:21,0,1,84
BRDA:23,1,0,3
BRDA:23,1,1,84
BRDA:14,2,0,86
BRDA:14,2,1,86
BRDA:14,3,0,86
BRDA:14,3,1,87
BRDA:14,4,0,3
BRDA:14,4,1,3
BRDA:14,4,2,3
BRDA:14,5,0,3
BRDA:14,5,1,3
BRDA:14,5,2,3
BRF:14
BRH:14
end_of_record
TN:
SF:src/app/shared/typeahead/typeahead.component.html
FN:22,TypeaheadComponent_Conditional_5_Template_button_click_0_listener
FN:12,TypeaheadComponent_Template_input_input_4_listener
FN:28,TypeaheadComponent_Template_mat_autocomplete_optionSelected_6_listener
FNF:3
FNH:3
FNDA:1,TypeaheadComponent_Conditional_5_Template_button_click_0_listener
FNDA:32,TypeaheadComponent_Template_input_input_4_listener
FNDA:8,TypeaheadComponent_Template_mat_autocomplete_optionSelected_6_listener
DA:1,514
DA:2,668
DA:4,514
DA:9,668
DA:12,514
DA:15,668
DA:16,25
DA:22,1
DA:24,25
DA:28,514
DA:29,668
DA:30,44
DA:34,668
DA:35,25
DA:36,70
DA:37,25
DA:39,514
DA:42,668
DA:43,4
LF:19
LH:19
BRDA:15,0,0,787
BRDA:15,0,1,668
BRDA:34,1,0,70
BRDA:34,1,1,598
BRDA:42,2,0,5
BRDA:42,2,1,663
BRF:6
BRH:6
end_of_record
TN:
SF:src/app/shared/typeahead/typeahead.component.ts
FN:81,(anonymous_0)
FN:85,(anonymous_1)
FN:89,constructor
FN:96,(anonymous_3)
FN:109,(anonymous_4)
FN:114,(anonymous_5)
FN:117,(anonymous_6)
FN:122,(anonymous_7)
FN:128,onInput
FN:138,onSelected
FN:146,clear
FN:154,reset
FN:54,template
FNF:13
FNH:13
FNDA:582,(anonymous_0)
FNDA:555,(anonymous_1)
FNDA:514,constructor
FNDA:28,(anonymous_3)
FNDA:25,(anonymous_4)
FNDA:3,(anonymous_5)
FNDA:25,(anonymous_6)
FNDA:27,(anonymous_7)
FNDA:32,onInput
FNDA:8,onSelected
FNDA:31,clear
FNDA:30,reset
FNDA:3,template
DA:23,3
DA:26,3
DA:54,1182
DA:56,514
DA:59,514
DA:62,514
DA:64,514
DA:67,514
DA:69,514
DA:70,514
DA:71,514
DA:74,514
DA:80,514
DA:81,582
DA:85,555
DA:87,514
DA:90,514
DA:97,28
DA:98,3
DA:99,3
DA:101,25
DA:109,25
DA:114,3
DA:117,25
DA:123,27
DA:124,27
DA:129,32
DA:131,32
DA:132,0
DA:133,0
DA:135,32
DA:139,8
DA:140,8
DA:141,8
DA:142,8
DA:147,31
DA:148,31
DA:149,31
DA:150,31
DA:155,30
LF:40
LH:38
BRDA:81,0,0,582
BRDA:81,0,1,578
BRDA:81,0,2,570
BRDA:81,0,3,49
BRDA:85,1,0,555
BRDA:85,1,1,547
BRDA:97,2,0,3
BRDA:97,2,1,25
BRDA:131,3,0,0
BRDA:131,3,1,32
BRDA:54,4,0,514
BRDA:54,4,1,514
BRDA:54,5,0,514
BRDA:54,5,1,668
BRDA:54,6,0,3
BRDA:54,6,1,3
BRDA:54,6,2,3
BRDA:54,7,0,3
BRDA:54,7,1,3
BRDA:54,7,2,3
BRF:20
BRH:19
end_of_record
TN:
SF:src/app/testing/breakpoint-testing.ts
FN:22,constructor
FN:29,observe
FN:33,isMatched
FN:38,setMatches
FN:42,subjectFor
FNF:5
FNH:5
FNDA:72,constructor
FNDA:126,observe
FNDA:126,isMatched
FNDA:1,setMatches
FNDA:253,subjectFor
DA:9,2
DA:20,72
DA:23,72
DA:24,72
DA:25,31
DA:30,126
DA:34,126
DA:39,1
DA:43,253
LF:9
LH:9
BRDA:22,0,0,72
BRDA:22,1,0,72
BRDA:43,2,0,253
BRDA:43,2,1,252
BRDA:43,2,2,191
BRF:5
BRH:5
end_of_record
TN:
SF:src/app/testing/chart-testing.ts
FN:22,provideFakeChartEngine
FN:23,(anonymous_1)
FN:24,(anonymous_2)
FN:25,(anonymous_3)
FN:26,(anonymous_4)
FNF:5
FNH:5
FNDA:142,provideFakeChartEngine
FNDA:348,(anonymous_1)
FNDA:762,(anonymous_2)
FNDA:1,(anonymous_3)
FNDA:348,(anonymous_4)
DA:23,348
DA:24,762
DA:25,1
DA:26,348
DA:29,142
LF:5
LH:5
BRF:0
BRH:0
end_of_record
TN:
SF:src/app/testing/i18n-testing.ts
FN:11,provideTestTranslations
FN:13,(anonymous_1)
FN:14,(anonymous_2)
FNF:3
FNH:3
FNDA:583,provideTestTranslations
FNDA:583,(anonymous_1)
FNDA:625,(anonymous_2)
DA:12,583
DA:13,583
DA:14,625
LF:3
LH:3
BRDA:14,0,0,625
BRDA:14,0,1,2
BRF:2
BRH:2
end_of_record
TN:
SF:src/environments/environment.development.ts
FNF:0
FNH:0
DA:1,3
LF:1
LH:1
BRF:0
BRH:0
end_of_record
