TN:
SF:src/app/app.html
FNF:0
FNH:0
DA:1,1
LF:1
LH:1
BRF:0
BRH:0
end_of_record
TN:
SF:src/app/app.routes.ts
FN:8,(anonymous_0)
FN:9,(anonymous_1)
FN:13,(anonymous_2)
FN:14,(anonymous_3)
FN:18,(anonymous_4)
FN:19,(anonymous_5)
FN:23,(anonymous_6)
FN:23,(anonymous_7)
FN:28,(anonymous_8)
FN:29,(anonymous_9)
FN:33,(anonymous_10)
FN:34,(anonymous_11)
FN:40,(anonymous_12)
FN:41,(anonymous_13)
FN:49,(anonymous_14)
FN:50,(anonymous_15)
FN:56,(anonymous_16)
FN:57,(anonymous_17)
FN:63,(anonymous_18)
FN:64,(anonymous_19)
FN:72,(anonymous_20)
FN:73,(anonymous_21)
FN:79,(anonymous_22)
FN:80,(anonymous_23)
FN:86,(anonymous_24)
FN:87,(anonymous_25)
FN:93,(anonymous_26)
FN:94,(anonymous_27)
FN:100,(anonymous_28)
FN:101,(anonymous_29)
FN:107,(anonymous_30)
FN:108,(anonymous_31)
FN:120,(anonymous_32)
FN:121,(anonymous_33)
FN:131,(anonymous_34)
FN:132,(anonymous_35)
FNF:36
FNH:36
FNDA:3,(anonymous_0)
FNDA:3,(anonymous_1)
FNDA:2,(anonymous_2)
FNDA:2,(anonymous_3)
FNDA:2,(anonymous_4)
FNDA:2,(anonymous_5)
FNDA:14,(anonymous_6)
FNDA:14,(anonymous_7)
FNDA:3,(anonymous_8)
FNDA:3,(anonymous_9)
FNDA:2,(anonymous_10)
FNDA:2,(anonymous_11)
FNDA:2,(anonymous_12)
FNDA:2,(anonymous_13)
FNDA:2,(anonymous_14)
FNDA:2,(anonymous_15)
FNDA:2,(anonymous_16)
FNDA:2,(anonymous_17)
FNDA:2,(anonymous_18)
FNDA:2,(anonymous_19)
FNDA:2,(anonymous_20)
FNDA:2,(anonymous_21)
FNDA:2,(anonymous_22)
FNDA:2,(anonymous_23)
FNDA:2,(anonymous_24)
FNDA:2,(anonymous_25)
FNDA:2,(anonymous_26)
FNDA:2,(anonymous_27)
FNDA:2,(anonymous_28)
FNDA:2,(anonymous_29)
FNDA:3,(anonymous_30)
FNDA:3,(anonymous_31)
FNDA:13,(anonymous_32)
FNDA:13,(anonymous_33)
FNDA:6,(anonymous_34)
FNDA:6,(anonymous_35)
DA:5,2
DA:9,3
DA:14,2
DA:19,2
DA:23,14
DA:29,3
DA:34,2
DA:35,2
DA:41,2
DA:42,2
DA:50,2
DA:51,2
DA:57,2
DA:58,2
DA:64,2
DA:65,2
DA:73,2
DA:74,2
DA:80,2
DA:81,2
DA:87,2
DA:88,2
DA:94,2
DA:95,2
DA:101,2
DA:102,2
DA:108,3
DA:121,13
DA:132,6
LF:29
LH:29
BRF:0
BRH:0
end_of_record
TN:
SF:src/app/app.ts
FN:14,template
FNF:1
FNH:1
FNDA:1,template
DA:14,2
LF:1
LH:1
BRDA:14,0,0,1
BRDA:14,0,1,1
BRDA:14,1,0,1
BRDA:14,1,1,1
BRDA:14,2,0,1
BRDA:14,2,1,1
BRDA:14,2,2,1
BRDA:14,3,0,1
BRDA:14,3,1,1
BRDA:14,3,2,1
BRF:10
BRH:10
end_of_record
TN:
SF:src/app/core/auth/auth.service.ts
FN:42,(anonymous_0)
FN:44,(anonymous_1)
FN:49,(anonymous_2)
FN:63,(anonymous_3)
FN:71,(anonymous_4)
FN:76,constructor
FN:81,login
FN:86,demoLogin
FN:90,logout
FN:101,authenticate
FN:103,(anonymous_10)
FN:111,storeToken
FN:121,readStoredToken
FN:129,clearStoredToken
FN:137,decodePayload
FNF:15
FNH:15
FNDA:54,(anonymous_0)
FNDA:50,(anonymous_1)
FNDA:42,(anonymous_2)
FNDA:4,(anonymous_3)
FNDA:4,(anonymous_4)
FNDA:74,constructor
FNDA:5,login
FNDA:2,demoLogin
FNDA:5,logout
FNDA:7,authenticate
FNDA:3,(anonymous_10)
FNDA:3,storeToken
FNDA:74,readStoredToken
FNDA:5,clearStoredToken
FNDA:54,decodePayload
DA:10,3
DA:34,74
DA:35,74
DA:37,74
DA:40,74
DA:42,74
DA:44,74
DA:45,50
DA:46,50
DA:49,74
DA:50,42
DA:51,24
DA:53,18
DA:54,42
DA:63,74
DA:71,74
DA:72,4
DA:73,4
DA:78,74
DA:82,5
DA:87,2
DA:91,5
DA:92,5
DA:102,7
DA:104,3
DA:105,3
DA:112,3
DA:113,3
DA:118,3
DA:122,74
DA:123,74
DA:125,0
DA:130,5
DA:131,5
DA:138,54
DA:139,26
DA:141,28
DA:142,28
DA:143,28
DA:144,1
DA:146,27
DA:147,27
DA:148,27
DA:149,27
DA:151,0
LF:45
LH:43
BRDA:46,0,0,50
BRDA:46,0,1,24
BRDA:50,1,0,24
BRDA:50,1,1,18
BRDA:54,2,0,18
BRDA:54,2,1,0
BRDA:54,3,0,42
BRDA:54,3,1,5
BRDA:63,4,0,4
BRDA:63,4,1,2
BRDA:73,5,0,1
BRDA:73,5,1,3
BRDA:104,6,0,3
BRDA:104,6,1,0
BRDA:104,7,0,3
BRDA:104,7,1,3
BRDA:138,8,0,26
BRDA:138,8,1,28
BRDA:143,9,0,1
BRDA:143,9,1,27
BRDA:149,10,0,27
BRDA:149,10,1,0
BRDA:149,11,0,27
BRDA:149,11,1,27
BRDA:34,12,0,74
BRDA:34,12,1,74
BRDA:34,13,0,3
BRDA:34,13,1,3
BRDA:34,13,2,3
BRF:29
BRH:26
end_of_record
TN:
SF:src/app/core/auth/idle-logout.service.ts
FN:67,start
FN:78,(anonymous_1)
FN:79,(anonymous_2)
FN:84,stop
FN:103,notifyActivity
FN:113,(anonymous_5)
FN:115,rearm
FN:129,arm
FN:132,(anonymous_8)
FN:133,(anonymous_9)
FN:136,clearTimers
FN:147,expire
FNF:12
FNH:12
FNDA:27,start
FNDA:100,(anonymous_1)
FNDA:15,(anonymous_2)
FNDA:40,stop
FNDA:1,notifyActivity
FNDA:8,(anonymous_5)
FNDA:23,rearm
FNDA:46,arm
FNDA:12,(anonymous_8)
FNDA:5,(anonymous_9)
FNDA:86,clearTimers
FNDA:5,expire
DA:15,2
DA:23,2
DA:26,2
DA:35,2
DA:50,26
DA:51,26
DA:52,26
DA:53,26
DA:55,26
DA:56,26
DA:57,26
DA:58,26
DA:59,26
DA:61,26
DA:64,26
DA:68,27
DA:69,1
DA:71,26
DA:72,26
DA:73,104
DA:77,26
DA:78,100
DA:79,15
DA:80,26
DA:85,40
DA:86,40
DA:87,40
DA:88,40
DA:89,160
DA:91,40
DA:92,40
DA:93,40
DA:104,1
DA:105,0
DA:107,1
DA:108,1
DA:113,8
DA:116,23
DA:117,0
DA:119,23
DA:122,23
DA:123,4
DA:125,19
DA:126,19
DA:130,46
DA:131,46
DA:132,46
DA:133,46
DA:137,86
DA:138,46
DA:139,46
DA:141,86
DA:142,46
DA:143,46
DA:148,5
DA:149,5
DA:150,5
LF:57
LH:55
BRDA:68,0,0,1
BRDA:68,0,1,26
BRDA:104,1,0,0
BRDA:104,1,1,1
BRDA:116,2,0,0
BRDA:116,2,1,23
BRDA:122,3,0,4
BRDA:122,3,1,19
BRDA:122,4,0,23
BRDA:122,4,1,19
BRDA:137,5,0,46
BRDA:137,5,1,40
BRDA:141,6,0,46
BRDA:141,6,1,40
BRDA:50,7,0,26
BRDA:50,7,1,26
BRDA:50,8,0,2
BRDA:50,8,1,2
BRDA:50,8,2,2
BRF:19
BRH:17
end_of_record
TN:
SF:src/app/core/config/demo-mode.ts
FN:14,(anonymous_0)
FNF:1
FNH:1
FNDA:12,(anonymous_0)
DA:12,1
DA:14,12
LF:2
LH:2
BRF:0
BRH:0
end_of_record
TN:
SF:src/app/core/config/external-links.ts
FNF:0
FNH:0
DA:6,3
DA:7,3
LF:2
LH:2
BRF:0
BRH:0
end_of_record
TN:
SF:src/app/core/format/format.service.ts
FN:61,(anonymous_0)
FN:69,setDateFormat
FN:77,setNumberFormat
FN:86,formatDate
FN:99,formatDateTime
FN:107,formatCurrency
FN:123,formatNumber
FN:141,formatMonth
FN:159,formatPercent
FN:172,previewDate
FN:176,previewCurrency
FN:186,assemble
FN:188,(anonymous_12)
FN:188,(anonymous_13)
FN:207,formatter
FN:219,currencyFormatter
FN:230,numberFormatter
FN:242,percentFormatter
FN:251,toDate
FN:259,toSupported
FN:263,readStored
FN:272,persist
FNF:22
FNH:22
FNDA:402,(anonymous_0)
FNDA:8,setDateFormat
FNDA:35,setNumberFormat
FNDA:969,formatDate
FNDA:689,formatDateTime
FNDA:1652,formatCurrency
FNDA:16,formatNumber
FNDA:9,formatMonth
FNDA:8,formatPercent
FNDA:48,previewDate
FNDA:32,previewCurrency
FNDA:52,assemble
FNDA:156,(anonymous_12)
FNDA:468,(anonymous_13)
FNDA:1670,formatter
FNDA:1680,currencyFormatter
FNDA:13,numberFormatter
FNDA:6,percentFormatter
FNDA:1658,toDate
FNDA:859,toSupported
FNDA:816,readStored
FNDA:42,persist
DA:5,3
DA:9,3
DA:13,3
DA:14,3
DA:17,3
DA:20,3
DA:26,3
DA:44,408
DA:45,408
DA:47,408
DA:48,408
DA:52,408
DA:53,408
DA:61,408
DA:62,402
DA:63,402
DA:70,8
DA:71,8
DA:72,7
DA:73,7
DA:78,35
DA:79,35
DA:80,35
DA:81,35
DA:87,969
DA:88,969
DA:89,6
DA:91,963
DA:92,963
DA:93,959
DA:95,4
DA:100,689
DA:101,689
DA:102,34
DA:104,655
DA:108,1652
DA:109,1652
DA:110,4
DA:112,1648
DA:124,16
DA:125,16
DA:126,3
DA:128,13
DA:142,9
DA:143,9
DA:144,5
DA:148,4
DA:149,4
DA:160,8
DA:161,2
DA:163,6
DA:173,48
DA:177,32
DA:187,52
DA:188,468
DA:189,52
DA:199,3
DA:201,3
DA:208,1670
DA:209,1670
DA:210,1670
DA:211,16
DA:212,16
DA:214,1670
DA:217,3
DA:220,1680
DA:221,1680
DA:222,6
DA:223,6
DA:225,1680
DA:228,3
DA:231,13
DA:232,13
DA:233,4
DA:234,4
DA:236,13
DA:239,3
DA:243,6
DA:244,6
DA:245,4
DA:246,4
DA:248,6
DA:252,1658
DA:253,39
DA:255,1619
DA:256,1658
DA:260,859
DA:264,816
DA:265,816
DA:268,0
DA:273,42
DA:274,42
LF:92
LH:91
BRDA:63,0,0,391
BRDA:63,0,1,11
BRDA:71,1,0,7
BRDA:71,1,1,1
BRDA:79,2,0,35
BRDA:79,2,1,0
BRDA:88,3,0,6
BRDA:88,3,1,963
BRDA:92,4,0,959
BRDA:92,4,1,4
BRDA:101,5,0,34
BRDA:101,5,1,655
BRDA:108,6,0,0
BRDA:108,6,1,1652
BRDA:109,7,0,4
BRDA:109,7,1,1648
BRDA:109,8,0,1652
BRDA:109,8,1,1650
BRDA:109,8,2,1648
BRDA:124,9,0,1
BRDA:124,9,1,15
BRDA:125,10,0,3
BRDA:125,10,1,13
BRDA:125,11,0,16
BRDA:125,11,1,15
BRDA:125,11,2,14
BRDA:142,12,0,9
BRDA:142,12,1,2
BRDA:143,13,0,5
BRDA:143,13,1,4
BRDA:144,14,0,5
BRDA:144,14,1,2
BRDA:160,15,0,2
BRDA:160,15,1,6
BRDA:160,16,0,8
BRDA:160,16,1,7
BRDA:160,16,2,6
BRDA:188,17,0,156
BRDA:188,17,1,0
BRDA:44,18,0,408
BRDA:44,18,1,408
BRDA:44,19,0,3
BRDA:44,19,1,3
BRDA:44,19,2,3
BRDA:210,20,0,16
BRDA:210,20,1,1654
BRDA:221,21,0,6
BRDA:221,21,1,1674
BRDA:232,22,0,4
BRDA:232,22,1,9
BRDA:244,23,0,4
BRDA:244,23,1,2
BRDA:252,24,0,39
BRDA:252,24,1,1619
BRDA:252,25,0,1658
BRDA:252,25,1,1623
BRDA:252,25,2,1620
BRDA:255,26,0,708
BRDA:255,26,1,911
BRDA:256,27,0,1
BRDA:256,27,1,1618
BRDA:260,28,0,44
BRDA:260,28,1,815
BRDA:265,29,0,816
BRDA:265,29,1,814
BRDA:265,30,0,816
BRDA:265,30,1,814
BRF:67
BRH:64
end_of_record
TN:
SF:src/app/core/guards/auth.guard.ts
FN:6,(anonymous_0)
FN:17,(anonymous_1)
FNF:2
FNH:2
FNDA:14,(anonymous_0)
FNDA:2,(anonymous_1)
DA:6,2
DA:7,14
DA:8,14
DA:10,14
DA:17,2
DA:18,2
DA:19,2
DA:21,2
LF:8
LH:8
BRDA:10,0,0,13
BRDA:10,0,1,1
BRDA:21,1,0,1
BRDA:21,1,1,1
BRDA:21,2,0,2
BRDA:21,2,1,2
BRF:6
BRH:6
end_of_record
TN:
SF:src/app/core/health/health.service.ts
FN:36,check
FN:40,(anonymous_1)
FN:41,(anonymous_2)
FN:46,elapsed
FNF:4
FNH:4
FNDA:10,check
FNDA:2,(anonymous_1)
FNDA:1,(anonymous_2)
FNDA:3,elapsed
DA:20,34
DA:21,34
DA:25,34
DA:37,10
DA:39,10
DA:40,2
DA:41,1
DA:47,3
LF:8
LH:8
BRDA:20,0,0,34
BRDA:20,0,1,34
BRDA:20,1,0,3
BRDA:20,1,1,3
BRDA:20,1,2,3
BRF:5
BRH:5
end_of_record
TN:
SF:src/app/core/i18n/language.service.ts
FN:36,initialize
FN:44,setLanguage
FN:54,resolveInitialLanguage
FN:62,toSupported
FN:68,readStored
FN:76,persist
FNF:6
FNH:6
FNDA:501,initialize
FNDA:120,setLanguage
FNDA:501,resolveInitialLanguage
FNDA:621,toSupported
FNDA:501,readStored
FNDA:599,persist
DA:5,3
DA:9,3
DA:11,3
DA:25,655
DA:26,655
DA:28,655
DA:30,655
DA:37,501
DA:38,501
DA:39,501
DA:40,501
DA:45,120
DA:46,120
DA:47,22
DA:49,98
DA:50,98
DA:51,98
DA:55,501
DA:56,501
DA:57,63
DA:59,438
DA:63,621
DA:69,501
DA:70,501
DA:72,0
DA:77,599
DA:78,599
LF:27
LH:26
BRDA:46,0,0,22
BRDA:46,0,1,98
BRDA:56,1,0,63
BRDA:56,1,1,438
BRDA:59,2,0,2
BRDA:59,2,1,436
BRDA:63,3,0,161
BRDA:63,3,1,460
BRDA:25,4,0,655
BRDA:25,4,1,655
BRDA:25,5,0,3
BRDA:25,5,1,3
BRDA:25,5,2,3
BRF:13
BRH:13
end_of_record
TN:
SF:src/app/core/interceptors/auth.interceptor.ts
FN:8,(anonymous_0)
FNF:1
FNH:1
FNDA:3,(anonymous_0)
DA:8,1
DA:9,3
DA:11,3
DA:12,3
DA:13,1
DA:16,3
LF:6
LH:6
BRDA:12,0,0,1
BRDA:12,0,1,2
BRDA:12,1,0,3
BRDA:12,1,1,2
BRF:4
BRH:4
end_of_record
TN:
SF:src/app/core/interceptors/error.interceptor.ts
FN:25,constructor
FN:41,(anonymous_1)
FN:46,(anonymous_2)
FN:64,(anonymous_3)
FN:74,extractCode
FN:88,extractMessage
FNF:6
FNH:6
FNDA:18,constructor
FNDA:12,(anonymous_1)
FNDA:11,(anonymous_2)
FNDA:11,(anonymous_3)
FNDA:11,extractCode
FNDA:11,extractMessage
DA:9,3
DA:11,3
DA:24,3
DA:27,18
DA:28,18
DA:30,18
DA:31,18
DA:41,3
DA:42,12
DA:43,12
DA:45,12
DA:47,11
DA:49,11
DA:50,2
DA:54,2
DA:55,1
DA:63,11
DA:64,11
DA:75,11
DA:76,0
DA:78,11
DA:79,11
DA:80,2
DA:81,2
DA:82,1
DA:85,10
DA:89,11
DA:90,0
DA:92,11
DA:93,11
DA:94,7
DA:95,7
DA:96,7
DA:99,4
LF:34
LH:32
BRDA:47,0,0,11
BRDA:47,0,1,11
BRDA:49,1,0,2
BRDA:49,1,1,9
BRDA:49,2,0,11
BRDA:49,2,1,4
BRDA:54,3,0,1
BRDA:54,3,1,1
BRDA:63,4,0,11
BRDA:63,4,1,0
BRDA:75,5,0,0
BRDA:75,5,1,11
BRDA:79,6,0,2
BRDA:79,6,1,9
BRDA:79,7,0,11
BRDA:79,7,1,7
BRDA:79,7,2,7
BRDA:81,8,0,1
BRDA:81,8,1,1
BRDA:81,9,0,2
BRDA:81,9,1,1
BRDA:89,10,0,0
BRDA:89,10,1,11
BRDA:93,11,0,7
BRDA:93,11,1,4
BRDA:93,12,0,11
BRDA:93,12,1,7
BRDA:93,12,2,7
BRDA:95,13,0,7
BRDA:95,13,1,0
BRDA:95,14,0,7
BRDA:95,14,1,7
BRF:32
BRH:28
end_of_record
TN:
SF:src/app/core/layout/layout.ts
FNF:0
FNH:0
DA:7,2
DA:16,2
LF:2
LH:2
BRF:0
BRH:0
end_of_record
TN:
SF:src/app/core/notifications/notification.service.ts
FN:23,success
FN:27,error
FN:31,show
FN:39,resolve
FNF:4
FNH:4
FNDA:5,success
FNDA:2,error
FNDA:7,show
FNDA:7,resolve
DA:5,3
DA:7,3
DA:19,7
DA:20,7
DA:21,7
DA:24,5
DA:28,2
DA:32,7
DA:40,7
DA:41,7
LF:10
LH:10
BRDA:41,0,0,4
BRDA:41,0,1,3
BRDA:41,1,0,7
BRDA:41,1,1,6
BRDA:19,2,0,7
BRDA:19,2,1,7
BRDA:19,3,0,3
BRDA:19,3,1,3
BRDA:19,3,2,3
BRF:9
BRH:9
end_of_record
TN:
SF:src/app/core/theme/theme.service.ts
FN:34,initialize
FN:39,setTheme
FN:51,toggle
FN:55,resolveInitialTheme
FN:63,prefersDark
FN:72,toSupported
FN:76,readStored
FN:84,persist
FNF:8
FNH:8
FNDA:20,initialize
FNDA:83,setTheme
FNDA:3,toggle
FNDA:20,resolveInitialTheme
FNDA:19,prefersDark
FNDA:103,toSupported
FNDA:20,readStored
FNDA:60,persist
DA:4,3
DA:8,3
DA:10,3
DA:12,3
DA:26,248
DA:27,248
DA:29,248
DA:31,248
DA:35,20
DA:40,83
DA:41,83
DA:42,23
DA:46,60
DA:47,60
DA:48,60
DA:52,3
DA:56,20
DA:57,20
DA:58,1
DA:60,19
DA:64,19
DA:65,19
DA:68,15
DA:73,103
DA:77,20
DA:78,20
DA:80,0
DA:85,60
DA:86,60
LF:29
LH:28
BRDA:41,0,0,23
BRDA:41,0,1,60
BRDA:52,1,0,1
BRDA:52,1,1,2
BRDA:57,2,0,1
BRDA:57,2,1,19
BRDA:60,3,0,2
BRDA:60,3,1,17
BRDA:65,4,0,19
BRDA:65,4,1,0
BRDA:73,5,0,61
BRDA:73,5,1,42
BRDA:26,6,0,248
BRDA:26,6,1,248
BRDA:26,7,0,3
BRDA:26,7,1,3
BRDA:26,7,2,3
BRF:17
BRH:16
end_of_record
TN:
SF:src/app/features/audit/audit.service.ts
FN:20,productChanges
FN:25,userChanges
FN:39,changes
FNF:3
FNH:3
FNDA:1,productChanges
FNDA:1,userChanges
FNDA:2,changes
DA:14,4
DA:15,4
DA:17,4
DA:21,1
DA:26,1
DA:40,2
DA:41,2
DA:42,1
DA:44,2
DA:45,1
DA:47,2
LF:11
LH:11
BRDA:41,0,0,1
BRDA:41,0,1,1
BRDA:44,1,0,1
BRDA:44,1,1,1
BRDA:14,2,0,4
BRDA:14,2,1,4
BRDA:14,3,0,3
BRDA:14,3,1,3
BRDA:14,3,2,3
BRF:9
BRH:9
end_of_record
TN:
SF:src/app/features/audit/change-history/change-history.component.html
FN:9,ChangeHistoryComponent_Template_button_click_4_listener
FNF:1
FNH:1
FNDA:2,ChangeHistoryComponent_Template_button_click_4_listener
DA:1,15
DA:3,18
DA:4,14
DA:6,4
DA:8,15
DA:9,15
DA:10,18
DA:11,15
DA:14,18
DA:15,1
DA:19,18
DA:20,1
DA:23,18
DA:24,1
DA:27,15
DA:28,18
DA:29,28
DA:31,28
DA:33,10
DA:35,13
DA:38,13
DA:39,10
DA:41,15
DA:42,12
DA:43,15
DA:44,12
DA:45,15
DA:48,22
DA:50,22
DA:51,28
DA:52,6
DA:53,6
DA:54,6
DA:57,28
DA:58,5
DA:60,23
DA:61,23
DA:62,17
DA:65,28
DA:69,15
LF:40
LH:40
BRDA:31,0,0,13
BRDA:31,0,1,15
BRDA:51,1,0,6
BRDA:51,1,1,22
BRDA:57,2,0,5
BRDA:57,2,1,23
BRDA:3,3,0,14
BRDA:3,3,1,4
BRDA:14,4,0,1
BRDA:14,4,1,17
BRDA:19,5,0,1
BRDA:19,5,1,17
BRDA:23,6,0,1
BRDA:23,6,1,17
BRDA:23,7,0,18
BRDA:23,7,1,17
BRDA:23,7,2,16
BRF:17
BRH:17
end_of_record
TN:
SF:src/app/features/audit/change-history/change-history.component.ts
FN:44,constructor
FN:47,(anonymous_1)
FN:51,isLifecycle
FN:59,isSelfActor
FN:64,goBack
FN:74,load
FN:92,(anonymous_6)
FN:97,(anonymous_7)
FN:33,template
FNF:9
FNH:9
FNDA:15,constructor
FNDA:16,(anonymous_1)
FNDA:56,isLifecycle
FNDA:28,isSelfActor
FNDA:2,goBack
FNDA:16,load
FNDA:14,(anonymous_6)
FNDA:1,(anonymous_7)
FNDA:2,template
DA:15,2
DA:33,33
DA:34,15
DA:35,15
DA:36,15
DA:38,15
DA:39,15
DA:40,15
DA:41,15
DA:42,15
DA:47,16
DA:52,56
DA:60,28
DA:67,2
DA:68,1
DA:69,1
DA:71,1
DA:75,16
DA:78,16
DA:79,16
DA:81,16
DA:82,16
DA:83,16
DA:84,16
DA:85,16
DA:88,16
DA:90,16
DA:93,14
DA:94,14
DA:98,1
DA:99,1
LF:31
LH:31
BRDA:60,0,0,28
BRDA:60,0,1,6
BRDA:67,1,0,1
BRDA:67,1,1,1
BRDA:78,2,0,4
BRDA:78,2,1,12
BRDA:79,3,0,16
BRDA:79,3,1,4
BRDA:88,4,0,12
BRDA:88,4,1,4
BRDA:33,5,0,15
BRDA:33,5,1,15
BRDA:33,6,0,15
BRDA:33,6,1,18
BRDA:33,7,0,2
BRDA:33,7,1,2
BRDA:33,7,2,2
BRDA:33,8,0,2
BRDA:33,8,1,2
BRDA:33,8,2,2
BRF:20
BRH:20
end_of_record
TN:
SF:src/app/features/auth/login/login.component.html
FN:17,LoginComponent_Template_form_ngSubmit_11_listener
FN:46,LoginComponent_Template_button_click_22_listener
FNF:2
FNH:2
FNDA:3,LoginComponent_Template_form_ngSubmit_11_listener
FNDA:2,LoginComponent_Template_button_click_22_listener
DA:1,11
DA:2,11
DA:4,11
DA:8,20
DA:9,11
DA:12,11
DA:13,20
DA:14,1
DA:17,20
DA:18,11
DA:19,20
DA:20,20
DA:21,11
DA:23,11
DA:24,20
DA:25,11
DA:27,20
DA:28,20
DA:34,11
DA:43,20
DA:46,11
DA:48,20
DA:52,20
DA:53,1
DA:56,1
DA:59,20
DA:60,20
DA:61,11
DA:66,11
DA:68,11
DA:69,20
DA:70,11
DA:76,11
DA:77,11
LF:34
LH:34
BRDA:13,0,0,1
BRDA:13,0,1,19
BRDA:27,1,0,2
BRDA:27,1,1,18
BRDA:43,2,0,2
BRDA:43,2,1,18
BRDA:48,3,0,2
BRDA:48,3,1,18
BRDA:52,4,0,2
BRDA:52,4,1,37
BRDA:60,5,0,0
BRDA:60,5,1,20
BRF:12
BRH:11
end_of_record
TN:
SF:src/app/features/auth/login/login.component.ts
FN:66,submit
FN:76,(anonymous_1)
FN:80,(anonymous_2)
FN:92,togglePasswordVisibility
FN:93,(anonymous_4)
FN:42,template
FNF:6
FNH:6
FNDA:3,submit
FNDA:1,(anonymous_1)
FNDA:2,(anonymous_2)
FNDA:2,togglePasswordVisibility
FNDA:2,(anonymous_4)
FNDA:2,template
DA:42,31
DA:43,11
DA:44,11
DA:46,11
DA:50,11
DA:51,11
DA:53,11
DA:58,11
DA:61,11
DA:67,3
DA:68,0
DA:70,3
DA:71,3
DA:72,3
DA:74,3
DA:75,3
DA:77,1
DA:78,1
DA:81,2
DA:84,2
DA:85,2
DA:86,2
DA:93,2
LF:23
LH:22
BRDA:67,0,0,0
BRDA:67,0,1,3
BRDA:67,1,0,3
BRDA:67,1,1,3
BRDA:84,2,0,2
BRDA:84,2,1,2
BRDA:85,3,0,1
BRDA:85,3,1,1
BRDA:86,4,0,1
BRDA:86,4,1,1
BRDA:42,5,0,11
BRDA:42,5,1,11
BRDA:42,6,0,11
BRDA:42,6,1,20
BRDA:42,7,0,2
BRDA:42,7,1,2
BRDA:42,7,2,2
BRDA:42,8,0,2
BRDA:42,8,1,2
BRDA:42,8,2,2
BRF:20
BRH:19
end_of_record
TN:
SF:src/app/features/auth/logout/logout.component.html
FNF:0
FNH:0
DA:1,5
DA:2,5
DA:4,5
DA:9,5
DA:10,5
DA:13,5
DA:15,5
DA:16,5
DA:20,5
DA:21,5
DA:22,5
DA:23,5
DA:24,5
DA:30,5
DA:31,5
LF:15
LH:15
BRF:0
BRH:0
end_of_record
TN:
SF:src/app/features/auth/logout/logout.component.ts
FN:30,template
FNF:1
FNH:1
FNDA:2,template
DA:30,10
LF:1
LH:1
BRDA:30,0,0,5
BRDA:30,0,1,5
BRDA:30,1,0,5
BRDA:30,1,1,5
BRDA:30,2,0,2
BRDA:30,2,1,2
BRDA:30,2,2,2
BRDA:30,3,0,2
BRDA:30,3,1,2
BRDA:30,3,2,2
BRF:10
BRH:10
end_of_record
TN:
SF:src/app/features/customers/customer.service.ts
FN:38,getAll
FN:43,create
FN:52,update
FN:55,(anonymous_3)
FN:59,remove
FN:62,(anonymous_5)
FN:70,compact
FN:72,(anonymous_7)
FNF:8
FNH:8
FNDA:1,getAll
FNDA:3,create
FNDA:2,update
FNDA:2,(anonymous_3)
FNDA:1,remove
FNDA:1,(anonymous_5)
FNDA:5,compact
FNDA:16,(anonymous_7)
DA:28,7
DA:29,7
DA:31,7
DA:39,1
DA:44,3
DA:53,2
DA:55,2
DA:60,1
DA:62,1
DA:71,5
DA:72,16
DA:74,5
LF:12
LH:12
BRDA:28,0,0,7
BRDA:28,0,1,7
BRDA:28,1,0,3
BRDA:28,1,1,3
BRDA:28,1,2,3
BRDA:72,2,0,16
BRDA:72,2,1,16
BRF:7
BRH:7
end_of_record
TN:
SF:src/app/features/customers/customer-form-dialog/customer-form-dialog.component.html
FN:5,CustomerFormDialogComponent_Template_form_ngSubmit_3_listener
FN:45,CustomerFormDialogComponent_Template_button_click_34_listener
FNF:2
FNH:2
FNDA:7,CustomerFormDialogComponent_Template_form_ngSubmit_3_listener
FNDA:1,CustomerFormDialogComponent_Template_button_click_34_listener
DA:1,23
DA:2,47
DA:3,23
DA:5,47
DA:6,23
DA:8,47
DA:9,47
DA:10,47
DA:11,1
DA:13,23
DA:15,23
DA:16,47
DA:17,47
DA:18,47
DA:19,5
DA:21,23
DA:23,23
DA:24,47
DA:25,47
DA:26,23
DA:28,23
DA:29,47
DA:30,47
DA:31,23
DA:33,23
DA:34,47
DA:35,47
DA:36,23
DA:39,47
DA:40,1
DA:42,23
DA:44,23
DA:45,23
DA:46,47
DA:47,23
DA:48,23
DA:52,47
DA:54,47
DA:55,23
LF:39
LH:39
BRDA:2,0,0,19
BRDA:2,0,1,28
BRDA:10,1,0,48
BRDA:10,1,1,47
BRDA:18,2,0,5
BRDA:18,2,1,42
BRDA:39,3,0,1
BRDA:39,3,1,46
BRDA:52,4,0,47
BRDA:52,4,1,22
BRF:10
BRH:10
end_of_record
TN:
SF:src/app/features/customers/customer-form-dialog/customer-form-dialog.component.ts
FN:46,(anonymous_0)
FN:60,submit
FN:67,cancel
FN:71,request
FN:36,template
FNF:5
FNH:5
FNDA:3,(anonymous_0)
FNDA:7,submit
FNDA:1,cancel
FNDA:4,request
FNDA:2,template
DA:36,70
DA:37,23
DA:38,23
DA:41,23
DA:43,23
DA:44,23
DA:46,23
DA:47,3
DA:52,23
DA:61,7
DA:62,3
DA:64,4
DA:68,1
DA:72,4
LF:14
LH:14
BRDA:53,0,0,23
BRDA:53,0,1,16
BRDA:54,1,0,23
BRDA:54,1,1,17
BRDA:55,2,0,23
BRDA:55,2,1,17
BRDA:56,3,0,23
BRDA:56,3,1,17
BRDA:57,4,0,23
BRDA:57,4,1,17
BRDA:61,5,0,3
BRDA:61,5,1,4
BRDA:61,6,0,7
BRDA:61,6,1,4
BRDA:72,7,0,2
BRDA:72,7,1,2
BRDA:36,8,0,23
BRDA:36,8,1,23
BRDA:36,9,0,23
BRDA:36,9,1,47
BRDA:36,10,0,2
BRDA:36,10,1,2
BRDA:36,10,2,2
BRDA:36,11,0,2
BRDA:36,11,1,2
BRDA:36,11,2,2
BRF:26
BRH:26
end_of_record
TN:
SF:src/app/features/customers/customer-list/customer-list.component.html
FN:11,CustomerListComponent_Conditional_5_Template_button_click_0_listener
FN:87,CustomerListComponent_td_30_Conditional_8_Template_button_click_0_listener
FN:68,CustomerListComponent_td_30_Template_button_click_1_listener
FN:77,CustomerListComponent_td_30_Template_button_click_4_listener
FN:17,CustomerListComponent_Template_button_click_6_listener
FN:109,CustomerListComponent_Template_mat_paginator_page_34_listener
FNF:6
FNH:6
FNDA:3,CustomerListComponent_Conditional_5_Template_button_click_0_listener
FNDA:4,CustomerListComponent_td_30_Conditional_8_Template_button_click_0_listener
FNDA:3,CustomerListComponent_td_30_Template_button_click_1_listener
FNDA:1,CustomerListComponent_td_30_Template_button_click_4_listener
FNDA:2,CustomerListComponent_Template_button_click_6_listener
FNDA:1,CustomerListComponent_Template_mat_paginator_page_34_listener
DA:1,25
DA:2,41
DA:3,25
DA:6,41
DA:7,21
DA:11,3
DA:13,21
DA:14,37
DA:15,21
DA:17,25
DA:18,41
DA:19,25
DA:23,41
DA:24,1
DA:28,41
DA:29,1
DA:32,25
DA:33,41
DA:34,25
DA:35,41
DA:36,106
DA:39,25
DA:40,41
DA:41,106
DA:44,25
DA:45,41
DA:46,106
DA:49,25
DA:50,41
DA:51,106
DA:54,25
DA:55,41
DA:56,106
DA:61,25
DA:62,41
DA:63,82
DA:68,3
DA:70,106
DA:71,82
DA:72,82
DA:76,106
DA:77,1
DA:79,82
DA:81,106
DA:82,68
DA:87,4
DA:89,68
DA:92,82
DA:95,41
DA:96,82
DA:97,25
DA:100,41
DA:101,2
DA:104,25
DA:105,41
DA:109,25
LF:56
LH:56
BRDA:41,0,0,106
BRDA:41,0,1,76
BRDA:46,1,0,106
BRDA:46,1,1,76
BRDA:51,2,0,106
BRDA:51,2,1,76
BRDA:81,3,0,88
BRDA:81,3,1,18
BRDA:6,4,0,37
BRDA:6,4,1,4
BRDA:23,5,0,1
BRDA:23,5,1,40
BRDA:28,6,0,1
BRDA:28,6,1,40
BRDA:100,7,0,2
BRDA:100,7,1,39
BRDA:100,8,0,41
BRDA:100,8,1,40
BRDA:100,8,2,39
BRF:19
BRH:19
end_of_record
TN:
SF:src/app/features/customers/customer-list/customer-list.component.ts
FN:60,(anonymous_0)
FN:70,(anonymous_1)
FN:72,ngOnInit
FN:76,openCreate
FN:80,openEdit
FN:91,exportCsv
FN:95,(anonymous_6)
FN:109,openSummary
FN:114,confirmDelete
FN:125,(anonymous_9)
FN:132,openForm
FN:136,(anonymous_11)
FN:144,remove
FN:147,(anonymous_13)
FN:151,(anonymous_14)
FN:51,template
FNF:16
FNH:16
FNDA:21,(anonymous_0)
FNDA:30,(anonymous_1)
FNDA:25,ngOnInit
FNDA:2,openCreate
FNDA:3,openEdit
FNDA:3,exportCsv
FNDA:6,(anonymous_6)
FNDA:1,openSummary
FNDA:4,confirmDelete
FNDA:4,(anonymous_9)
FNDA:5,openForm
FNDA:5,(anonymous_11)
FNDA:3,remove
FNDA:2,(anonymous_13)
FNDA:1,(anonymous_14)
FNDA:1,template
DA:51,66
DA:52,25
DA:53,25
DA:54,25
DA:55,25
DA:56,25
DA:57,25
DA:60,25
DA:64,25
DA:68,25
DA:70,30
DA:73,25
DA:77,2
DA:81,3
DA:92,3
DA:95,6
DA:110,1
DA:111,1
DA:115,4
DA:122,4
DA:126,4
DA:127,3
DA:133,5
DA:137,5
DA:138,3
DA:139,3
DA:145,3
DA:148,2
DA:149,2
DA:151,1
LF:30
LH:30
BRDA:126,0,0,3
BRDA:126,0,1,1
BRDA:137,1,0,3
BRDA:137,1,1,2
BRDA:138,2,0,2
BRDA:138,2,1,1
BRDA:51,3,0,25
BRDA:51,3,1,25
BRDA:51,4,0,25
BRDA:51,4,1,41
BRDA:51,5,0,1
BRDA:51,5,1,1
BRDA:51,5,2,1
BRDA:51,6,0,1
BRDA:51,6,1,1
BRDA:51,6,2,1
BRF:16
BRH:16
end_of_record
TN:
SF:src/app/features/customers/customer-summary-dialog/customer-summary-dialog.component.html
FNF:0
FNH:0
DA:1,6
DA:2,5
DA:3,5
DA:4,5
DA:5,1
DA:7,5
DA:9,1
DA:12,6
DA:13,6
DA:14,0
DA:19,6
DA:20,5
DA:21,5
DA:22,5
DA:24,5
DA:25,5
DA:27,5
DA:28,5
DA:30,5
DA:31,5
DA:33,5
DA:34,5
DA:37,6
DA:39,6
DA:41,6
DA:42,6
LF:26
LH:25
BRDA:4,0,0,1
BRDA:4,0,1,4
BRDA:1,1,0,5
BRDA:1,1,1,1
BRDA:13,2,0,0
BRDA:13,2,1,6
BRDA:19,3,0,5
BRDA:19,3,1,1
BRF:8
BRH:7
end_of_record
TN:
SF:src/app/features/customers/customer-summary-dialog/customer-summary-dialog.component.ts
FN:39,ngOnInit
FN:44,load
FN:48,(anonymous_2)
FN:52,(anonymous_3)
FN:26,template
FNF:5
FNH:5
FNDA:6,ngOnInit
FNDA:6,load
FNDA:5,(anonymous_2)
FNDA:1,(anonymous_3)
FNDA:2,template
DA:26,12
DA:30,6
DA:31,6
DA:32,6
DA:34,6
DA:36,6
DA:37,6
DA:40,6
DA:45,6
DA:47,6
DA:49,5
DA:50,5
DA:53,1
DA:54,1
DA:55,1
LF:15
LH:15
BRDA:26,0,0,6
BRDA:26,0,1,6
BRDA:26,1,0,6
BRDA:26,1,1,6
BRDA:26,2,0,2
BRDA:26,2,1,2
BRDA:26,2,2,2
BRDA:26,3,0,2
BRDA:26,3,1,2
BRDA:26,3,2,2
BRF:10
BRH:10
end_of_record
TN:
SF:src/app/features/dashboard/card-view.ts
FNF:0
FNH:0
DA:4,2
LF:1
LH:1
BRF:0
BRH:0
end_of_record
TN:
SF:src/app/features/dashboard/dashboard.component.html
FN:37,DashboardComponent_Conditional_19_Template_button_click_0_listener
FN:3,DashboardComponent_Template_button_click_4_listener
FN:74,DashboardComponent_Template_app_due_card_viewChange_37_listener
FNF:3
FNH:3
FNDA:1,DashboardComponent_Conditional_19_Template_button_click_0_listener
FNDA:4,DashboardComponent_Template_button_click_4_listener
FNDA:47,DashboardComponent_Template_app_due_card_viewChange_37_listener
DA:1,29
DA:2,43
DA:3,29
DA:4,43
DA:5,29
DA:9,43
DA:10,2
DA:16,29
DA:19,43
DA:20,43
DA:27,43
DA:29,43
DA:30,2
DA:31,2
DA:33,27
DA:37,1
DA:39,41
DA:40,41
DA:43,29
DA:46,29
DA:48,43
DA:49,43
DA:53,29
DA:55,43
DA:56,29
DA:58,43
DA:60,43
DA:61,29
DA:67,29
DA:68,43
DA:70,29
DA:71,43
DA:74,47
LF:33
LH:33
BRDA:9,0,0,2
BRDA:9,0,1,41
BRDA:20,1,0,2
BRDA:20,1,1,41
BRDA:29,2,0,2
BRDA:29,2,1,41
BRDA:49,3,0,2
BRDA:49,3,1,41
BRDA:58,4,0,43
BRDA:58,4,1,41
BRDA:60,5,0,2
BRDA:60,5,1,41
BRF:12
BRH:12
end_of_record
TN:
SF:src/app/features/dashboard/dashboard.component.ts
FN:59,(anonymous_0)
FN:66,(anonymous_1)
FN:91,ngOnInit
FN:101,onDueViewChange
FN:107,refresh
FN:117,openLowStock
FN:121,load
FN:127,(anonymous_7)
FN:128,(anonymous_8)
FN:132,(anonymous_9)
FN:133,(anonymous_10)
FN:137,(anonymous_11)
FN:138,(anonymous_12)
FN:142,(anonymous_13)
FN:143,(anonymous_14)
FN:147,(anonymous_15)
FN:149,(anonymous_16)
FN:153,(anonymous_17)
FN:154,(anonymous_18)
FN:173,loadDueSoon
FN:176,(anonymous_20)
FN:177,(anonymous_21)
FN:186,fail
FN:52,template
FNF:24
FNH:19
FNDA:29,(anonymous_0)
FNDA:29,(anonymous_1)
FNDA:29,ngOnInit
FNDA:47,onDueViewChange
FNDA:4,refresh
FNDA:1,openLowStock
FNDA:33,load
FNDA:31,(anonymous_7)
FNDA:2,(anonymous_8)
FNDA:33,(anonymous_9)
FNDA:0,(anonymous_10)
FNDA:33,(anonymous_11)
FNDA:0,(anonymous_12)
FNDA:33,(anonymous_13)
FNDA:82,(anonymous_14)
FNDA:82,(anonymous_15)
FNDA:0,(anonymous_16)
FNDA:33,(anonymous_17)
FNDA:0,(anonymous_18)
FNDA:5,loadDueSoon
FNDA:5,(anonymous_20)
FNDA:0,(anonymous_21)
FNDA:2,fail
FNDA:2,template
DA:25,2
DA:52,72
DA:53,29
DA:54,29
DA:55,29
DA:56,29
DA:58,29
DA:59,29
DA:66,29
DA:68,29
DA:69,29
DA:70,29
DA:71,29
DA:79,29
DA:81,29
DA:83,29
DA:87,29
DA:89,29
DA:92,29
DA:102,47
DA:103,4
DA:108,4
DA:118,1
DA:122,33
DA:126,33
DA:127,31
DA:128,2
DA:131,33
DA:132,33
DA:133,0
DA:136,33
DA:137,33
DA:138,0
DA:141,33
DA:143,82
DA:147,82
DA:149,0
DA:152,33
DA:153,33
DA:154,0
DA:159,33
DA:160,1
DA:174,5
DA:175,5
DA:176,5
DA:179,0
DA:180,0
DA:187,2
LF:48
LH:42
BRDA:66,0,0,28
BRDA:66,0,1,1
BRDA:102,1,0,4
BRDA:102,1,1,43
BRDA:102,2,0,47
BRDA:102,2,1,15
BRDA:159,3,0,1
BRDA:159,3,1,32
BRDA:52,4,0,29
BRDA:52,4,1,29
BRDA:52,5,0,29
BRDA:52,5,1,43
BRDA:52,6,0,2
BRDA:52,6,1,2
BRDA:52,6,2,2
BRDA:52,7,0,2
BRDA:52,7,1,2
BRDA:52,7,2,2
BRF:18
BRH:18
end_of_record
TN:
SF:src/app/features/dashboard/dashboard.fixtures.ts
FNF:0
FNH:0
DA:13,1
LF:1
LH:1
BRF:0
BRH:0
end_of_record
TN:
SF:src/app/features/dashboard/due-card/due-card.component.html
FN:9,DueCardComponent_Template_mat_button_toggle_group_valueChange_6_listener
FNF:1
FNH:1
FNDA:76,DueCardComponent_Template_mat_button_toggle_group_valueChange_6_listener
DA:1,29
DA:4,42
DA:5,29
DA:8,42
DA:9,76
DA:11,42
DA:12,42
DA:16,42
DA:17,36
DA:18,36
DA:24,6
DA:25,5
DA:26,6
DA:27,40
DA:30,48
DA:31,48
DA:32,48
DA:33,48
DA:36,5
DA:38,0
DA:40,5
DA:41,6
DA:42,5
DA:44,29
LF:24
LH:23
BRDA:17,0,0,36
BRDA:17,0,1,0
BRDA:24,1,0,6
BRDA:24,1,1,0
BRDA:16,2,0,36
BRDA:16,2,1,6
BRF:6
BRH:4
end_of_record
TN:
SF:src/app/features/dashboard/due-card/due-card.component.ts
FN:50,(anonymous_0)
FN:60,setDueView
FN:39,template
FN:70,toDueDateOption
FN:71,(anonymous_4)
FN:72,(anonymous_5)
FN:78,(anonymous_6)
FN:90,(anonymous_7)
FN:92,(anonymous_8)
FN:95,(anonymous_9)
FN:99,(anonymous_10)
FN:104,valueOf
FN:105,(anonymous_12)
FNF:13
FNH:13
FNDA:35,(anonymous_0)
FNDA:82,setDueView
FNDA:2,template
FNDA:35,toDueDateOption
FNDA:35,(anonymous_4)
FNDA:35,(anonymous_5)
FNDA:5,(anonymous_6)
FNDA:2,(anonymous_7)
FNDA:1,(anonymous_8)
FNDA:35,(anonymous_9)
FNDA:35,(anonymous_10)
FNDA:35,valueOf
FNDA:35,(anonymous_12)
DA:39,71
DA:41,29
DA:42,29
DA:43,29
DA:46,29
DA:48,29
DA:50,29
DA:51,35
DA:52,35
DA:55,29
DA:62,82
DA:63,35
DA:65,47
DA:66,47
DA:71,35
DA:72,35
DA:74,35
DA:78,5
DA:90,2
DA:92,1
DA:95,35
DA:99,35
DA:105,35
DA:106,35
LF:24
LH:24
BRDA:52,0,0,35
BRDA:52,0,1,0
BRDA:62,1,0,35
BRDA:62,1,1,47
BRDA:39,2,0,29
BRDA:39,2,1,29
BRDA:39,3,0,29
BRDA:39,3,1,42
BRDA:39,4,0,2
BRDA:39,4,1,2
BRDA:39,4,2,2
BRDA:39,5,0,2
BRDA:39,5,1,2
BRDA:39,5,2,2
BRDA:105,6,0,35
BRDA:105,6,1,35
BRDA:106,7,0,35
BRDA:106,7,1,0
BRF:18
BRH:16
end_of_record
TN:
SF:src/app/features/dashboard/low-stock-dialog/low-stock-dialog.component.html
FN:8,LowStockDialogComponent_Conditional_4_For_2_Template_a_click_1_listener
FNF:1
FNH:1
FNDA:1,LowStockDialogComponent_Conditional_4_For_2_Template_a_click_1_listener
DA:1,5
DA:3,4
DA:4,5
DA:5,3
DA:6,4
DA:7,4
DA:8,5
DA:9,5
DA:10,5
DA:13,3
DA:15,1
DA:17,4
DA:19,4
DA:21,5
DA:22,4
LF:15
LH:15
BRDA:4,0,0,4
BRDA:4,0,1,1
BRF:2
BRH:2
end_of_record
TN:
SF:src/app/features/dashboard/low-stock-dialog/low-stock-dialog.component.ts
FN:33,close
FN:27,template
FNF:2
FNH:2
FNDA:1,close
FNDA:2,template
DA:27,9
DA:28,4
DA:30,4
DA:34,1
LF:4
LH:4
BRDA:27,0,0,4
BRDA:27,0,1,4
BRDA:27,1,0,4
BRDA:27,1,1,5
BRDA:27,2,0,2
BRDA:27,2,1,2
BRDA:27,2,2,2
BRDA:27,3,0,2
BRDA:27,3,1,2
BRDA:27,3,2,2
BRF:10
BRH:10
end_of_record
TN:
SF:src/app/features/dashboard/profit-card/profit-card.component.html
FN:9,ProfitCardComponent_Template_mat_button_toggle_group_valueChange_6_listener
FNF:1
FNH:1
FNDA:70,ProfitCardComponent_Template_mat_button_toggle_group_valueChange_6_listener
DA:1,29
DA:4,43
DA:5,29
DA:8,43
DA:9,70
DA:11,43
DA:12,43
DA:16,43
DA:17,37
DA:18,37
DA:23,4
DA:26,6
DA:27,4
DA:28,6
DA:29,4
DA:32,4
DA:33,6
DA:34,28
DA:35,38
DA:36,38
DA:37,38
DA:38,28
DA:41,4
DA:44,29
LF:24
LH:24
BRDA:17,0,0,37
BRDA:17,0,1,0
BRDA:16,1,0,37
BRDA:16,1,1,6
BRF:4
BRH:3
end_of_record
TN:
SF:src/app/features/dashboard/profit-card/profit-card.component.ts
FN:44,(anonymous_0)
FN:49,(anonymous_1)
FN:54,(anonymous_2)
FN:59,setProfitView
FN:37,template
FN:70,toProfitOption
FN:79,(anonymous_6)
FN:82,(anonymous_7)
FN:83,(anonymous_8)
FN:84,(anonymous_9)
FNF:10
FNH:10
FNDA:39,(anonymous_0)
FNDA:37,(anonymous_1)
FNDA:6,(anonymous_2)
FNDA:74,setProfitView
FNDA:2,template
FNDA:37,toProfitOption
FNDA:1,(anonymous_6)
FNDA:1,(anonymous_7)
FNDA:91,(anonymous_8)
FNDA:91,(anonymous_9)
DA:37,72
DA:39,29
DA:40,29
DA:42,29
DA:44,29
DA:45,39
DA:46,39
DA:49,29
DA:50,37
DA:51,37
DA:54,29
DA:56,29
DA:62,74
DA:63,41
DA:73,37
DA:75,37
DA:79,1
DA:82,1
DA:83,91
DA:84,91
LF:20
LH:20
BRDA:46,0,0,39
BRDA:46,0,1,0
BRDA:51,1,0,37
BRDA:51,1,1,0
BRDA:54,2,0,6
BRDA:54,2,1,0
BRDA:62,3,0,41
BRDA:62,3,1,33
BRDA:37,4,0,29
BRDA:37,4,1,29
BRDA:37,5,0,29
BRDA:37,5,1,43
BRDA:37,6,0,2
BRDA:37,6,1,2
BRDA:37,6,2,2
BRDA:37,7,0,2
BRDA:37,7,1,2
BRDA:37,7,2,2
BRF:18
BRH:15
end_of_record
TN:
SF:src/app/features/help/help-content.de.ts
FNF:0
FNH:0
DA:10,1
LF:1
LH:1
BRF:0
BRH:0
end_of_record
TN:
SF:src/app/features/help/help-content.en.ts
FNF:0
FNH:0
DA:12,1
LF:1
LH:1
BRF:0
BRH:0
end_of_record
TN:
SF:src/app/features/help/help-content.types.ts
FN:37,helpTopicTitleKey
FNF:1
FNH:1
FNDA:109,helpTopicTitleKey
DA:34,1
DA:38,109
LF:2
LH:2
BRDA:38,0,0,12
BRDA:38,0,1,97
BRF:2
BRH:2
end_of_record
TN:
SF:src/app/features/help/help.component.html
FN:22,HelpComponent_Conditional_2_Template_mat_select_valueChange_4_listener
FNF:1
FNH:1
FNDA:1,HelpComponent_Conditional_2_Template_mat_select_valueChange_4_listener
DA:1,11
DA:2,28
DA:5,8
DA:6,19
DA:7,64
DA:10,152
DA:13,152
DA:14,64
DA:16,8
DA:20,3
DA:21,9
DA:22,9
DA:23,9
DA:24,72
DA:26,3
DA:30,11
DA:31,28
DA:33,28
DA:34,27
DA:35,27
DA:36,56
DA:38,56
DA:39,106
DA:42,56
DA:43,1
DA:44,2
DA:45,14
DA:47,1
DA:49,27
DA:52,11
LF:30
LH:30
BRDA:42,0,0,2
BRDA:42,0,1,54
BRDA:2,1,0,19
BRDA:2,1,1,9
BRDA:33,2,0,27
BRDA:33,2,1,1
BRF:6
BRH:6
end_of_record
TN:
SF:src/app/features/help/help.component.ts
FN:55,(anonymous_0)
FN:66,(anonymous_1)
FN:71,(anonymous_2)
FN:72,(anonymous_3)
FN:76,(anonymous_4)
FN:78,(anonymous_5)
FN:84,(anonymous_6)
FN:84,(anonymous_7)
FN:87,(anonymous_8)
FN:92,constructor
FN:96,(anonymous_10)
FN:101,(anonymous_11)
FN:109,selectTopic
FN:43,template
FNF:14
FNH:14
FNDA:14,(anonymous_0)
FNDA:12,(anonymous_1)
FNDA:12,(anonymous_2)
FNDA:96,(anonymous_3)
FNDA:15,(anonymous_4)
FNDA:31,(anonymous_5)
FNDA:15,(anonymous_6)
FNDA:31,(anonymous_7)
FNDA:14,(anonymous_8)
FNDA:11,constructor
FNDA:11,(anonymous_10)
FNDA:14,(anonymous_11)
FNDA:2,selectTopic
FNDA:1,template
DA:43,39
DA:44,11
DA:45,11
DA:46,11
DA:47,11
DA:51,11
DA:54,11
DA:55,14
DA:66,11
DA:67,12
DA:71,11
DA:72,96
DA:76,11
DA:77,15
DA:78,31
DA:83,11
DA:84,31
DA:87,11
DA:88,14
DA:89,14
DA:93,11
DA:96,11
DA:101,11
DA:102,14
DA:103,1
DA:110,2
LF:26
LH:26
BRDA:67,0,0,1
BRDA:67,0,1,11
BRDA:78,1,0,14
BRDA:78,1,1,1
BRDA:84,2,0,15
BRDA:84,2,1,1
BRDA:89,3,0,1
BRDA:89,3,1,13
BRDA:102,4,0,1
BRDA:102,4,1,13
BRDA:102,5,0,14
BRDA:102,5,1,14
BRDA:43,6,0,11
BRDA:43,6,1,11
BRDA:43,7,0,11
BRDA:43,7,1,28
BRDA:43,8,0,1
BRDA:43,8,1,1
BRDA:43,8,2,1
BRDA:43,9,0,1
BRDA:43,9,1,1
BRDA:43,9,2,1
BRF:22
BRH:22
end_of_record
TN:
SF:src/app/features/invoices/invoice-payload.ts
FN:18,buildCreateInvoiceRequest
FNF:1
FNH:1
FNDA:11,buildCreateInvoiceRequest
DA:19,11
DA:28,11
DA:29,4
DA:31,11
DA:32,1
DA:37,11
LF:6
LH:6
BRDA:28,0,0,4
BRDA:28,0,1,7
BRDA:28,1,0,11
BRDA:28,1,1,4
BRDA:31,2,0,1
BRDA:31,2,1,10
BRDA:31,3,0,11
BRDA:31,3,1,7
BRF:8
BRH:8
end_of_record
TN:
SF:src/app/features/invoices/invoice.service.ts
FN:40,getAll
FN:51,getPagedInvoices
FN:56,(anonymous_2)
FN:60,getById
FN:63,(anonymous_4)
FN:67,create
FN:72,close
FN:75,(anonymous_7)
FN:79,markPaid
FN:82,(anonymous_9)
FN:86,remove
FN:89,(anonymous_11)
FNF:12
FNH:12
FNDA:1,getAll
FNDA:1,getPagedInvoices
FNDA:1,(anonymous_2)
FNDA:1,getById
FNDA:1,(anonymous_4)
FNDA:4,create
FNDA:1,close
FNDA:1,(anonymous_7)
FNDA:1,markPaid
FNDA:1,(anonymous_9)
FNDA:1,remove
FNDA:1,(anonymous_11)
DA:19,10
DA:20,10
DA:22,10
DA:41,1
DA:52,1
DA:54,1
DA:56,1
DA:61,1
DA:63,1
DA:68,4
DA:73,1
DA:75,1
DA:80,1
DA:82,1
DA:87,1
DA:89,1
LF:16
LH:16
BRDA:19,0,0,10
BRDA:19,0,1,10
BRDA:19,1,0,2
BRDA:19,1,1,2
BRDA:19,1,2,2
BRF:5
BRH:5
end_of_record
TN:
SF:src/app/features/invoices/invoice-create/invoice-create.component.html
FN:69,InvoiceCreateComponent_For_46_Template_app_typeahead_selected_1_listener
FN:88,InvoiceCreateComponent_For_46_Template_button_click_12_listener
FN:3,InvoiceCreateComponent_Template_form_ngSubmit_3_listener
FN:96,InvoiceCreateComponent_Template_button_click_47_listener
FN:108,InvoiceCreateComponent_Template_button_click_57_listener
FNF:5
FNH:5
FNDA:4,InvoiceCreateComponent_For_46_Template_app_typeahead_selected_1_listener
FNDA:1,InvoiceCreateComponent_For_46_Template_button_click_12_listener
FNDA:8,InvoiceCreateComponent_Template_form_ngSubmit_3_listener
FNDA:2,InvoiceCreateComponent_Template_button_click_47_listener
FNDA:1,InvoiceCreateComponent_Template_button_click_57_listener
DA:1,101
DA:3,101
DA:4,33
DA:7,101
DA:8,101
DA:10,101
DA:11,33
DA:12,101
DA:14,33
DA:16,33
DA:17,101
DA:18,101
DA:19,101
DA:20,1
DA:22,33
DA:24,33
DA:26,101
DA:32,33
DA:33,101
DA:34,101
DA:35,21
DA:37,101
DA:38,101
DA:40,33
DA:41,33
DA:43,33
DA:44,101
DA:45,101
DA:46,101
DA:48,33
DA:52,33
DA:54,101
DA:56,33
DA:62,101
DA:63,128
DA:64,41
DA:66,128
DA:69,4
DA:72,41
DA:73,128
DA:74,128
DA:75,41
DA:77,41
DA:78,128
DA:79,128
DA:80,41
DA:82,41
DA:86,128
DA:88,1
DA:90,41
DA:94,33
DA:96,33
DA:97,101
DA:98,33
DA:100,33
DA:101,101
DA:102,101
DA:107,33
DA:108,33
DA:109,101
DA:110,33
DA:111,33
DA:115,101
DA:117,101
DA:118,33
LF:65
LH:65
BRDA:19,0,0,102
BRDA:19,0,1,101
BRDA:26,1,0,80
BRDA:26,1,1,21
BRDA:34,2,0,21
BRDA:34,2,1,80
BRDA:115,3,0,101
BRDA:115,3,1,17
BRF:8
BRH:8
end_of_record
TN:
SF:src/app/features/invoices/invoice-create/invoice-create.component.ts
FN:75,(anonymous_0)
FN:99,(anonymous_1)
FN:101,(anonymous_2)
FN:106,(anonymous_3)
FN:108,(anonymous_4)
FN:113,ngOnInit
FN:114,(anonymous_6)
FN:115,(anonymous_7)
FN:117,(anonymous_8)
FN:126,onProductSelected
FN:132,items
FN:136,addItem
FN:141,removeItem
FN:147,submit
FN:161,(anonymous_14)
FN:169,(anonymous_15)
FN:174,(anonymous_16)
FN:182,cancel
FN:190,onTypeChange
FN:203,itemGroup
FN:42,template
FN:213,toIsoDate
FNF:22
FNH:22
FNDA:7,(anonymous_0)
FNDA:46,(anonymous_1)
FNDA:46,(anonymous_2)
FNDA:65,(anonymous_3)
FNDA:82,(anonymous_4)
FNDA:33,ngOnInit
FNDA:33,(anonymous_6)
FNDA:33,(anonymous_7)
FNDA:14,(anonymous_8)
FNDA:4,onProductSelected
FNDA:255,items
FNDA:8,addItem
FNDA:4,removeItem
FNDA:8,submit
FNDA:7,(anonymous_14)
FNDA:6,(anonymous_15)
FNDA:1,(anonymous_16)
FNDA:1,cancel
FNDA:14,onTypeChange
FNDA:41,itemGroup
FNDA:2,template
FNDA:7,toIsoDate
DA:42,134
DA:59,2
DA:60,33
DA:61,33
DA:62,33
DA:63,33
DA:64,33
DA:65,33
DA:66,33
DA:70,33
DA:71,33
DA:72,33
DA:75,7
DA:76,7
DA:78,33
DA:80,33
DA:91,33
DA:95,33
DA:99,46
DA:101,33
DA:102,46
DA:106,33
DA:107,65
DA:108,82
DA:114,33
DA:115,33
DA:117,33
DA:127,4
DA:128,4
DA:129,4
DA:133,255
DA:137,8
DA:142,4
DA:143,3
DA:148,8
DA:149,1
DA:151,7
DA:153,7
DA:154,7
DA:155,7
DA:161,7
DA:168,8
DA:170,6
DA:171,6
DA:172,6
DA:176,1
DA:177,1
DA:183,1
DA:191,14
DA:192,14
DA:195,14
DA:196,12
DA:198,2
DA:200,14
DA:204,41
DA:214,7
DA:215,0
DA:217,7
DA:218,7
DA:219,7
LF:60
LH:59
BRDA:102,0,0,34
BRDA:102,0,1,12
BRDA:108,1,0,82
BRDA:108,1,1,1
BRDA:108,2,0,82
BRDA:108,2,1,1
BRDA:128,3,0,4
BRDA:128,3,1,0
BRDA:142,4,0,3
BRDA:142,4,1,1
BRDA:148,5,0,1
BRDA:148,5,1,7
BRDA:148,6,0,8
BRDA:148,6,1,7
BRDA:158,7,0,1
BRDA:158,7,1,6
BRDA:159,8,0,6
BRDA:159,8,1,1
BRDA:195,9,0,12
BRDA:195,9,1,2
BRDA:59,10,0,33
BRDA:59,10,1,33
BRDA:42,11,0,33
BRDA:42,11,1,101
BRDA:59,12,0,2
BRDA:59,12,1,2
BRDA:59,12,2,2
BRDA:59,13,0,2
BRDA:59,13,1,2
BRDA:59,13,2,2
BRDA:214,14,0,0
BRDA:214,14,1,7
BRF:32
BRH:30
end_of_record
TN:
SF:src/app/features/invoices/invoice-detail/invoice-detail-actions.ts
FN:52,(anonymous_0)
FN:56,(anonymous_1)
FN:61,(anonymous_2)
FN:66,(anonymous_3)
FN:70,connect
FN:74,confirmClose
FN:82,(anonymous_6)
FN:86,confirmMarkPaid
FN:93,(anonymous_8)
FN:97,confirmDelete
FN:104,(anonymous_10)
FN:109,numberParam
FN:113,confirm
FN:117,(anonymous_13)
FN:124,runClose
FN:129,runMarkPaid
FN:134,runDelete
FN:138,(anonymous_17)
FN:143,(anonymous_18)
FN:155,dispatch
FN:164,(anonymous_20)
FN:171,(anonymous_21)
FNF:22
FNH:22
FNDA:36,(anonymous_0)
FNDA:36,(anonymous_1)
FNDA:36,(anonymous_2)
FNDA:36,(anonymous_3)
FNDA:37,connect
FNDA:4,confirmClose
FNDA:3,(anonymous_6)
FNDA:2,confirmMarkPaid
FNDA:2,(anonymous_8)
FNDA:3,confirmDelete
FNDA:3,(anonymous_10)
FNDA:9,numberParam
FNDA:9,confirm
FNDA:9,(anonymous_13)
FNDA:3,runClose
FNDA:2,runMarkPaid
FNDA:3,runDelete
FNDA:2,(anonymous_17)
FNDA:1,(anonymous_18)
FNDA:5,dispatch
FNDA:4,(anonymous_20)
FNDA:1,(anonymous_21)
DA:42,37
DA:43,37
DA:44,37
DA:45,37
DA:46,37
DA:47,37
DA:52,37
DA:55,37
DA:56,36
DA:60,37
DA:61,36
DA:65,37
DA:66,36
DA:71,37
DA:75,4
DA:82,3
DA:87,2
DA:93,2
DA:98,3
DA:104,3
DA:110,9
DA:114,9
DA:118,9
DA:119,8
DA:125,3
DA:126,3
DA:130,2
DA:131,2
DA:135,3
DA:137,3
DA:139,2
DA:140,2
DA:141,2
DA:144,1
DA:145,1
DA:161,5
DA:163,5
DA:165,4
DA:166,4
DA:169,4
DA:172,1
DA:173,1
DA:174,1
DA:177,1
LF:44
LH:44
BRDA:56,0,0,36
BRDA:56,0,1,34
BRDA:61,1,0,36
BRDA:61,1,1,34
BRDA:61,1,2,34
BRDA:66,2,0,36
BRDA:66,2,1,34
BRDA:118,3,0,8
BRDA:118,3,1,1
BRDA:174,4,0,1
BRDA:174,4,1,0
BRDA:42,5,0,37
BRDA:42,5,1,37
BRDA:42,6,0,2
BRDA:42,6,1,2
BRDA:42,6,2,2
BRF:16
BRH:15
end_of_record
TN:
SF:src/app/features/invoices/invoice-detail/invoice-detail-returns.ts
FN:44,connect
FN:49,remaining
FN:57,canReturn
FN:61,openReturn
FN:75,(anonymous_4)
FN:82,registerReturn
FN:101,(anonymous_6)
FN:108,(anonymous_7)
FN:128,returnFailureMessage
FNF:9
FNH:9
FNDA:37,connect
FNDA:58,remaining
FNDA:110,canReturn
FNDA:10,openReturn
FNDA:10,(anonymous_4)
FNDA:9,registerReturn
FNDA:4,(anonymous_6)
FNDA:5,(anonymous_7)
FNDA:5,returnFailureMessage
DA:36,37
DA:37,37
DA:38,37
DA:39,37
DA:45,37
DA:50,58
DA:58,110
DA:62,10
DA:63,10
DA:64,0
DA:67,10
DA:72,10
DA:76,10
DA:77,9
DA:83,9
DA:84,9
DA:85,0
DA:87,9
DA:89,9
DA:102,4
DA:103,4
DA:106,4
DA:109,5
DA:110,5
DA:129,5
DA:130,1
DA:132,4
DA:134,1
DA:136,1
DA:138,2
LF:30
LH:28
BRDA:50,0,0,58
BRDA:50,0,1,0
BRDA:50,1,0,58
BRDA:50,1,1,0
BRDA:58,2,0,110
BRDA:58,2,1,58
BRDA:63,3,0,0
BRDA:63,3,1,10
BRDA:69,4,0,1
BRDA:69,4,1,9
BRDA:76,5,0,9
BRDA:76,5,1,1
BRDA:84,6,0,0
BRDA:84,6,1,9
BRDA:97,7,0,1
BRDA:97,7,1,8
BRDA:129,8,0,1
BRDA:129,8,1,4
BRDA:132,9,0,1
BRDA:132,9,1,1
BRDA:132,9,2,2
BRDA:36,10,0,37
BRDA:36,10,1,37
BRDA:36,11,0,2
BRDA:36,11,1,2
BRDA:36,11,2,2
BRF:26
BRH:22
end_of_record
TN:
SF:src/app/features/invoices/invoice-detail/invoice-detail.component.html
FN:42,InvoiceDetailComponent_Conditional_9_Conditional_10_Conditional_1_Template_button_click_0_listener
FN:53,InvoiceDetailComponent_Conditional_9_Conditional_10_Conditional_2_Template_button_click_0_listener
FN:64,InvoiceDetailComponent_Conditional_9_Conditional_10_Conditional_3_Template_button_click_0_listener
FN:145,InvoiceDetailComponent_Conditional_9_td_57_Conditional_1_Template_button_click_0_listener
FNF:4
FNH:4
FNDA:4,InvoiceDetailComponent_Conditional_9_Conditional_10_Conditional_1_Template_button_click_0_listener
FNDA:2,InvoiceDetailComponent_Conditional_9_Conditional_10_Conditional_2_Template_button_click_0_listener
FNDA:3,InvoiceDetailComponent_Conditional_9_Conditional_10_Conditional_3_Template_button_click_0_listener
FNDA:10,InvoiceDetailComponent_Conditional_9_td_57_Conditional_1_Template_button_click_0_listener
DA:1,37
DA:3,56
DA:4,56
DA:6,55
DA:7,55
DA:9,37
DA:10,37
DA:11,56
DA:12,37
DA:15,56
DA:16,0
DA:19,56
DA:20,36
DA:23,55
DA:24,55
DA:25,36
DA:26,55
DA:27,55
DA:28,36
DA:29,55
DA:30,2
DA:32,36
DA:34,55
DA:35,33
DA:36,52
DA:37,18
DA:41,25
DA:42,4
DA:44,25
DA:45,18
DA:47,52
DA:48,32
DA:52,51
DA:53,2
DA:55,51
DA:56,32
DA:58,52
DA:59,18
DA:63,25
DA:64,3
DA:66,25
DA:67,18
DA:69,33
DA:72,36
DA:74,55
DA:75,55
DA:78,36
DA:79,55
DA:80,55
DA:83,36
DA:84,55
DA:85,55
DA:88,55
DA:89,1
DA:90,1
DA:91,1
DA:95,55
DA:96,2
DA:97,2
DA:98,2
DA:101,36
DA:105,55
DA:107,36
DA:108,55
DA:109,36
DA:110,55
DA:111,110
DA:114,36
DA:115,55
DA:116,110
DA:119,36
DA:120,55
DA:121,110
DA:124,36
DA:125,55
DA:126,110
DA:129,36
DA:130,55
DA:131,72
DA:132,110
DA:133,72
DA:136,36
DA:137,36
DA:138,72
DA:139,110
DA:140,33
DA:144,57
DA:145,10
DA:147,57
DA:148,33
DA:150,72
DA:153,55
DA:154,72
DA:155,36
DA:158,36
DA:159,55
DA:160,55
LF:97
LH:96
BRDA:36,0,0,25
BRDA:36,0,1,27
BRDA:47,1,0,51
BRDA:47,1,1,1
BRDA:58,2,0,25
BRDA:58,2,1,27
BRDA:139,3,0,57
BRDA:139,3,1,53
BRDA:29,4,0,2
BRDA:29,4,1,53
BRDA:34,5,0,52
BRDA:34,5,1,3
BRDA:34,6,0,55
BRDA:34,6,1,30
BRDA:34,6,2,3
BRDA:75,7,0,55
BRDA:75,7,1,2
BRDA:88,8,0,1
BRDA:88,8,1,54
BRDA:95,9,0,2
BRDA:95,9,1,53
BRDA:4,10,0,55
BRDA:4,10,1,1
BRDA:15,11,0,0
BRDA:15,11,1,56
BRDA:19,12,0,55
BRDA:19,12,1,1
BRF:27
BRH:26
end_of_record
TN:
SF:src/app/features/invoices/invoice-detail/invoice-detail.component.ts
FN:69,(anonymous_0)
FN:73,(anonymous_1)
FN:74,(anonymous_2)
FN:77,constructor
FN:81,(anonymous_4)
FN:82,(anonymous_5)
FN:88,(anonymous_6)
FN:92,ngOnInit
FN:97,lineTotal
FN:105,counterparty
FN:111,statusClass
FN:119,typeClass
FN:123,currentId
FN:127,load
FN:131,(anonymous_14)
FN:135,(anonymous_15)
FN:42,template
FNF:17
FNH:17
FNDA:36,(anonymous_0)
FNDA:36,(anonymous_1)
FNDA:72,(anonymous_2)
FNDA:37,constructor
FNDA:8,(anonymous_4)
FNDA:5,(anonymous_5)
FNDA:4,(anonymous_6)
FNDA:37,ngOnInit
FNDA:182,lineTotal
FNDA:55,counterparty
FNDA:55,statusClass
FNDA:55,typeClass
FNDA:12,currentId
FNDA:46,load
FNDA:45,(anonymous_14)
FNDA:1,(anonymous_15)
FNDA:2,template
DA:42,93
DA:44,2
DA:45,37
DA:46,37
DA:47,37
DA:48,37
DA:50,37
DA:51,37
DA:55,37
DA:57,37
DA:66,37
DA:67,37
DA:69,37
DA:73,37
DA:74,72
DA:78,37
DA:81,8
DA:82,5
DA:85,37
DA:88,4
DA:93,37
DA:98,182
DA:106,55
DA:107,55
DA:112,55
DA:113,28
DA:115,27
DA:120,55
DA:124,12
DA:128,46
DA:130,46
DA:132,45
DA:133,45
DA:137,1
DA:138,1
DA:139,1
LF:36
LH:36
BRDA:69,0,0,36
BRDA:69,0,1,0
BRDA:107,1,0,55
BRDA:107,1,1,2
BRDA:107,1,2,2
BRDA:112,2,0,28
BRDA:112,2,1,27
BRDA:115,3,0,1
BRDA:115,3,1,26
BRDA:120,4,0,4
BRDA:120,4,1,51
BRDA:44,5,0,37
BRDA:44,5,1,37
BRDA:42,6,0,37
BRDA:42,6,1,56
BRDA:44,7,0,2
BRDA:44,7,1,2
BRDA:44,7,2,2
BRDA:44,8,0,2
BRDA:44,8,1,2
BRDA:44,8,2,2
BRF:21
BRH:20
end_of_record
TN:
SF:src/app/features/invoices/invoice-list/invoice-list.component.html
FN:12,InvoiceListComponent_Conditional_5_Template_button_click_0_listener
FN:90,InvoiceListComponent_tr_35_Template_tr_click_0_listener
FN:104,InvoiceListComponent_Template_mat_paginator_page_37_listener
FNF:3
FNH:3
FNDA:7,InvoiceListComponent_Conditional_5_Template_button_click_0_listener
FNDA:1,InvoiceListComponent_tr_35_Template_tr_click_0_listener
FNDA:1,InvoiceListComponent_Template_mat_paginator_page_37_listener
DA:1,37
DA:2,50
DA:3,37
DA:6,50
DA:7,33
DA:11,46
DA:12,7
DA:14,33
DA:15,46
DA:16,33
DA:19,37
DA:20,50
DA:21,37
DA:25,50
DA:26,1
DA:30,50
DA:31,2
DA:34,37
DA:35,50
DA:36,37
DA:37,50
DA:38,144
DA:41,37
DA:42,50
DA:43,144
DA:46,37
DA:47,50
DA:48,109
DA:49,144
DA:50,144
DA:51,109
DA:55,37
DA:56,50
DA:57,109
DA:58,144
DA:59,144
DA:60,109
DA:61,144
DA:62,11
DA:64,144
DA:65,4
DA:67,109
DA:70,37
DA:71,50
DA:72,144
DA:75,37
DA:76,50
DA:77,144
DA:80,37
DA:81,50
DA:82,144
DA:85,50
DA:86,109
DA:88,50
DA:90,1
DA:91,109
DA:92,37
DA:95,50
DA:96,2
DA:99,37
DA:100,50
DA:104,37
LF:62
LH:62
BRDA:61,0,0,11
BRDA:61,0,1,133
BRDA:64,1,0,4
BRDA:64,1,1,140
BRDA:6,2,0,46
BRDA:6,2,1,4
BRDA:25,3,0,1
BRDA:25,3,1,49
BRDA:30,4,0,2
BRDA:30,4,1,48
BRDA:95,5,0,2
BRDA:95,5,1,48
BRDA:95,6,0,50
BRDA:95,6,1,49
BRDA:95,6,2,47
BRF:15
BRH:15
end_of_record
TN:
SF:src/app/features/invoices/invoice-list/invoice-list.component.ts
FN:25,today
FN:86,ngOnInit
FN:91,onPage
FN:104,counterparty
FN:114,statusClass
FN:127,typeClass
FN:132,isOverdue
FN:138,openDetail
FN:170,exportCsv
FN:175,(anonymous_9)
FN:177,(anonymous_10)
FN:192,(anonymous_11)
FN:199,load
FN:206,(anonymous_13)
FN:211,(anonymous_14)
FN:51,template
FNF:16
FNH:16
FNDA:4,today
FNDA:37,ngOnInit
FNDA:3,onPage
FNDA:175,counterparty
FNDA:144,statusClass
FNDA:144,typeClass
FNDA:144,isOverdue
FNDA:1,openDetail
FNDA:7,exportCsv
FNDA:6,(anonymous_9)
FNDA:31,(anonymous_10)
FNDA:1,(anonymous_11)
FNDA:40,load
FNDA:38,(anonymous_13)
FNDA:1,(anonymous_14)
FNDA:1,template
DA:18,1
DA:26,4
DA:27,4
DA:28,4
DA:29,4
DA:51,87
DA:52,37
DA:53,37
DA:54,37
DA:55,37
DA:56,37
DA:58,37
DA:75,37
DA:77,37
DA:78,37
DA:79,37
DA:80,37
DA:81,37
DA:82,37
DA:84,37
DA:87,37
DA:92,3
DA:93,3
DA:94,3
DA:105,175
DA:106,175
DA:107,86
DA:110,89
DA:115,144
DA:116,14
DA:118,130
DA:128,144
DA:135,144
DA:139,1
DA:171,7
DA:172,7
DA:174,7
DA:176,6
DA:177,31
DA:193,1
DA:194,1
DA:200,40
DA:201,40
DA:205,40
DA:207,38
DA:208,38
DA:209,38
DA:212,1
DA:213,1
DA:214,1
DA:215,1
LF:51
LH:51
BRDA:105,0,0,175
BRDA:105,0,1,91
BRDA:106,1,0,86
BRDA:106,1,1,89
BRDA:115,2,0,14
BRDA:115,2,1,130
BRDA:118,3,0,1
BRDA:118,3,1,129
BRDA:128,4,0,17
BRDA:128,4,1,127
BRDA:135,5,0,144
BRDA:135,5,1,14
BRDA:135,5,2,4
BRDA:51,6,0,37
BRDA:51,6,1,37
BRDA:51,7,0,37
BRDA:51,7,1,50
BRDA:51,8,0,1
BRDA:51,8,1,1
BRDA:51,8,2,1
BRDA:51,9,0,1
BRDA:51,9,1,1
BRDA:51,9,2,1
BRF:23
BRH:23
end_of_record
TN:
SF:src/app/features/invoices/invoice-return-dialog/invoice-return-dialog.component.html
FN:3,InvoiceReturnDialogComponent_Template_form_ngSubmit_3_listener
FN:33,InvoiceReturnDialogComponent_Template_button_click_27_listener
FNF:2
FNH:2
FNDA:2,InvoiceReturnDialogComponent_Template_form_ngSubmit_3_listener
FNDA:1,InvoiceReturnDialogComponent_Template_button_click_27_listener
DA:1,14
DA:3,14
DA:4,12
DA:6,14
DA:7,14
DA:10,12
DA:11,14
DA:12,14
DA:15,12
DA:16,14
DA:22,12
DA:24,12
DA:26,14
DA:27,12
DA:28,14
DA:29,12
DA:32,12
DA:33,12
DA:34,14
DA:35,12
DA:36,14
DA:37,14
DA:38,12
LF:23
LH:23
BRDA:16,0,0,13
BRDA:16,0,1,1
BRF:2
BRH:2
end_of_record
TN:
SF:src/app/features/invoices/invoice-return-dialog/invoice-return-dialog.component.ts
FN:57,confirm
FN:64,cancel
FN:38,template
FNF:3
FNH:3
FNDA:2,confirm
FNDA:1,cancel
FNDA:3,template
DA:38,26
DA:39,12
DA:42,12
DA:44,12
DA:48,12
DA:50,12
DA:58,2
DA:59,1
DA:61,1
DA:65,1
LF:10
LH:10
BRDA:45,0,0,12
BRDA:45,0,1,1
BRDA:45,1,0,12
BRDA:45,1,1,1
BRDA:58,2,0,1
BRDA:58,2,1,1
BRDA:38,3,0,12
BRDA:38,3,1,12
BRDA:38,4,0,12
BRDA:38,4,1,14
BRDA:38,5,0,3
BRDA:38,5,1,3
BRDA:38,5,2,3
BRDA:38,6,0,3
BRDA:38,6,1,3
BRDA:38,6,2,3
BRF:16
BRH:16
end_of_record
TN:
SF:src/app/features/landing/landing.component.html
FN:23,LandingComponent_Template_button_click_16_listener
FN:32,LandingComponent_Template_button_click_19_listener
FN:164,LandingComponent_Template_button_click_73_listener
FNF:3
FNH:3
FNDA:5,LandingComponent_Template_button_click_16_listener
FNDA:1,LandingComponent_Template_button_click_19_listener
FNDA:1,LandingComponent_Template_button_click_73_listener
DA:1,18
DA:2,18
DA:4,18
DA:9,25
DA:10,25
DA:11,18
DA:12,25
DA:13,18
DA:17,18
DA:22,25
DA:23,18
DA:25,25
DA:26,18
DA:27,18
DA:31,25
DA:32,18
DA:34,25
DA:35,18
DA:38,25
DA:44,25
DA:45,17
DA:48,17
DA:51,17
DA:54,25
DA:55,17
DA:56,25
DA:62,17
DA:66,18
DA:69,18
DA:70,25
DA:71,25
DA:73,18
DA:74,25
DA:75,102
DA:76,150
DA:77,102
DA:78,150
DA:79,102
DA:80,102
DA:81,150
DA:82,102
DA:85,18
DA:89,18
DA:90,25
DA:92,18
DA:93,25
DA:94,51
DA:97,75
DA:98,75
DA:99,75
DA:102,18
DA:106,18
DA:107,25
DA:109,18
DA:110,25
DA:111,51
DA:114,51
DA:117,51
DA:118,75
DA:119,51
DA:120,75
DA:126,51
DA:128,75
DA:131,18
DA:136,18
DA:138,25
DA:139,25
DA:141,18
DA:142,25
DA:143,25
DA:144,18
DA:145,25
DA:146,25
DA:147,18
DA:154,18
DA:155,25
DA:156,25
DA:158,18
DA:163,25
DA:164,18
DA:166,25
DA:167,18
DA:168,25
DA:173,18
DA:174,18
LF:85
LH:85
BRDA:44,0,0,25
BRDA:44,0,1,0
BRF:2
BRH:1
end_of_record
TN:
SF:src/app/features/landing/landing.component.ts
FN:82,(anonymous_0)
FN:85,(anonymous_1)
FN:95,(anonymous_2)
FN:98,(anonymous_3)
FN:105,enterDemo
FN:112,(anonymous_5)
FN:116,(anonymous_6)
FN:56,template
FNF:8
FNH:8
FNDA:20,(anonymous_0)
FNDA:80,(anonymous_1)
FNDA:20,(anonymous_2)
FNDA:20,(anonymous_3)
FNDA:7,enterDemo
FNDA:3,(anonymous_5)
FNDA:1,(anonymous_6)
FNDA:2,template
DA:16,2
DA:19,2
DA:20,2
DA:27,2
DA:37,2
DA:56,43
DA:57,18
DA:58,18
DA:59,18
DA:60,18
DA:61,18
DA:63,18
DA:64,18
DA:66,18
DA:67,18
DA:69,18
DA:70,18
DA:82,18
DA:83,20
DA:84,20
DA:85,80
DA:95,20
DA:98,20
DA:102,18
DA:106,7
DA:107,1
DA:109,6
DA:111,6
DA:113,3
DA:114,3
DA:117,1
DA:119,1
LF:32
LH:32
BRDA:106,0,0,1
BRDA:106,0,1,6
BRDA:56,1,0,18
BRDA:56,1,1,18
BRDA:56,2,0,18
BRDA:56,2,1,25
BRDA:56,3,0,2
BRDA:56,3,1,2
BRDA:56,3,2,2
BRDA:56,4,0,2
BRDA:56,4,1,2
BRDA:56,4,2,2
BRF:12
BRH:12
end_of_record
TN:
SF:src/app/features/movements/movement-payload.ts
FN:34,buildRecordMovementRequest
FNF:1
FNH:1
FNDA:8,buildRecordMovementRequest
DA:7,2
DA:12,2
DA:35,8
LF:3
LH:3
BRF:0
BRH:0
end_of_record
TN:
SF:src/app/features/movements/movement.service.ts
FN:23,record
FN:31,registerReturn
FNF:2
FNH:2
FNDA:3,record
FNDA:2,registerReturn
DA:17,5
DA:18,5
DA:20,5
DA:24,3
DA:32,2
LF:5
LH:5
BRDA:17,0,0,5
BRDA:17,0,1,5
BRDA:17,1,0,2
BRDA:17,1,1,2
BRDA:17,1,2,2
BRF:5
BRH:5
end_of_record
TN:
SF:src/app/features/movements/movement-record/movement-record.component.html
FN:3,MovementRecordComponent_Template_form_ngSubmit_3_listener
FN:14,MovementRecordComponent_Template_app_typeahead_selected_6_listener
FNF:2
FNH:2
FNDA:6,MovementRecordComponent_Template_form_ngSubmit_3_listener
FNDA:5,MovementRecordComponent_Template_app_typeahead_selected_6_listener
DA:1,46
DA:3,46
DA:4,17
DA:9,17
DA:11,46
DA:14,17
DA:17,17
DA:18,46
DA:19,46
DA:20,46
DA:21,92
DA:22,92
DA:23,34
DA:25,17
DA:26,17
DA:28,17
DA:29,46
DA:30,17
DA:32,17
DA:33,46
DA:34,46
DA:35,17
DA:37,17
DA:38,46
DA:39,46
DA:40,46
DA:41,184
DA:42,184
DA:43,68
DA:45,17
DA:46,46
DA:47,0
DA:49,17
DA:51,46
DA:55,17
DA:60,46
DA:62,46
DA:63,17
LF:38
LH:37
BRDA:46,0,0,46
BRDA:46,0,1,46
BRDA:60,1,0,46
BRDA:60,1,1,6
BRF:4
BRH:4
end_of_record
TN:
SF:src/app/features/movements/movement-record/movement-record.component.ts
FN:62,(anonymous_0)
FN:83,onProductSelected
FN:88,submit
FN:104,(anonymous_3)
FN:111,(anonymous_4)
FN:119,resetForm
FN:45,viewQuery
FN:51,(anonymous_7)
FN:135,remarkControl
FNF:9
FNH:8
FNDA:4,(anonymous_0)
FNDA:5,onProductSelected
FNDA:6,submit
FNDA:4,(anonymous_3)
FNDA:1,(anonymous_4)
FNDA:4,resetForm
FNDA:1,viewQuery
FNDA:0,(anonymous_7)
FNDA:17,remarkControl
DA:45,63
DA:46,17
DA:47,17
DA:48,17
DA:51,17
DA:56,17
DA:57,17
DA:59,17
DA:62,4
DA:63,4
DA:65,17
DA:69,17
DA:84,5
DA:85,5
DA:89,6
DA:90,1
DA:92,5
DA:94,5
DA:95,5
DA:103,5
DA:105,4
DA:106,4
DA:109,4
DA:113,1
DA:114,1
DA:120,4
DA:123,4
DA:136,17
LF:28
LH:28
BRDA:84,0,0,5
BRDA:84,0,1,4
BRDA:89,1,0,1
BRDA:89,1,1,5
BRDA:89,2,0,6
BRDA:89,2,1,5
BRDA:45,3,0,17
BRDA:45,3,1,17
BRDA:45,4,0,17
BRDA:45,4,1,46
BRDA:45,5,0,1
BRDA:45,5,1,1
BRDA:45,5,2,1
BRDA:45,6,0,1
BRDA:45,6,1,1
BRDA:45,6,2,1
BRF:16
BRH:16
end_of_record
TN:
SF:src/app/features/not-found/not-found.component.html
FNF:0
FNH:0
DA:1,4
DA:2,4
DA:4,4
DA:7,4
DA:8,5
DA:9,5
DA:10,5
DA:15,4
DA:16,5
DA:17,5
DA:23,4
DA:24,4
LF:12
LH:12
BRF:0
BRH:0
end_of_record
TN:
SF:src/app/features/not-found/not-found.component.ts
FN:27,template
FNF:1
FNH:1
FNDA:2,template
DA:27,9
LF:1
LH:1
BRDA:27,0,0,4
BRDA:27,0,1,4
BRDA:27,1,0,4
BRDA:27,1,1,5
BRDA:27,2,0,2
BRDA:27,2,1,2
BRDA:27,2,2,2
BRDA:27,3,0,2
BRDA:27,3,1,2
BRDA:27,3,2,2
BRF:10
BRH:10
end_of_record
TN:
SF:src/app/features/products/positive-price.validator.ts
FN:7,positivePrice
FNF:1
FNH:1
FNDA:187,positivePrice
DA:8,187
DA:9,187
DA:10,4
DA:12,183
LF:4
LH:4
BRDA:9,0,0,4
BRDA:9,0,1,183
BRDA:9,1,0,187
BRDA:9,1,1,185
BRDA:9,1,2,184
BRDA:12,2,0,37
BRDA:12,2,1,146
BRF:7
BRH:7
end_of_record
TN:
SF:src/app/features/products/product-label.ts
FN:15,productLabel
FNF:1
FNH:1
FNDA:34,productLabel
DA:16,34
LF:1
LH:1
BRF:0
BRH:0
end_of_record
TN:
SF:src/app/features/products/product.service.ts
FN:35,getPagedProducts
FN:42,(anonymous_1)
FN:52,search
FN:64,lowStock
FN:67,(anonymous_4)
FN:74,create
FN:78,rename
FN:81,(anonymous_7)
FN:84,changePrice
FN:87,(anonymous_9)
FN:94,getDeleted
FN:97,(anonymous_11)
FN:104,restore
FN:107,(anonymous_13)
FN:111,remove
FN:114,(anonymous_15)
FNF:16
FNH:16
FNDA:2,getPagedProducts
FNDA:2,(anonymous_1)
FNDA:2,search
FNDA:2,lowStock
FNDA:2,(anonymous_4)
FNDA:1,create
FNDA:1,rename
FNDA:1,(anonymous_7)
FNDA:1,changePrice
FNDA:1,(anonymous_9)
FNDA:2,getDeleted
FNDA:2,(anonymous_11)
FNDA:1,restore
FNDA:1,(anonymous_13)
FNDA:1,remove
FNDA:1,(anonymous_15)
DA:22,13
DA:23,13
DA:25,13
DA:36,2
DA:38,2
DA:42,2
DA:53,2
DA:65,2
DA:67,2
DA:75,1
DA:79,1
DA:81,1
DA:85,1
DA:87,1
DA:95,2
DA:97,2
DA:105,1
DA:107,1
DA:112,1
DA:114,1
LF:20
LH:20
BRDA:67,0,0,1
BRDA:67,0,1,1
BRDA:22,1,0,13
BRDA:22,1,1,13
BRDA:22,2,0,3
BRDA:22,2,1,3
BRDA:22,2,2,3
BRF:7
BRH:7
end_of_record
TN:
SF:src/app/features/products/product-create-dialog/product-create-dialog.component.html
FN:3,ProductCreateDialogComponent_Template_form_ngSubmit_3_listener
FN:36,ProductCreateDialogComponent_Template_button_click_25_listener
FNF:2
FNH:2
FNDA:5,ProductCreateDialogComponent_Template_form_ngSubmit_3_listener
FNDA:1,ProductCreateDialogComponent_Template_button_click_25_listener
DA:1,35
DA:3,35
DA:4,9
DA:6,35
DA:7,35
DA:8,35
DA:9,1
DA:11,9
DA:13,9
DA:14,35
DA:15,35
DA:16,35
DA:17,1
DA:19,9
DA:21,9
DA:22,35
DA:23,35
DA:24,35
DA:25,23
DA:27,9
DA:30,35
DA:31,1
DA:33,9
DA:35,9
DA:36,9
DA:37,35
DA:38,9
DA:39,9
DA:43,35
DA:45,35
DA:46,9
LF:31
LH:31
BRDA:8,0,0,36
BRDA:8,0,1,35
BRDA:16,1,0,36
BRDA:16,1,1,35
BRDA:24,2,0,23
BRDA:24,2,1,12
BRDA:30,3,0,1
BRDA:30,3,1,34
BRDA:43,4,0,35
BRDA:43,4,1,8
BRF:10
BRH:10
end_of_record
TN:
SF:src/app/features/products/product-create-dialog/product-create-dialog.component.ts
FN:37,(anonymous_0)
FN:49,submit
FN:57,cancel
FN:32,template
FNF:4
FNH:4
FNDA:1,(anonymous_0)
FNDA:5,submit
FNDA:1,cancel
FNDA:2,template
DA:32,44
DA:33,9
DA:34,9
DA:37,9
DA:38,1
DA:43,9
DA:50,5
DA:51,3
DA:53,2
DA:54,2
DA:58,1
LF:11
LH:11
BRDA:50,0,0,3
BRDA:50,0,1,2
BRDA:50,1,0,5
BRDA:50,1,1,2
BRDA:32,2,0,9
BRDA:32,2,1,9
BRDA:32,3,0,9
BRDA:32,3,1,35
BRDA:32,4,0,2
BRDA:32,4,1,2
BRDA:32,4,2,2
BRDA:32,5,0,2
BRDA:32,5,1,2
BRDA:32,5,2,2
BRF:14
BRH:14
end_of_record
TN:
SF:src/app/features/products/product-edit-dialog/product-edit-dialog.component.html
FN:3,ProductEditDialogComponent_Template_form_ngSubmit_3_listener
FN:20,ProductEditDialogComponent_Template_button_click_13_listener
FNF:2
FNH:2
FNDA:4,ProductEditDialogComponent_Template_form_ngSubmit_3_listener
FNDA:1,ProductEditDialogComponent_Template_button_click_13_listener
DA:1,17
DA:3,17
DA:4,7
DA:6,17
DA:7,17
DA:8,17
DA:9,2
DA:11,7
DA:14,17
DA:15,1
DA:17,7
DA:19,7
DA:20,7
DA:21,17
DA:22,7
DA:23,7
DA:27,17
DA:29,17
DA:30,7
LF:19
LH:19
BRDA:7,0,0,7
BRDA:7,0,1,10
BRDA:8,1,0,2
BRDA:8,1,1,15
BRDA:14,2,0,1
BRDA:14,2,1,16
BRDA:27,3,0,17
BRDA:27,3,1,15
BRF:8
BRH:8
end_of_record
TN:
SF:src/app/features/products/product-edit-dialog/product-edit-dialog.component.ts
FN:55,(anonymous_0)
FN:66,submit
FN:73,cancel
FN:77,request
FN:39,template
FNF:5
FNH:5
FNDA:2,(anonymous_0)
FNDA:4,submit
FNDA:1,cancel
FNDA:3,request
FNDA:2,template
DA:39,24
DA:40,7
DA:41,7
DA:44,7
DA:46,7
DA:47,7
DA:49,7
DA:50,7
DA:51,7
DA:55,7
DA:56,2
DA:59,7
DA:67,4
DA:68,1
DA:70,3
DA:74,1
DA:78,3
DA:79,3
LF:18
LH:18
BRDA:49,0,0,3
BRDA:49,0,1,4
BRDA:50,1,0,3
BRDA:50,1,1,4
BRDA:51,2,0,3
BRDA:51,2,1,4
BRDA:61,3,0,3
BRDA:61,3,1,4
BRDA:62,4,0,3
BRDA:62,4,1,4
BRDA:67,5,0,1
BRDA:67,5,1,3
BRDA:67,6,0,4
BRDA:67,6,1,3
BRDA:79,7,0,1
BRDA:79,7,1,2
BRDA:39,8,0,7
BRDA:39,8,1,7
BRDA:39,9,0,7
BRDA:39,9,1,17
BRDA:39,10,0,2
BRDA:39,10,1,2
BRDA:39,10,2,2
BRDA:39,11,0,2
BRDA:39,11,1,2
BRDA:39,11,2,2
BRF:26
BRH:26
end_of_record
TN:
SF:src/app/features/products/product-list/product-list.component.html
FN:10,ProductListComponent_Conditional_4_Template_mat_slide_toggle_change_1_listener
FN:14,ProductListComponent_Conditional_4_Template_button_click_4_listener
FN:102,ProductListComponent_td_29_Conditional_16_Template_button_click_0_listener
FN:76,ProductListComponent_td_29_Template_button_click_7_listener
FN:83,ProductListComponent_td_29_Template_button_click_10_listener
FN:93,ProductListComponent_td_29_Template_button_click_13_listener
FN:128,ProductListComponent_td_35_Template_button_click_1_listener
FN:157,ProductListComponent_Conditional_39_Template_mat_paginator_page_0_listener
FNF:8
FNH:8
FNDA:9,ProductListComponent_Conditional_4_Template_mat_slide_toggle_change_1_listener
FNDA:2,ProductListComponent_Conditional_4_Template_button_click_4_listener
FNDA:3,ProductListComponent_td_29_Conditional_16_Template_button_click_0_listener
FNDA:2,ProductListComponent_td_29_Template_button_click_7_listener
FNDA:1,ProductListComponent_td_29_Template_button_click_10_listener
FNDA:1,ProductListComponent_td_29_Template_button_click_13_listener
FNDA:3,ProductListComponent_td_35_Template_button_click_1_listener
FNDA:1,ProductListComponent_Conditional_39_Template_mat_paginator_page_0_listener
DA:1,32
DA:2,79
DA:3,79
DA:4,23
DA:9,52
DA:10,9
DA:12,52
DA:13,23
DA:14,23
DA:15,52
DA:16,23
DA:19,32
DA:21,79
DA:22,1
DA:26,79
DA:27,2
DA:30,32
DA:31,79
DA:32,32
DA:33,79
DA:34,76
DA:37,32
DA:38,79
DA:39,76
DA:42,32
DA:43,79
DA:44,76
DA:47,32
DA:48,79
DA:49,76
DA:52,32
DA:53,79
DA:54,76
DA:57,32
DA:58,79
DA:59,76
DA:63,32
DA:64,68
DA:65,32
DA:71,67
DA:73,32
DA:75,32
DA:76,2
DA:77,67
DA:78,32
DA:79,32
DA:83,1
DA:85,67
DA:86,32
DA:89,32
DA:93,1
DA:95,67
DA:96,32
DA:97,67
DA:98,23
DA:102,3
DA:104,40
DA:105,23
DA:107,32
DA:112,32
DA:113,32
DA:114,6
DA:119,9
DA:120,6
DA:125,32
DA:126,32
DA:127,6
DA:128,3
DA:129,9
DA:130,6
DA:134,79
DA:135,38
DA:137,79
DA:138,76
DA:140,32
DA:143,79
DA:144,2
DA:145,2
DA:146,2
DA:151,79
DA:152,33
DA:153,68
DA:157,1
LF:83
LH:83
BRDA:97,0,0,40
BRDA:97,0,1,27
BRDA:145,1,0,1
BRDA:145,1,1,1
BRDA:3,2,0,52
BRDA:3,2,1,27
BRDA:21,3,0,1
BRDA:21,3,1,78
BRDA:26,4,0,2
BRDA:26,4,1,77
BRDA:143,5,0,2
BRDA:143,5,1,77
BRDA:143,6,0,79
BRDA:143,6,1,78
BRDA:143,6,2,76
BRDA:151,7,0,68
BRDA:151,7,1,11
BRF:17
BRH:17
end_of_record
TN:
SF:src/app/features/products/product-list/product-list.component.ts
FN:70,(anonymous_0)
FN:92,(anonymous_1)
FN:95,(anonymous_2)
FN:99,constructor
FN:103,(anonymous_4)
FN:107,ngOnInit
FN:112,onPage
FN:118,openCreate
FN:122,(anonymous_8)
FN:130,openEdit
FN:136,(anonymous_10)
FN:147,openHistory
FN:151,confirmDelete
FN:161,(anonymous_13)
FN:168,remove
FN:170,(anonymous_15)
FN:174,(anonymous_16)
FN:178,load
FN:183,(anonymous_18)
FN:188,(anonymous_19)
FN:57,template
FNF:21
FNH:21
FNDA:32,(anonymous_0)
FNDA:41,(anonymous_1)
FNDA:41,(anonymous_2)
FNDA:32,constructor
FNDA:1,(anonymous_4)
FNDA:32,ngOnInit
FNDA:1,onPage
FNDA:2,openCreate
FNDA:2,(anonymous_8)
FNDA:3,openEdit
FNDA:3,(anonymous_10)
FNDA:1,openHistory
FNDA:3,confirmDelete
FNDA:3,(anonymous_13)
FNDA:2,remove
FNDA:1,(anonymous_15)
FNDA:1,(anonymous_16)
FNDA:38,load
FNDA:36,(anonymous_18)
FNDA:1,(anonymous_19)
FNDA:2,template
DA:32,2
DA:57,111
DA:59,2
DA:60,32
DA:61,32
DA:62,32
DA:63,32
DA:64,32
DA:66,32
DA:70,32
DA:73,32
DA:83,32
DA:84,32
DA:85,32
DA:86,32
DA:87,32
DA:88,32
DA:92,32
DA:93,41
DA:95,32
DA:96,41
DA:100,32
DA:103,1
DA:108,32
DA:113,1
DA:114,1
DA:115,1
DA:119,2
DA:123,2
DA:124,1
DA:125,1
DA:131,3
DA:133,3
DA:137,3
DA:138,2
DA:141,2
DA:148,1
DA:152,3
DA:158,3
DA:162,3
DA:163,2
DA:169,2
DA:171,1
DA:172,1
DA:174,1
DA:179,38
DA:180,38
DA:182,38
DA:184,36
DA:185,36
DA:186,36
DA:189,1
DA:190,1
DA:191,1
LF:54
LH:54
BRDA:93,0,0,8
BRDA:93,0,1,33
BRDA:96,1,0,8
BRDA:96,1,1,33
BRDA:123,2,0,1
BRDA:123,2,1,1
BRDA:137,3,0,2
BRDA:137,3,1,1
BRDA:139,4,0,1
BRDA:139,4,1,1
BRDA:162,5,0,2
BRDA:162,5,1,1
BRDA:59,6,0,32
BRDA:59,6,1,32
BRDA:57,7,0,32
BRDA:57,7,1,79
BRDA:59,8,0,2
BRDA:59,8,1,2
BRDA:59,8,2,2
BRDA:59,9,0,2
BRDA:59,9,1,2
BRDA:59,9,2,2
BRF:22
BRH:22
end_of_record
TN:
SF:src/app/features/products/product-list/product-recycle-bin.ts
FN:57,connect
FN:62,onToggleDeleted
FN:75,restore
FN:77,(anonymous_3)
FN:83,(anonymous_4)
FN:90,loadDeleted
FN:95,(anonymous_6)
FN:99,(anonymous_7)
FNF:8
FNH:8
FNDA:32,connect
FNDA:9,onToggleDeleted
FNDA:3,restore
FNDA:1,(anonymous_3)
FNDA:2,(anonymous_4)
FNDA:9,loadDeleted
FNDA:8,(anonymous_6)
FNDA:1,(anonymous_7)
DA:34,32
DA:35,32
DA:36,32
DA:42,32
DA:53,32
DA:54,32
DA:58,32
DA:63,9
DA:64,9
DA:65,9
DA:66,8
DA:76,3
DA:78,1
DA:80,1
DA:81,1
DA:84,2
DA:85,2
DA:91,9
DA:92,9
DA:94,9
DA:96,8
DA:97,8
DA:101,1
DA:102,1
DA:103,1
LF:25
LH:25
BRDA:65,0,0,8
BRDA:65,0,1,1
BRDA:84,1,0,2
BRDA:84,1,1,2
BRDA:85,2,0,1
BRDA:85,2,1,1
BRDA:34,3,0,32
BRDA:34,3,1,32
BRDA:34,4,0,2
BRDA:34,4,1,2
BRDA:34,4,2,2
BRF:11
BRH:11
end_of_record
TN:
SF:src/app/features/reports/report.service.ts
FN:39,periodParams
FN:54,profitProducts
FN:66,profitProductDetail
FN:71,(anonymous_3)
FN:75,profitSuppliers
FN:86,customerSummary
FN:89,(anonymous_6)
FN:93,dueSoon
FN:98,dueDates
FN:106,losses
FN:116,lossesByRemark
FN:123,overdue
FN:128,stockStatus
FN:142,stockHistory
FN:155,cashFlow
FN:169,cashFlowTimeline
FN:189,supplierProducts
FNF:17
FNH:16
FNDA:17,periodParams
FNDA:3,profitProducts
FNDA:3,profitProductDetail
FNDA:3,(anonymous_3)
FNDA:3,profitSuppliers
FNDA:1,customerSummary
FNDA:1,(anonymous_6)
FNDA:1,dueSoon
FNDA:1,dueDates
FNDA:1,losses
FNDA:1,lossesByRemark
FNDA:1,overdue
FNDA:1,stockStatus
FNDA:0,stockHistory
FNDA:2,cashFlow
FNDA:4,cashFlowTimeline
FNDA:1,supplierProducts
DA:29,23
DA:30,23
DA:32,23
DA:40,17
DA:41,17
DA:42,7
DA:44,17
DA:45,6
DA:47,17
DA:55,3
DA:67,3
DA:71,3
DA:76,3
DA:87,1
DA:89,1
DA:94,1
DA:99,1
DA:107,1
DA:117,1
DA:124,1
DA:129,1
DA:143,0
DA:156,2
DA:170,4
DA:173,4
DA:174,1
DA:176,4
DA:190,1
LF:28
LH:27
BRDA:41,0,0,7
BRDA:41,0,1,10
BRDA:44,1,0,6
BRDA:44,1,1,11
BRDA:173,2,0,1
BRDA:173,2,1,3
BRDA:29,3,0,23
BRDA:29,3,1,23
BRDA:29,4,0,3
BRDA:29,4,1,3
BRDA:29,4,2,3
BRF:11
BRH:11
end_of_record
TN:
SF:src/app/features/reports/profit-detail-dialog/profit-detail-dialog.component.html
FNF:0
FNH:0
DA:1,8
DA:3,7
DA:5,8
DA:6,8
DA:8,8
DA:9,8
DA:11,8
DA:12,8
DA:14,8
DA:15,8
DA:18,8
DA:19,1
DA:21,7
DA:23,7
DA:25,8
DA:26,7
LF:16
LH:16
BRDA:18,0,0,1
BRDA:18,0,1,7
BRF:2
BRH:2
end_of_record
TN:
SF:src/app/features/reports/profit-detail-dialog/profit-detail-dialog.component.ts
FN:19,template
FNF:1
FNH:1
FNDA:3,template
DA:19,15
DA:20,7
LF:2
LH:2
BRDA:19,0,0,7
BRDA:19,0,1,7
BRDA:19,1,0,7
BRDA:19,1,1,8
BRDA:19,2,0,3
BRDA:19,2,1,3
BRDA:19,2,2,3
BRDA:19,3,0,3
BRDA:19,3,1,3
BRDA:19,3,2,3
BRF:10
BRH:10
end_of_record
TN:
SF:src/app/features/reports/reports-page/reports-page.component.html
FN:60,ReportsPageComponent_Conditional_16_Conditional_6_Template_button_click_0_listener
FN:122,ReportsPageComponent_Conditional_16_Conditional_8_tr_18_Template_tr_click_0_listener
FN:122,ReportsPageComponent_Conditional_16_Conditional_8_tr_18_Template_tr_keydown_enter_0_listener
FN:75,ReportsPageComponent_Conditional_16_Conditional_8_Template_table_matSortChange_1_listener
FN:140,ReportsPageComponent_Conditional_16_Conditional_15_Template_button_click_0_listener
FN:155,ReportsPageComponent_Conditional_16_Conditional_17_Template_table_matSortChange_1_listener
FN:277,ReportsPageComponent_Conditional_30_Conditional_2_Template_input_input_5_listener
FN:284,ReportsPageComponent_Conditional_30_Conditional_2_Template_button_click_6_listener
FN:425,ReportsPageComponent_Conditional_51_Template_mat_select_valueChange_5_listener
FN:440,ReportsPageComponent_Conditional_51_Template_input_input_15_listener
FN:448,ReportsPageComponent_Conditional_51_Template_button_click_16_listener
FN:3,ReportsPageComponent_Template_button_click_4_listener
FN:17,ReportsPageComponent_Template_mat_tab_group_selectedIndexChange_9_listener
FN:22,ReportsPageComponent_Template_app_period_toggle_selected_13_listener
FN:24,ReportsPageComponent_Template_app_report_view_toggle_selected_14_listener
FN:201,ReportsPageComponent_Template_app_period_toggle_selected_20_listener
FN:215,ReportsPageComponent_Template_app_supplier_product_picker_supplierSelected_22_listener
FN:215,ReportsPageComponent_Template_app_supplier_product_picker_productSelected_22_listener
FN:252,ReportsPageComponent_Template_app_report_view_toggle_selected_28_listener
FN:359,ReportsPageComponent_Template_app_stock_card_viewChange_34_listener
FN:359,ReportsPageComponent_Template_app_stock_card_filterChange_34_listener
FN:360,ReportsPageComponent_Template_app_stock_card_sortChange_34_listener
FN:361,ReportsPageComponent_Template_app_stock_card_exportRequested_34_listener
FN:371,ReportsPageComponent_Template_app_period_toggle_selected_38_listener
FN:382,ReportsPageComponent_Template_app_losses_card_viewChange_39_listener
FN:382,ReportsPageComponent_Template_app_losses_card_filterChange_39_listener
FN:383,ReportsPageComponent_Template_app_losses_card_sortChange_39_listener
FN:384,ReportsPageComponent_Template_app_losses_card_exportRequested_39_listener
FN:397,ReportsPageComponent_Template_app_report_view_toggle_selected_43_listener
FN:414,ReportsPageComponent_Template_app_period_toggle_selected_48_listener
FN:535,ReportsPageComponent_Template_app_supplier_product_picker_supplierSelected_58_listener
FN:535,ReportsPageComponent_Template_app_supplier_product_picker_productSelected_58_listener
FN:543,ReportsPageComponent_Template_button_click_59_listener
FN:549,ReportsPageComponent_Template_app_period_toggle_selected_62_listener
FNF:34
FNH:34
FNDA:1,ReportsPageComponent_Conditional_16_Conditional_6_Template_button_click_0_listener
FNDA:3,ReportsPageComponent_Conditional_16_Conditional_8_tr_18_Template_tr_click_0_listener
FNDA:1,ReportsPageComponent_Conditional_16_Conditional_8_tr_18_Template_tr_keydown_enter_0_listener
FNDA:6,ReportsPageComponent_Conditional_16_Conditional_8_Template_table_matSortChange_1_listener
FNDA:1,ReportsPageComponent_Conditional_16_Conditional_15_Template_button_click_0_listener
FNDA:1,ReportsPageComponent_Conditional_16_Conditional_17_Template_table_matSortChange_1_listener
FNDA:1,ReportsPageComponent_Conditional_30_Conditional_2_Template_input_input_5_listener
FNDA:2,ReportsPageComponent_Conditional_30_Conditional_2_Template_button_click_6_listener
FNDA:2,ReportsPageComponent_Conditional_51_Template_mat_select_valueChange_5_listener
FNDA:1,ReportsPageComponent_Conditional_51_Template_input_input_15_listener
FNDA:1,ReportsPageComponent_Conditional_51_Template_button_click_16_listener
FNDA:2,ReportsPageComponent_Template_button_click_4_listener
FNDA:100,ReportsPageComponent_Template_mat_tab_group_selectedIndexChange_9_listener
FNDA:231,ReportsPageComponent_Template_app_period_toggle_selected_13_listener
FNDA:267,ReportsPageComponent_Template_app_report_view_toggle_selected_14_listener
FNDA:228,ReportsPageComponent_Template_app_period_toggle_selected_20_listener
FNDA:1,ReportsPageComponent_Template_app_supplier_product_picker_supplierSelected_22_listener
FNDA:2,ReportsPageComponent_Template_app_supplier_product_picker_productSelected_22_listener
FNDA:243,ReportsPageComponent_Template_app_report_view_toggle_selected_28_listener
FNDA:234,ReportsPageComponent_Template_app_stock_card_viewChange_34_listener
FNDA:1,ReportsPageComponent_Template_app_stock_card_filterChange_34_listener
FNDA:1,ReportsPageComponent_Template_app_stock_card_sortChange_34_listener
FNDA:1,ReportsPageComponent_Template_app_stock_card_exportRequested_34_listener
FNDA:228,ReportsPageComponent_Template_app_period_toggle_selected_38_listener
FNDA:240,ReportsPageComponent_Template_app_losses_card_viewChange_39_listener
FNDA:1,ReportsPageComponent_Template_app_losses_card_filterChange_39_listener
FNDA:1,ReportsPageComponent_Template_app_losses_card_sortChange_39_listener
FNDA:1,ReportsPageComponent_Template_app_losses_card_exportRequested_39_listener
FNDA:234,ReportsPageComponent_Template_app_report_view_toggle_selected_43_listener
FNDA:228,ReportsPageComponent_Template_app_period_toggle_selected_48_listener
FNDA:1,ReportsPageComponent_Template_app_supplier_product_picker_supplierSelected_58_listener
FNDA:2,ReportsPageComponent_Template_app_supplier_product_picker_productSelected_58_listener
FNDA:1,ReportsPageComponent_Template_button_click_59_listener
FNDA:228,ReportsPageComponent_Template_app_period_toggle_selected_62_listener
DA:1,111
DA:2,774
DA:3,111
DA:4,774
DA:5,111
DA:8,774
DA:9,1
DA:13,774
DA:14,21
DA:17,774
DA:18,774
DA:19,111
DA:22,774
DA:24,774
DA:26,774
DA:27,111
DA:30,717
DA:31,717
DA:32,703
DA:34,14
DA:36,111
DA:39,111
DA:41,717
DA:42,717
DA:43,706
DA:45,11
DA:47,111
DA:51,15
DA:54,57
DA:55,57
DA:56,14
DA:60,1
DA:62,14
DA:63,54
DA:64,14
DA:66,15
DA:67,57
DA:68,3
DA:70,14
DA:73,54
DA:75,6
DA:78,14
DA:79,14
DA:80,54
DA:81,14
DA:82,28
DA:83,108
DA:84,108
DA:85,45
DA:87,28
DA:90,14
DA:91,54
DA:92,108
DA:95,14
DA:96,14
DA:97,54
DA:98,14
DA:99,108
DA:102,14
DA:103,14
DA:104,54
DA:105,14
DA:106,108
DA:109,14
DA:110,14
DA:111,54
DA:112,14
DA:113,108
DA:116,54
DA:117,28
DA:119,54
DA:122,28
DA:124,28
DA:125,14
DA:128,15
DA:131,15
DA:134,57
DA:135,57
DA:136,14
DA:140,1
DA:142,14
DA:143,54
DA:144,14
DA:146,15
DA:147,57
DA:148,3
DA:150,14
DA:153,54
DA:155,1
DA:158,14
DA:159,14
DA:160,54
DA:161,14
DA:162,54
DA:165,14
DA:166,14
DA:167,54
DA:168,14
DA:169,54
DA:172,14
DA:173,14
DA:174,54
DA:175,14
DA:176,54
DA:179,14
DA:180,14
DA:181,54
DA:182,14
DA:183,54
DA:186,54
DA:187,54
DA:188,14
DA:191,15
DA:194,111
DA:197,774
DA:198,111
DA:201,774
DA:207,111
DA:208,111
DA:210,774
DA:215,111
DA:218,111
DA:219,774
DA:220,4
DA:222,770
DA:224,111
DA:230,111
DA:231,774
DA:232,20
DA:234,89
DA:235,89
DA:237,20
DA:238,89
DA:239,89
DA:241,20
DA:242,89
DA:243,20
DA:245,89
DA:246,89
DA:252,774
DA:255,774
DA:256,111
DA:258,758
DA:259,758
DA:260,73
DA:262,685
DA:264,111
DA:267,7
DA:269,16
DA:270,5
DA:272,12
DA:273,5
DA:276,12
DA:277,1
DA:280,5
DA:284,2
DA:286,5
DA:287,12
DA:288,5
DA:291,16
DA:292,5
DA:293,12
DA:294,5
DA:295,5
DA:296,12
DA:297,5
DA:298,9
DA:299,20
DA:300,20
DA:301,2
DA:303,9
DA:306,5
DA:307,5
DA:308,12
DA:309,5
DA:310,20
DA:313,5
DA:314,5
DA:315,12
DA:316,5
DA:317,20
DA:320,5
DA:321,5
DA:322,12
DA:323,5
DA:324,20
DA:327,5
DA:328,5
DA:329,12
DA:330,5
DA:331,20
DA:332,20
DA:333,9
DA:336,12
DA:337,12
DA:338,5
DA:341,4
DA:343,7
DA:346,111
DA:349,774
DA:350,111
DA:351,111
DA:352,774
DA:359,234
DA:360,1
DA:361,1
DA:367,774
DA:368,111
DA:371,774
DA:373,111
DA:374,774
DA:382,240
DA:383,1
DA:384,1
DA:390,774
DA:391,111
DA:394,111
DA:395,774
DA:397,234
DA:400,111
DA:401,774
DA:406,111
DA:409,774
DA:410,111
DA:414,774
DA:416,111
DA:418,774
DA:419,7
DA:421,31
DA:422,7
DA:424,31
DA:425,2
DA:427,31
DA:428,31
DA:429,62
DA:431,7
DA:434,7
DA:435,31
DA:436,7
DA:439,31
DA:440,1
DA:444,7
DA:448,1
DA:450,7
DA:451,31
DA:452,7
DA:455,774
DA:456,743
DA:458,7
DA:459,31
DA:460,7
DA:461,7
DA:462,31
DA:463,7
DA:466,56
DA:469,7
DA:470,7
DA:471,31
DA:472,7
DA:473,56
DA:476,7
DA:477,7
DA:478,31
DA:479,7
DA:480,14
DA:481,56
DA:482,56
DA:483,28
DA:485,14
DA:488,7
DA:489,7
DA:490,31
DA:491,7
DA:492,56
DA:495,7
DA:496,7
DA:497,31
DA:498,7
DA:499,56
DA:502,7
DA:503,7
DA:504,31
DA:505,7
DA:506,56
DA:509,31
DA:510,31
DA:511,7
DA:514,111
DA:519,774
DA:520,111
DA:528,111
DA:530,774
DA:535,111
DA:538,111
DA:542,774
DA:543,111
DA:545,774
DA:546,111
DA:549,774
DA:553,774
DA:554,111
DA:555,749
DA:556,111
DA:558,12
DA:560,25
DA:561,25
DA:562,23
DA:564,2
DA:565,2
DA:566,2
DA:568,12
DA:571,12
DA:573,25
DA:574,25
DA:575,23
DA:577,2
DA:579,12
DA:582,111
LF:318
LH:318
BRDA:31,0,0,703
BRDA:31,0,1,14
BRDA:42,1,0,706
BRDA:42,1,1,11
BRDA:84,2,0,45
BRDA:84,2,1,63
BRDA:55,3,0,54
BRDA:55,3,1,3
BRDA:67,4,0,3
BRDA:67,4,1,54
BRDA:135,5,0,54
BRDA:135,5,1,3
BRDA:147,6,0,3
BRDA:147,6,1,54
BRDA:259,7,0,73
BRDA:259,7,1,685
BRDA:300,8,0,2
BRDA:300,8,1,18
BRDA:269,9,0,12
BRDA:269,9,1,4
BRDA:291,10,0,12
BRDA:291,10,1,4
BRDA:482,11,0,28
BRDA:482,11,1,28
BRDA:561,12,0,23
BRDA:561,12,1,2
BRDA:574,13,0,23
BRDA:574,13,1,2
BRDA:8,14,0,4
BRDA:8,14,1,770
BRDA:13,15,0,21
BRDA:13,15,1,753
BRDA:26,16,0,717
BRDA:26,16,1,57
BRDA:219,17,0,4
BRDA:219,17,1,770
BRDA:231,18,0,89
BRDA:231,18,1,685
BRDA:255,19,0,758
BRDA:255,19,1,16
BRDA:418,20,0,31
BRDA:418,20,1,743
BRDA:455,21,0,743
BRDA:455,21,1,31
BRDA:553,22,0,749
BRDA:553,22,1,25
BRF:46
BRH:46
end_of_record
TN:
SF:src/app/features/reports/reports-page/reports-page.component.ts
FN:159,(anonymous_0)
FN:168,(anonymous_1)
FN:172,(anonymous_2)
FN:184,(anonymous_3)
FN:190,(anonymous_4)
FN:191,(anonymous_5)
FN:197,(anonymous_6)
FN:203,(anonymous_7)
FN:204,(anonymous_8)
FN:205,(anonymous_9)
FN:217,(anonymous_10)
FN:222,(anonymous_11)
FN:223,(anonymous_12)
FN:261,(anonymous_13)
FN:264,(anonymous_14)
FN:265,(anonymous_15)
FN:268,(anonymous_16)
FN:271,(anonymous_17)
FN:274,(anonymous_18)
FN:278,searchProductsOf
FN:288,(anonymous_20)
FN:296,(anonymous_21)
FN:313,(anonymous_22)
FN:314,(anonymous_23)
FN:317,(anonymous_24)
FN:321,(anonymous_25)
FN:329,(anonymous_26)
FN:343,(anonymous_27)
FN:357,(anonymous_28)
FN:361,(anonymous_29)
FN:365,(anonymous_30)
FN:369,(anonymous_31)
FN:373,(anonymous_32)
FN:377,(anonymous_33)
FN:390,ngOnInit
FN:395,activate
FN:405,refresh
FN:409,viewOf
FN:413,setView
FN:414,(anonymous_39)
FN:414,(anonymous_40)
FN:421,exportProfit
FN:425,(anonymous_42)
FN:429,exportSuppliers
FN:433,(anonymous_44)
FN:437,exportStock
FN:442,(anonymous_46)
FN:453,exportLosses
FN:457,(anonymous_48)
FN:467,setStockFilter
FN:471,setLossFilter
FN:475,setChangeFilter
FN:479,setChangeUser
FN:492,setAnalyticsSupplier
FN:496,setAnalyticsProduct
FN:503,showAnalytics
FN:513,setAnalyticsPeriod
FN:528,setChangePeriod
FN:537,exportChanges
FN:543,(anonymous_59)
FN:558,setLossPeriod
FN:569,setProfitPeriod
FN:580,setCashFlowPeriod
FN:592,setCashFlowFilter
FN:596,exportCashFlow
FN:602,(anonymous_65)
FN:607,sortProfit
FN:608,(anonymous_67)
FN:611,sortSuppliers
FN:612,(anonymous_69)
FN:615,sortStock
FN:616,(anonymous_71)
FN:619,sortLosses
FN:620,(anonymous_73)
FN:624,openDetail
FN:629,(anonymous_75)
FN:630,(anonymous_76)
FN:634,loadTab
FN:656,loadProfit
FN:664,(anonymous_79)
FN:668,(anonymous_80)
FN:672,(anonymous_81)
FN:673,(anonymous_82)
FN:677,loadStock
FN:679,(anonymous_84)
FN:683,(anonymous_85)
FN:694,loadAnalytics
FN:709,(anonymous_87)
FN:713,(anonymous_88)
FN:719,(anonymous_89)
FN:723,(anonymous_90)
FN:727,loadChanges
FN:733,(anonymous_92)
FN:737,(anonymous_93)
FN:742,(anonymous_94)
FN:746,loadLosses
FN:752,(anonymous_96)
FN:756,(anonymous_97)
FN:763,(anonymous_98)
FN:766,(anonymous_99)
FN:773,loadDue
FN:775,(anonymous_101)
FN:779,(anonymous_102)
FN:783,(anonymous_103)
FN:784,(anonymous_104)
FN:788,(anonymous_105)
FN:789,(anonymous_106)
FN:801,setCashFlowSupplier
FN:813,setCashFlowProduct
FN:823,loadCashFlow
FN:831,(anonymous_110)
FN:836,(anonymous_111)
FN:845,loadCashFlowProducts
FN:850,(anonymous_113)
FN:851,(anonymous_114)
FN:863,exportCsv
FN:873,fail
FN:108,template
FN:885,toMarginOption
FN:886,(anonymous_119)
FN:890,(anonymous_120)
FN:909,(anonymous_121)
FN:922,periodRange
FN:952,toPricePoints
FN:954,(anonymous_124)
FN:955,(anonymous_125)
FN:957,(anonymous_126)
FN:958,(anonymous_127)
FN:970,toPriceHistoryOption
FN:976,(anonymous_129)
FN:980,(anonymous_130)
FN:981,(anonymous_131)
FN:983,(anonymous_132)
FN:984,(anonymous_133)
FN:995,toStockHistoryOption
FN:1007,(anonymous_135)
FN:1014,(anonymous_136)
FN:1015,(anonymous_137)
FN:1017,(anonymous_138)
FN:1019,(anonymous_139)
FN:1020,(anonymous_140)
FN:1031,matchingNameOrSku
FN:1037,(anonymous_142)
FN:1042,isoDate
FN:1066,toCashFlowOption
FN:1076,(anonymous_145)
FN:1085,(anonymous_146)
FN:1086,(anonymous_147)
FN:1088,(anonymous_148)
FN:1097,(anonymous_149)
FN:1098,(anonymous_150)
FN:1104,(anonymous_151)
FN:1115,toProfitOption
FN:1124,(anonymous_153)
FN:1126,(anonymous_154)
FN:1132,(anonymous_155)
FN:1135,(anonymous_156)
FN:1136,(anonymous_157)
FN:1137,(anonymous_158)
FN:1141,toStockOption
FN:1151,(anonymous_160)
FN:1160,(anonymous_161)
FN:1163,(anonymous_162)
FN:1164,(anonymous_163)
FN:1165,(anonymous_164)
FN:1173,toLossOption
FN:1178,(anonymous_166)
FN:1184,(anonymous_167)
FN:1191,(anonymous_168)
FN:1203,toDueOption
FN:1207,(anonymous_170)
FN:1208,(anonymous_171)
FN:1211,(anonymous_172)
FN:1222,(anonymous_173)
FN:1224,(anonymous_174)
FN:1225,(anonymous_175)
FN:1229,(anonymous_176)
FN:1234,valueOf
FN:1235,(anonymous_178)
FN:1241,sortRows
FN:1247,(anonymous_180)
FNF:181
FNH:181
FNDA:7,(anonymous_0)
FNDA:123,(anonymous_1)
FNDA:130,(anonymous_2)
FNDA:121,(anonymous_3)
FNDA:18,(anonymous_4)
FNDA:18,(anonymous_5)
FNDA:128,(anonymous_6)
FNDA:30,(anonymous_7)
FNDA:30,(anonymous_8)
FNDA:30,(anonymous_9)
FNDA:132,(anonymous_10)
FNDA:39,(anonymous_11)
FNDA:39,(anonymous_12)
FNDA:127,(anonymous_13)
FNDA:1,(anonymous_14)
FNDA:1,(anonymous_15)
FNDA:1,(anonymous_16)
FNDA:2,(anonymous_17)
FNDA:1,(anonymous_18)
FNDA:3,searchProductsOf
FNDA:17,(anonymous_20)
FNDA:18,(anonymous_21)
FNDA:7,(anonymous_22)
FNDA:14,(anonymous_23)
FNDA:12,(anonymous_24)
FNDA:6,(anonymous_25)
FNDA:4,(anonymous_26)
FNDA:125,(anonymous_27)
FNDA:126,(anonymous_28)
FNDA:126,(anonymous_29)
FNDA:135,(anonymous_30)
FNDA:142,(anonymous_31)
FNDA:137,(anonymous_32)
FNDA:146,(anonymous_33)
FNDA:111,ngOnInit
FNDA:320,activate
FNDA:2,refresh
FNDA:3400,viewOf
FNDA:1254,setView
FNDA:1254,(anonymous_39)
FNDA:8778,(anonymous_40)
FNDA:1,exportProfit
FNDA:2,(anonymous_42)
FNDA:1,exportSuppliers
FNDA:1,(anonymous_44)
FNDA:1,exportStock
FNDA:1,(anonymous_46)
FNDA:1,exportLosses
FNDA:1,(anonymous_48)
FNDA:2,setStockFilter
FNDA:2,setLossFilter
FNDA:2,setChangeFilter
FNDA:3,setChangeUser
FNDA:19,setAnalyticsSupplier
FNDA:17,setAnalyticsProduct
FNDA:12,showAnalytics
FNDA:230,setAnalyticsPeriod
FNDA:230,setChangePeriod
FNDA:1,exportChanges
FNDA:1,(anonymous_59)
FNDA:230,setLossPeriod
FNDA:234,setProfitPeriod
FNDA:230,setCashFlowPeriod
FNDA:2,setCashFlowFilter
FNDA:2,exportCashFlow
FNDA:3,(anonymous_65)
FNDA:6,sortProfit
FNDA:6,(anonymous_67)
FNDA:1,sortSuppliers
FNDA:1,(anonymous_69)
FNDA:1,sortStock
FNDA:1,(anonymous_71)
FNDA:1,sortLosses
FNDA:1,(anonymous_73)
FNDA:4,openDetail
FNDA:3,(anonymous_75)
FNDA:1,(anonymous_76)
FNDA:206,loadTab
FNDA:115,loadProfit
FNDA:113,(anonymous_79)
FNDA:1,(anonymous_80)
FNDA:114,(anonymous_81)
FNDA:1,(anonymous_82)
FNDA:11,loadStock
FNDA:10,(anonymous_84)
FNDA:1,(anonymous_85)
FNDA:36,loadAnalytics
FNDA:12,(anonymous_87)
FNDA:1,(anonymous_88)
FNDA:12,(anonymous_89)
FNDA:1,(anonymous_90)
FNDA:11,loadChanges
FNDA:10,(anonymous_92)
FNDA:17,(anonymous_93)
FNDA:1,(anonymous_94)
FNDA:19,loadLosses
FNDA:18,(anonymous_96)
FNDA:1,(anonymous_97)
FNDA:18,(anonymous_98)
FNDA:1,(anonymous_99)
FNDA:13,loadDue
FNDA:12,(anonymous_101)
FNDA:1,(anonymous_102)
FNDA:12,(anonymous_103)
FNDA:1,(anonymous_104)
FNDA:12,(anonymous_105)
FNDA:1,(anonymous_106)
FNDA:6,setCashFlowSupplier
FNDA:6,setCashFlowProduct
FNDA:28,loadCashFlow
FNDA:27,(anonymous_110)
FNDA:1,(anonymous_111)
FNDA:7,loadCashFlowProducts
FNDA:6,(anonymous_113)
FNDA:1,(anonymous_114)
FNDA:7,exportCsv
FNDA:13,fail
FNDA:3,template
FNDA:126,toMarginOption
FNDA:262,(anonymous_119)
FNDA:261,(anonymous_120)
FNDA:2,(anonymous_121)
FNDA:197,periodRange
FNDA:12,toPricePoints
FNDA:35,(anonymous_124)
FNDA:24,(anonymous_125)
FNDA:24,(anonymous_126)
FNDA:24,(anonymous_127)
[...]
LF:41
LH:41
BRDA:2,0,0,11
BRDA:2,0,1,34
BRDA:10,1,0,46
BRDA:10,1,1,45
BRDA:18,2,0,5
BRDA:18,2,1,40
BRDA:31,3,0,46
BRDA:31,3,1,45
BRDA:42,4,0,1
BRDA:42,4,1,44
BRDA:55,5,0,45
BRDA:55,5,1,24
BRF:12
BRH:12
end_of_record
TN:
SF:src/app/features/suppliers/supplier-form-dialog/supplier-form-dialog.component.ts
FN:46,(anonymous_0)
FN:60,submit
FN:67,cancel
FN:71,request
FN:36,template
FNF:5
FNH:5
FNDA:4,(anonymous_0)
FNDA:7,submit
FNDA:1,cancel
FNDA:5,request
FNDA:3,template
DA:36,57
DA:37,12
DA:38,12
DA:41,12
DA:43,12
DA:44,12
DA:46,12
DA:47,4
DA:52,12
DA:61,7
DA:62,2
DA:64,5
DA:68,1
DA:72,5
LF:14
LH:14
BRDA:53,0,0,12
BRDA:53,0,1,8
BRDA:54,1,0,12
BRDA:54,1,1,9
BRDA:55,2,0,12
BRDA:55,2,1,9
BRDA:56,3,0,12
BRDA:56,3,1,8
BRDA:57,4,0,12
BRDA:57,4,1,9
BRDA:61,5,0,2
BRDA:61,5,1,5
BRDA:61,6,0,7
BRDA:61,6,1,5
BRDA:72,7,0,2
BRDA:72,7,1,3
BRDA:36,8,0,12
BRDA:36,8,1,12
BRDA:36,9,0,12
BRDA:36,9,1,45
BRDA:36,10,0,3
BRDA:36,10,1,3
BRDA:36,10,2,3
BRDA:36,11,0,3
BRDA:36,11,1,3
BRDA:36,11,2,3
BRF:26
BRH:26
end_of_record
TN:
SF:src/app/features/suppliers/supplier-list/supplier-list.component.html
FN:11,SupplierListComponent_Conditional_5_Template_button_click_0_listener
FN:80,SupplierListComponent_td_30_Conditional_4_Template_button_click_0_listener
FN:70,SupplierListComponent_td_30_Template_button_click_1_listener
FN:17,SupplierListComponent_Template_button_click_6_listener
FN:102,SupplierListComponent_Template_mat_paginator_page_34_listener
FNF:5
FNH:5
FNDA:4,SupplierListComponent_Conditional_5_Template_button_click_0_listener
FNDA:4,SupplierListComponent_td_30_Conditional_4_Template_button_click_0_listener
FNDA:1,SupplierListComponent_td_30_Template_button_click_1_listener
FNDA:2,SupplierListComponent_Template_button_click_6_listener
FNDA:1,SupplierListComponent_Template_mat_paginator_page_34_listener
DA:1,22
DA:2,36
DA:3,22
DA:6,36
DA:7,18
DA:11,4
DA:13,18
DA:14,32
DA:15,18
DA:17,22
DA:18,36
DA:19,22
DA:23,36
DA:24,1
DA:28,36
DA:29,1
DA:32,22
DA:33,36
DA:34,22
DA:35,36
DA:36,94
DA:41,22
DA:42,36
DA:43,94
DA:46,22
DA:47,36
DA:48,94
DA:53,22
DA:54,36
DA:55,94
DA:58,22
DA:59,36
DA:60,94
DA:63,22
DA:64,36
DA:65,74
DA:70,1
DA:72,94
DA:73,74
DA:74,94
DA:75,70
DA:80,4
DA:82,70
DA:85,74
DA:88,36
DA:89,74
DA:90,22
DA:93,36
DA:94,2
DA:97,22
DA:98,36
DA:102,22
LF:52
LH:52
BRDA:43,0,0,94
BRDA:43,0,1,85
BRDA:48,1,0,94
BRDA:48,1,1,85
BRDA:55,2,0,94
BRDA:55,2,1,85
BRDA:74,3,0,90
BRDA:74,3,1,4
BRDA:6,4,0,32
BRDA:6,4,1,4
BRDA:23,5,0,1
BRDA:23,5,1,35
BRDA:28,6,0,1
BRDA:28,6,1,35
BRDA:93,7,0,2
BRDA:93,7,1,34
BRDA:93,8,0,36
BRDA:93,8,1,35
BRDA:93,8,2,34
BRF:19
BRH:19
end_of_record
TN:
SF:src/app/features/suppliers/supplier-list/supplier-list.component.ts
FN:56,(anonymous_0)
FN:68,(anonymous_1)
FN:77,ngOnInit
FN:81,openCreate
FN:92,exportCsv
FN:96,(anonymous_5)
FN:110,openEdit
FN:114,confirmDelete
FN:124,(anonymous_8)
FN:131,openForm
FN:135,(anonymous_10)
FN:143,remove
FN:146,(anonymous_12)
FN:150,(anonymous_13)
FN:47,template
FNF:15
FNH:15
FNDA:18,(anonymous_0)
FNDA:26,(anonymous_1)
FNDA:22,ngOnInit
FNDA:2,openCreate
FNDA:4,exportCsv
FNDA:8,(anonymous_5)
FNDA:1,openEdit
FNDA:4,confirmDelete
FNDA:4,(anonymous_8)
FNDA:3,openForm
FNDA:3,(anonymous_10)
FNDA:3,remove
FNDA:2,(anonymous_12)
FNDA:1,(anonymous_13)
FNDA:2,template
DA:47,58
DA:48,22
DA:49,22
DA:50,22
DA:51,22
DA:52,22
DA:53,22
DA:56,22
DA:66,22
DA:68,26
DA:75,22
DA:78,22
DA:82,2
DA:93,4
DA:96,8
DA:111,1
DA:115,4
DA:121,4
DA:125,4
DA:126,3
DA:132,3
DA:136,3
DA:137,2
DA:138,2
DA:144,3
DA:147,2
DA:148,2
DA:150,1
LF:28
LH:28
BRDA:125,0,0,3
BRDA:125,0,1,1
BRDA:136,1,0,2
BRDA:136,1,1,1
BRDA:137,2,0,1
BRDA:137,2,1,1
BRDA:47,3,0,22
BRDA:47,3,1,22
BRDA:47,4,0,22
BRDA:47,4,1,36
BRDA:47,5,0,2
BRDA:47,5,1,2
BRDA:47,5,2,2
BRDA:47,6,0,2
BRDA:47,6,1,2
BRDA:47,6,2,2
BRF:16
BRH:16
end_of_record
TN:
SF:src/app/shared/chart/chart-context.ts
FN:38,createChartContext
FN:43,(anonymous_1)
FNF:2
FNH:2
FNDA:172,createChartContext
FNDA:200,(anonymous_1)
DA:39,172
DA:40,172
DA:41,172
DA:43,200
LF:4
LH:4
BRF:0
BRH:0
end_of_record
TN:
SF:src/app/shared/chart/chart-data.ts
FN:20,topNWithRemainder
FN:25,(anonymous_1)
FN:32,(anonymous_2)
FNF:3
FNH:3
FNDA:194,topNWithRemainder
FNDA:270,(anonymous_1)
FNDA:8,(anonymous_2)
DA:7,3
DA:25,270
DA:27,194
DA:28,187
DA:31,7
DA:32,8
DA:34,7
LF:7
LH:7
BRDA:23,0,0,194
BRDA:27,1,0,187
BRDA:27,1,1,7
BRF:3
BRH:3
end_of_record
TN:
SF:src/app/shared/chart/chart-format.ts
FN:40,chartFormat
FN:46,(anonymous_1)
FN:47,(anonymous_2)
FN:48,(anonymous_3)
FN:49,(anonymous_4)
FN:50,(anonymous_5)
FNF:6
FNH:6
FNDA:200,chartFormat
FNDA:25,(anonymous_1)
FNDA:6,(anonymous_2)
FNDA:8,(anonymous_3)
FNDA:2,(anonymous_4)
FNDA:2,(anonymous_5)
DA:41,200
DA:42,200
DA:43,200
DA:45,200
DA:46,25
DA:47,6
DA:48,8
DA:49,2
DA:50,2
LF:9
LH:9
BRF:0
BRH:0
end_of_record
TN:
SF:src/app/shared/chart/chart.component.ts
FN:86,(anonymous_0)
FN:119,constructor
FN:123,(anonymous_2)
FN:126,(anonymous_3)
FN:130,(anonymous_4)
FN:133,(anonymous_5)
FN:138,ngAfterViewInit
FN:143,ngOnDestroy
FN:149,create
FN:162,applyOption
FN:166,destroyChart
FN:172,observeResize
FN:176,(anonymous_12)
FN:103,viewQuery
FN:111,(anonymous_14)
FNF:15
FNH:14
FNDA:1,(anonymous_0)
FNDA:358,constructor
FNDA:717,(anonymous_2)
FNDA:359,(anonymous_3)
FNDA:784,(anonymous_4)
FNDA:426,(anonymous_5)
FNDA:358,ngAfterViewInit
FNDA:358,ngOnDestroy
FNDA:359,create
FNDA:751,applyOption
FNDA:717,destroyChart
FNDA:358,observeResize
FNDA:1,(anonymous_12)
FNDA:3,viewQuery
FNDA:0,(anonymous_14)
DA:48,3
DA:84,3
DA:86,1
DA:89,3
DA:91,3
DA:100,426
DA:103,784
DA:104,358
DA:105,358
DA:107,358
DA:109,358
DA:111,358
DA:113,358
DA:115,358
DA:117,358
DA:123,358
DA:124,717
DA:125,717
DA:126,359
DA:130,358
DA:131,784
DA:132,784
DA:133,426
DA:139,358
DA:140,358
DA:144,358
DA:145,358
DA:146,358
DA:150,359
DA:153,359
DA:158,359
DA:163,751
DA:167,717
DA:168,717
DA:173,358
DA:174,356
DA:176,2
DA:177,2
LF:38
LH:38
BRDA:125,0,0,359
BRDA:125,0,1,358
BRDA:132,1,0,426
BRDA:132,1,1,358
BRDA:155,2,0,1
BRDA:155,2,1,358
BRDA:173,3,0,356
BRDA:173,3,1,2
BRDA:103,4,0,358
BRDA:103,4,1,358
BRDA:103,5,0,358
BRDA:103,5,1,426
BRDA:103,6,0,3
BRDA:103,6,1,3
BRDA:103,6,2,3
BRDA:103,7,0,3
BRDA:103,7,1,3
BRDA:103,7,2,3
BRF:18
BRH:18
end_of_record
TN:
SF:src/app/shared/confirm-dialog/confirm-dialog.component.html
FN:11,ConfirmDialogComponent_Template_button_click_9_listener
FN:14,ConfirmDialogComponent_Template_button_click_12_listener
FNF:2
FNH:2
FNDA:1,ConfirmDialogComponent_Template_button_click_9_listener
FNDA:1,ConfirmDialogComponent_Template_button_click_12_listener
DA:1,6
DA:3,6
DA:4,6
DA:5,6
DA:6,1
DA:8,6
DA:10,6
DA:11,6
DA:12,6
DA:13,6
DA:14,6
DA:15,6
DA:16,6
LF:13
LH:13
BRDA:5,0,0,1
BRDA:5,0,1,5
BRF:2
BRH:2
end_of_record
TN:
SF:src/app/shared/confirm-dialog/confirm-dialog.component.ts
FN:26,confirm
FN:30,cancel
FN:21,template
FNF:3
FNH:3
FNDA:1,confirm
FNDA:1,cancel
FNDA:3,template
DA:21,12
DA:22,6
DA:24,6
DA:27,1
DA:31,1
LF:5
LH:5
BRDA:21,0,0,6
BRDA:21,0,1,6
BRDA:21,1,0,6
BRDA:21,1,1,6
BRDA:21,2,0,3
BRDA:21,2,1,3
BRDA:21,2,2,3
BRDA:21,3,0,3
BRDA:21,3,1,3
BRDA:21,3,2,3
BRF:10
BRH:10
end_of_record
TN:
SF:src/app/shared/csv/csv-export.service.ts
FN:32,export
FN:38,(anonymous_1)
FNF:2
FNH:2
FNDA:20,export
FNDA:126,(anonymous_1)
DA:19,195
DA:20,195
DA:21,195
DA:22,195
DA:38,20
DA:39,126
DA:41,20
LF:7
LH:7
BRDA:19,0,0,195
BRDA:19,0,1,195
BRDA:19,1,0,3
BRDA:19,1,1,3
BRDA:19,1,2,3
BRF:5
BRH:5
end_of_record
TN:
SF:src/app/shared/csv/csv-export.ts
FN:32,buildCsv
FN:38,(anonymous_1)
FN:39,(anonymous_2)
FN:46,downloadCsv
FN:62,(anonymous_4)
FN:65,format
FN:78,quote
FNF:7
FNH:7
FNDA:27,buildCsv
FNDA:88,(anonymous_1)
FNDA:532,(anonymous_2)
FNDA:2,downloadCsv
FNDA:1,(anonymous_4)
FNDA:532,format
FNDA:532,quote
DA:15,3
DA:17,3
DA:22,3
DA:24,3
DA:37,27
DA:38,27
DA:39,532
DA:42,27
DA:47,2
DA:48,2
DA:49,2
DA:50,2
DA:51,2
DA:52,2
DA:60,3
DA:62,1
DA:66,532
DA:67,25
DA:69,507
DA:72,62
DA:74,445
DA:79,532
DA:80,529
DA:82,3
LF:24
LH:24
BRDA:37,0,0,27
BRDA:37,0,1,1
BRDA:66,1,0,25
BRDA:66,1,1,507
BRDA:69,2,0,62
BRDA:69,2,1,445
BRDA:79,3,0,529
BRDA:79,3,1,3
BRDA:79,4,0,532
BRDA:79,4,1,530
BRDA:79,4,2,529
BRF:11
BRH:11
end_of_record
TN:
SF:src/app/shared/dialog/dialog-submit-store.ts
FN:29,createDialogSubmitStore
FN:33,submit
FN:41,(anonymous_2)
FN:45,(anonymous_3)
FNF:4
FNH:4
FNDA:56,createDialogSubmitStore
FNDA:21,submit
FNDA:12,(anonymous_2)
FNDA:6,(anonymous_3)
DA:30,56
DA:31,56
DA:34,21
DA:35,1
DA:37,20
DA:38,20
DA:40,20
DA:42,12
DA:43,12
DA:46,6
DA:47,6
DA:52,56
LF:12
LH:12
BRDA:34,0,0,1
BRDA:34,0,1,20
BRF:2
BRH:2
end_of_record
TN:
SF:src/app/shared/footer/footer.component.html
FNF:0
FNH:0
DA:1,87
DA:3,105
DA:4,105
DA:7,87
DA:8,105
DA:9,105
DA:10,87
DA:11,105
DA:12,105
DA:13,87
DA:16,105
DA:17,15
DA:18,16
DA:19,16
DA:20,14
DA:21,14
DA:22,14
DA:24,2
DA:26,15
DA:28,87
LF:20
LH:20
BRDA:19,0,0,14
BRDA:19,0,1,2
BRDA:16,1,0,16
BRDA:16,1,1,89
BRF:4
BRH:4
end_of_record
TN:
SF:src/app/shared/footer/footer.component.ts
FN:32,constructor
FN:38,(anonymous_1)
FN:41,(anonymous_2)
FN:22,template
FNF:4
FNH:4
FNDA:87,constructor
FNDA:23,(anonymous_1)
FNDA:16,(anonymous_2)
FNDA:3,template
DA:9,3
DA:22,192
DA:23,87
DA:27,87
DA:28,87
DA:30,87
DA:36,87
DA:38,23
DA:41,16
LF:9
LH:9
BRDA:22,0,0,87
BRDA:22,0,1,87
BRDA:22,1,0,87
BRDA:22,1,1,105
BRDA:22,2,0,3
BRDA:22,2,1,3
BRDA:22,2,2,3
BRDA:22,3,0,3
BRDA:22,3,1,3
BRDA:22,3,2,3
BRF:10
BRH:10
end_of_record
TN:
SF:src/app/shared/format/app-currency.pipe.ts
FN:17,transform
FNF:1
FNH:1
FNDA:1209,transform
DA:14,730
DA:15,741
DA:18,1209
LF:3
LH:3
BRDA:14,0,0,730
BRDA:14,0,1,730
BRDA:14,1,0,3
BRDA:14,1,1,3
BRDA:14,1,2,3
BRF:5
BRH:5
end_of_record
TN:
SF:src/app/shared/format/app-date-time.pipe.ts
FN:17,transform
FNF:1
FNH:1
FNDA:609,transform
DA:14,394
DA:15,405
DA:18,609
LF:3
LH:3
BRDA:14,0,0,394
BRDA:14,0,1,394
BRDA:14,1,0,3
BRDA:14,1,1,3
BRDA:14,1,2,3
BRF:5
BRH:5
end_of_record
TN:
SF:src/app/shared/format/app-date.pipe.ts
FN:18,transform
FNF:1
FNH:1
FNDA:264,transform
DA:15,198
DA:16,209
DA:19,264
LF:3
LH:3
BRDA:15,0,0,198
BRDA:15,0,1,198
BRDA:15,1,0,3
BRDA:15,1,1,3
BRDA:15,1,2,3
BRF:5
BRH:5
end_of_record
TN:
SF:src/app/shared/forms/integer-only.validator.ts
FN:7,integerOnly
FNF:1
FNH:1
FNDA:249,integerOnly
DA:8,249
DA:9,249
DA:10,6
DA:12,243
LF:4
LH:4
BRDA:9,0,0,6
BRDA:9,0,1,243
BRDA:9,1,0,249
BRDA:9,1,1,247
BRDA:9,1,2,246
BRDA:12,2,0,239
BRDA:12,2,1,4
BRF:7
BRH:7
end_of_record
TN:
SF:src/app/shared/language-toggle/language-toggle.component.html
FN:9,LanguageToggleComponent_For_3_Template_button_click_0_listener
FNF:1
FNH:1
FNDA:2,LanguageToggleComponent_For_3_Template_button_click_0_listener
DA:1,86
DA:2,91
DA:3,170
DA:7,182
DA:9,2
DA:11,182
DA:12,170
DA:14,86
LF:8
LH:8
BRF:0
BRH:0
end_of_record
TN:
SF:src/app/shared/language-toggle/language-toggle.component.ts
FN:24,switchLanguage
FN:18,template
FNF:2
FNH:2
FNDA:2,switchLanguage
FNDA:3,template
DA:18,177
DA:19,86
DA:21,86
DA:22,86
DA:25,2
LF:5
LH:5
BRDA:18,0,0,86
BRDA:18,0,1,86
BRDA:18,1,0,86
BRDA:18,1,1,91
BRDA:18,2,0,3
BRDA:18,2,1,3
BRDA:18,2,2,3
BRDA:18,3,0,3
BRDA:18,3,1,3
BRDA:18,3,2,3
BRF:10
BRH:10
end_of_record
TN:
SF:src/app/shared/list/list-page-store.ts
FN:38,createListPageStore
FN:45,(anonymous_1)
FN:50,clampPageIndex
FN:57,load
FN:62,(anonymous_4)
FN:67,(anonymous_5)
FN:75,onPage
FNF:7
FNH:7
FNDA:53,createListPageStore
FNDA:56,(anonymous_1)
FNDA:58,clampPageIndex
FNDA:64,load
FNDA:58,(anonymous_4)
FNDA:3,(anonymous_5)
FNDA:8,onPage
DA:5,2
DA:39,53
DA:40,53
DA:41,53
DA:42,53
DA:43,53
DA:45,53
DA:46,56
DA:47,56
DA:51,58
DA:52,58
DA:53,3
DA:58,64
DA:59,64
DA:61,64
DA:63,58
DA:64,58
DA:65,58
DA:68,3
DA:69,3
DA:70,3
DA:76,8
DA:77,8
DA:80,53
LF:24
LH:24
BRDA:52,0,0,3
BRDA:52,0,1,55
BRF:2
BRH:2
end_of_record
TN:
SF:src/app/shared/public-header/public-header.component.html
FNF:0
FNH:0
DA:1,40
DA:4,42
DA:6,40
DA:10,40
LF:4
LH:4
BRF:0
BRH:0
end_of_record
TN:
SF:src/app/shared/public-header/public-header.component.ts
FN:32,template
FNF:1
FNH:1
FNDA:3,template
DA:32,82
LF:1
LH:1
BRDA:32,0,0,40
BRDA:32,0,1,40
BRDA:32,1,0,40
BRDA:32,1,1,42
BRDA:32,2,0,3
BRDA:32,2,1,3
BRDA:32,2,2,3
BRDA:32,3,0,3
BRDA:32,3,1,3
BRDA:32,3,2,3
BRF:10
BRH:10
end_of_record
TN:
SF:src/app/shared/shell/shell.component.html
FN:8,ShellComponent_Conditional_1_Template_button_click_0_listener
FN:46,ShellComponent_Conditional_8_Template_button_click_0_listener
FN:51,ShellComponent_Conditional_9_Template_button_click_0_listener
FN:63,ShellComponent_Template_mat_sidenav_openedChange_11_listener
FN:72,ShellComponent_Template_a_click_14_listener
FN:76,ShellComponent_Template_a_click_17_listener
FN:79,ShellComponent_Template_a_click_20_listener
FN:86,ShellComponent_Template_a_click_23_listener
FN:90,ShellComponent_Template_a_click_26_listener
FN:97,ShellComponent_Template_a_click_29_listener
FN:105,ShellComponent_Template_a_click_32_listener
FN:113,ShellComponent_Template_a_click_35_listener
FN:118,ShellComponent_Template_a_click_40_listener
FN:133,ShellComponent_Template_button_click_47_listener
FNF:14
FNH:14
FNDA:11,ShellComponent_Conditional_1_Template_button_click_0_listener
FNDA:1,ShellComponent_Conditional_8_Template_button_click_0_listener
FNDA:2,ShellComponent_Conditional_9_Template_button_click_0_listener
FNDA:17,ShellComponent_Template_mat_sidenav_openedChange_11_listener
FNDA:3,ShellComponent_Template_a_click_14_listener
FNDA:1,ShellComponent_Template_a_click_17_listener
FNDA:1,ShellComponent_Template_a_click_20_listener
FNDA:1,ShellComponent_Template_a_click_23_listener
FNDA:1,ShellComponent_Template_a_click_26_listener
FNDA:1,ShellComponent_Template_a_click_29_listener
FNDA:1,ShellComponent_Template_a_click_32_listener
FNDA:1,ShellComponent_Template_a_click_35_listener
FNDA:1,ShellComponent_Template_a_click_40_listener
FNDA:1,ShellComponent_Template_button_click_47_listener
DA:1,43
DA:2,109
DA:3,13
DA:8,11
DA:10,13
DA:16,109
DA:17,82
DA:19,109
DA:20,2
DA:21,2
DA:22,2
DA:24,43
DA:32,109
DA:33,25
DA:39,109
DA:40,14
DA:45,27
DA:46,1
DA:48,14
DA:51,29
DA:52,82
DA:53,29
DA:55,43
DA:57,43
DA:61,109
DA:63,43
DA:65,43
DA:71,109
DA:72,43
DA:74,109
DA:75,43
DA:76,43
DA:77,109
DA:78,43
DA:79,43
DA:80,109
DA:81,43
DA:82,43
DA:86,43
DA:88,109
DA:89,43
DA:90,43
DA:91,109
DA:92,43
DA:93,43
DA:97,43
DA:99,109
DA:100,43
DA:101,43
DA:105,43
DA:107,109
DA:108,43
DA:109,43
DA:113,43
DA:115,43
DA:116,109
DA:117,43
DA:118,43
DA:119,43
DA:120,109
DA:121,43
DA:126,43
DA:132,43
DA:133,43
DA:134,43
DA:135,109
DA:136,43
DA:141,43
DA:143,43
DA:144,43
DA:150,43
LF:71
LH:71
BRDA:2,0,0,56
BRDA:2,0,1,53
BRDA:16,1,0,82
BRDA:16,1,1,27
BRDA:19,2,0,2
BRDA:19,2,1,107
BRDA:32,3,0,134
BRDA:32,3,1,137
BRDA:39,4,0,27
BRDA:39,4,1,82
BRDA:61,5,0,53
BRDA:61,5,1,56
BRF:12
BRH:12
end_of_record
TN:
SF:src/app/shared/shell/shell.component.ts
FN:79,constructor
FN:83,(anonymous_1)
FN:88,(anonymous_2)
FN:98,(anonymous_3)
FN:103,(anonymous_4)
FN:113,showWarning
FN:120,(anonymous_6)
FN:123,toggleSidenav
FN:124,(anonymous_8)
FN:128,onNavClick
FN:134,logout
FN:48,template
FNF:12
FNH:12
FNDA:43,constructor
FNDA:43,(anonymous_1)
FNDA:43,(anonymous_2)
FNDA:43,(anonymous_3)
FNDA:47,(anonymous_4)
FNDA:3,showWarning
FNDA:1,(anonymous_6)
FNDA:11,toggleSidenav
FNDA:11,(anonymous_8)
FNDA:11,onNavClick
FNDA:4,logout
FNDA:1,template
DA:48,152
DA:49,43
DA:50,43
DA:51,43
DA:54,43
DA:58,43
DA:62,43
DA:67,43
DA:69,43
DA:71,43
DA:72,43
DA:73,43
DA:74,43
DA:77,43
DA:80,43
DA:83,43
DA:85,43
DA:89,43
DA:92,43
DA:97,43
DA:98,43
DA:99,43
DA:100,43
DA:103,47
DA:114,3
DA:120,3
DA:124,11
DA:129,11
DA:130,10
DA:136,4
DA:137,4
LF:31
LH:31
BRDA:103,0,0,3
BRDA:103,0,1,44
BRDA:129,1,0,10
BRDA:129,1,1,1
BRDA:48,2,0,43
BRDA:48,2,1,43
BRDA:48,3,0,43
BRDA:48,3,1,109
BRDA:48,4,0,1
BRDA:48,4,1,1
BRDA:48,4,2,1
BRDA:48,5,0,1
BRDA:48,5,1,1
BRDA:48,5,2,1
BRF:14
BRH:14
end_of_record
TN:
SF:src/app/shared/theme-toggle/theme-toggle.component.html
FN:7,ThemeToggleComponent_Template_button_click_0_listener
FNF:1
FNH:1
FNDA:1,ThemeToggleComponent_Template_button_click_0_listener
DA:1,86
DA:6,87
DA:7,86
DA:9,87
LF:4
LH:4
BRF:0
BRH:0
end_of_record
TN:
SF:src/app/shared/theme-toggle/theme-toggle.component.ts
FN:22,(anonymous_0)
FN:26,(anonymous_1)
FN:27,(anonymous_2)
FN:31,toggle
FN:19,template
FNF:5
FNH:5
FNDA:87,(anonymous_0)
FNDA:87,(anonymous_1)
FNDA:87,(anonymous_2)
FNDA:1,toggle
FNDA:3,template
DA:19,173
DA:20,86
DA:22,87
DA:26,87
DA:27,86
DA:28,87
DA:32,1
LF:7
LH:7
BRDA:26,0,0,3
BRDA:26,0,1,84
BRDA:28,1,0,3
BRDA:28,1,1,84
BRDA:19,2,0,86
BRDA:19,2,1,86
BRDA:19,3,0,86
BRDA:19,3,1,87
BRDA:19,4,0,3
BRDA:19,4,1,3
BRDA:19,4,2,3
BRDA:19,5,0,3
BRDA:19,5,1,3
BRDA:19,5,2,3
BRF:14
BRH:14
end_of_record
TN:
SF:src/app/shared/typeahead/typeahead.component.html
FN:23,TypeaheadComponent_Conditional_5_Template_button_click_0_listener
FN:12,TypeaheadComponent_Template_input_input_4_listener
FN:12,TypeaheadComponent_Template_input_focusin_4_listener
FN:29,TypeaheadComponent_Template_mat_autocomplete_optionSelected_6_listener
FNF:4
FNH:4
FNDA:2,TypeaheadComponent_Conditional_5_Template_button_click_0_listener
FNDA:38,TypeaheadComponent_Template_input_input_4_listener
FNDA:54,TypeaheadComponent_Template_input_focusin_4_listener
FNDA:9,TypeaheadComponent_Template_mat_autocomplete_optionSelected_6_listener
DA:1,531
DA:2,725
DA:4,531
DA:9,725
DA:12,531
DA:16,725
DA:17,31
DA:23,2
DA:25,31
DA:29,531
DA:30,725
DA:31,76
DA:35,725
DA:36,29
DA:37,80
DA:38,29
DA:40,531
DA:43,725
DA:44,4
LF:19
LH:19
BRDA:16,0,0,864
BRDA:16,0,1,725
BRDA:35,1,0,80
BRDA:35,1,1,645
BRDA:43,2,0,5
BRDA:43,2,1,720
BRF:6
BRH:6
end_of_record
TN:
SF:src/app/shared/typeahead/typeahead.component.ts
FN:88,(anonymous_0)
FN:92,(anonymous_1)
FN:96,constructor
FN:103,(anonymous_3)
FN:118,(anonymous_4)
FN:123,(anonymous_5)
FN:126,(anonymous_6)
FN:131,(anonymous_7)
FN:153,onFocus
FN:159,onInput
FN:169,onSelected
FN:177,clear
FN:185,reset
FN:61,template
FNF:14
FNH:14
FNDA:615,(anonymous_0)
FNDA:581,(anonymous_1)
FNDA:531,constructor
FNDA:37,(anonymous_3)
FNDA:33,(anonymous_4)
FNDA:3,(anonymous_5)
FNDA:33,(anonymous_6)
FNDA:36,(anonymous_7)
FNDA:54,onFocus
FNDA:38,onInput
FNDA:9,onSelected
FNDA:11,clear
FNDA:9,reset
FNDA:3,template
DA:29,3
DA:32,3
DA:61,1256
DA:63,531
DA:66,531
DA:69,531
DA:71,531
DA:74,531
DA:76,531
DA:77,531
DA:78,531
DA:81,531
DA:87,531
DA:88,615
DA:92,581
DA:94,531
DA:97,531
DA:106,37
DA:107,4
DA:108,4
DA:110,33
DA:118,33
DA:123,3
DA:126,33
DA:132,36
DA:133,36
DA:154,54
DA:155,36
DA:160,38
DA:162,38
DA:163,0
DA:164,0
DA:166,38
DA:170,9
DA:171,9
DA:172,9
DA:173,9
DA:178,11
DA:179,11
DA:180,11
DA:181,11
DA:186,9
LF:42
LH:40
BRDA:88,0,0,615
BRDA:88,0,1,611
BRDA:88,0,2,602
BRDA:88,0,3,57
BRDA:92,1,0,581
BRDA:92,1,1,572
BRDA:106,2,0,4
BRDA:106,2,1,33
BRDA:106,3,0,37
BRDA:106,3,1,33
BRDA:154,4,0,36
BRDA:154,4,1,18
BRDA:154,5,0,54
BRDA:154,5,1,44
BRDA:162,6,0,0
BRDA:162,6,1,38
BRDA:61,7,0,531
BRDA:61,7,1,531
BRDA:61,8,0,531
BRDA:61,8,1,725
BRDA:61,9,0,3
BRDA:61,9,1,3
BRDA:61,9,2,3
BRDA:61,10,0,3
BRDA:61,10,1,3
BRDA:61,10,2,3
BRF:26
BRH:25
end_of_record
TN:
SF:src/app/testing/breakpoint-testing.ts
FN:22,constructor
FN:29,observe
FN:33,isMatched
FN:38,setMatches
FN:42,subjectFor
FNF:5
FNH:5
FNDA:72,constructor
FNDA:126,observe
FNDA:126,isMatched
FNDA:1,setMatches
FNDA:253,subjectFor
DA:9,2
DA:20,72
DA:23,72
DA:24,72
DA:25,31
DA:30,126
DA:34,126
DA:39,1
DA:43,253
LF:9
LH:9
BRDA:22,0,0,72
BRDA:22,1,0,72
BRDA:43,2,0,253
BRDA:43,2,1,252
BRDA:43,2,2,191
BRF:5
BRH:5
end_of_record
TN:
SF:src/app/testing/chart-testing.ts
FN:22,provideFakeChartEngine
FN:23,(anonymous_1)
FN:24,(anonymous_2)
FN:25,(anonymous_3)
FN:26,(anonymous_4)
FNF:5
FNH:5
FNDA:175,provideFakeChartEngine
FNDA:352,(anonymous_1)
FNDA:770,(anonymous_2)
FNDA:1,(anonymous_3)
FNDA:352,(anonymous_4)
DA:23,352
DA:24,770
DA:25,1
DA:26,352
DA:29,175
LF:5
LH:5
BRF:0
BRH:0
end_of_record
TN:
SF:src/app/testing/i18n-testing.ts
FN:11,provideTestTranslations
FN:13,(anonymous_1)
FN:14,(anonymous_2)
FNF:3
FNH:3
FNDA:675,provideTestTranslations
FNDA:675,(anonymous_1)
FNDA:727,(anonymous_2)
DA:12,675
DA:13,675
DA:14,727
LF:3
LH:3
BRDA:14,0,0,727
BRDA:14,0,1,8
BRF:2
BRH:2
end_of_record
TN:
SF:src/environments/environment.development.ts
FNF:0
FNH:0
DA:1,3
LF:1
LH:1
BRF:0
BRH:0
end_of_record
